mode: set
golang.a2z.com/CredentialsFetcherV2/internal/auth/decode/utf16_decoder.go:14.53,18.26 2 1
golang.a2z.com/CredentialsFetcherV2/internal/auth/decode/utf16_decoder.go:18.26,20.3 1 1
golang.a2z.com/CredentialsFetcherV2/internal/auth/decode/utf16_decoder.go:23.2,23.28 1 1
golang.a2z.com/CredentialsFetcherV2/internal/auth/decode/utf16_decoder.go:23.28,27.3 2 1
golang.a2z.com/CredentialsFetcherV2/internal/auth/decode/utf16_decoder.go:30.2,31.39 2 1
golang.a2z.com/CredentialsFetcherV2/internal/auth/decode/utf16_decoder.go:31.39,34.3 1 1
golang.a2z.com/CredentialsFetcherV2/internal/auth/decode/utf16_decoder.go:38.2,47.20 4 1
golang.a2z.com/CredentialsFetcherV2/internal/auth/kerberos/krb_client.go:34.56,36.3 1 0
golang.a2z.com/CredentialsFetcherV2/internal/auth/kerberos/krb_client.go:43.26,47.2 1 0
golang.a2z.com/CredentialsFetcherV2/internal/auth/kerberos/krb_client.go:50.83,57.16 4 0
golang.a2z.com/CredentialsFetcherV2/internal/auth/kerberos/krb_client.go:57.16,63.3 2 0
golang.a2z.com/CredentialsFetcherV2/internal/auth/kerberos/krb_client.go:64.2,68.16 3 0
golang.a2z.com/CredentialsFetcherV2/internal/auth/kerberos/krb_client.go:68.16,71.3 2 0
golang.a2z.com/CredentialsFetcherV2/internal/auth/kerberos/krb_client.go:73.2,78.32 2 0
golang.a2z.com/CredentialsFetcherV2/internal/auth/kerberos/krb_client.go:82.108,84.16 2 0
golang.a2z.com/CredentialsFetcherV2/internal/auth/kerberos/krb_client.go:84.16,87.3 2 0
golang.a2z.com/CredentialsFetcherV2/internal/auth/kerberos/krb_client.go:89.2,89.30 1 0
golang.a2z.com/CredentialsFetcherV2/internal/auth/kerberos/krb_client.go:89.30,92.3 2 0
golang.a2z.com/CredentialsFetcherV2/internal/auth/kerberos/krb_client.go:94.2,97.44 3 0
golang.a2z.com/CredentialsFetcherV2/internal/auth/kerberos/krb_client.go:97.44,99.17 2 0
golang.a2z.com/CredentialsFetcherV2/internal/auth/kerberos/krb_client.go:99.17,104.12 2 0
golang.a2z.com/CredentialsFetcherV2/internal/auth/kerberos/krb_client.go:107.3,108.58 2 0
golang.a2z.com/CredentialsFetcherV2/internal/auth/kerberos/krb_client.go:111.2,111.23 1 0
golang.a2z.com/CredentialsFetcherV2/internal/auth/kerberos/krb_client.go:111.23,114.3 2 0
golang.a2z.com/CredentialsFetcherV2/internal/auth/kerberos/krb_client.go:116.2,116.39 1 0
golang.a2z.com/CredentialsFetcherV2/internal/auth/kerberos/krb_client.go:120.109,122.16 2 0
golang.a2z.com/CredentialsFetcherV2/internal/auth/kerberos/krb_client.go:122.16,125.3 2 0
golang.a2z.com/CredentialsFetcherV2/internal/auth/kerberos/krb_client.go:127.2,130.45 3 0
golang.a2z.com/CredentialsFetcherV2/internal/auth/kerberos/krb_client.go:130.45,132.17 2 0
golang.a2z.com/CredentialsFetcherV2/internal/auth/kerberos/krb_client.go:132.17,134.12 2 0
golang.a2z.com/CredentialsFetcherV2/internal/auth/kerberos/krb_client.go:137.3,138.58 2 0
golang.a2z.com/CredentialsFetcherV2/internal/auth/kerberos/krb_client.go:141.2,141.26 1 0
golang.a2z.com/CredentialsFetcherV2/internal/auth/kerberos/krb_client.go:141.26,144.3 2 0
golang.a2z.com/CredentialsFetcherV2/internal/auth/kerberos/krb_client.go:146.2,146.40 1 0
golang.a2z.com/CredentialsFetcherV2/internal/auth/kerberos/krb_client.go:150.93,169.16 5 0
golang.a2z.com/CredentialsFetcherV2/internal/auth/kerberos/krb_client.go:169.16,175.3 2 0
golang.a2z.com/CredentialsFetcherV2/internal/auth/kerberos/krb_client.go:177.2,178.12 2 0
golang.a2z.com/CredentialsFetcherV2/internal/auth/kerberos/krb_client.go:182.74,192.61 3 0
golang.a2z.com/CredentialsFetcherV2/internal/auth/kerberos/krb_client.go:192.61,194.3 1 0
golang.a2z.com/CredentialsFetcherV2/internal/auth/kerberos/krb_client.go:197.2,198.16 2 0
golang.a2z.com/CredentialsFetcherV2/internal/auth/kerberos/krb_client.go:198.16,200.3 1 0
golang.a2z.com/CredentialsFetcherV2/internal/auth/kerberos/krb_client.go:203.2,203.85 1 0
golang.a2z.com/CredentialsFetcherV2/internal/auth/kerberos/krb_client.go:203.85,206.3 1 0
golang.a2z.com/CredentialsFetcherV2/internal/auth/kerberos/krb_client.go:209.2,210.16 2 0
golang.a2z.com/CredentialsFetcherV2/internal/auth/kerberos/krb_client.go:210.16,212.3 1 0
golang.a2z.com/CredentialsFetcherV2/internal/auth/kerberos/krb_client.go:215.2,215.58 1 0
golang.a2z.com/CredentialsFetcherV2/internal/auth/kerberos/krb_client.go:219.77,220.33 1 0
golang.a2z.com/CredentialsFetcherV2/internal/auth/kerberos/krb_client.go:220.33,222.3 1 0
golang.a2z.com/CredentialsFetcherV2/internal/auth/kerberos/krb_client.go:224.2,224.41 1 0
golang.a2z.com/CredentialsFetcherV2/internal/auth/kerberos/krb_client.go:224.41,226.3 1 0
golang.a2z.com/CredentialsFetcherV2/internal/auth/kerberos/krb_client.go:228.2,228.12 1 0
golang.a2z.com/CredentialsFetcherV2/internal/auth/kerberos/krb_client.go:232.100,234.16 2 0
golang.a2z.com/CredentialsFetcherV2/internal/auth/kerberos/krb_client.go:234.16,236.3 1 0
golang.a2z.com/CredentialsFetcherV2/internal/auth/kerberos/krb_client.go:238.2,239.16 2 0
golang.a2z.com/CredentialsFetcherV2/internal/auth/kerberos/krb_client.go:239.16,241.3 1 0
golang.a2z.com/CredentialsFetcherV2/internal/auth/kerberos/krb_client.go:244.2,244.73 1 0
golang.a2z.com/CredentialsFetcherV2/internal/auth/kerberos/krb_client.go:244.73,246.3 1 0
golang.a2z.com/CredentialsFetcherV2/internal/auth/kerberos/krb_client.go:248.2,248.30 1 0
golang.a2z.com/CredentialsFetcherV2/internal/auth/kerberos/krb_client.go:252.133,253.40 1 0
golang.a2z.com/CredentialsFetcherV2/internal/auth/kerberos/krb_client.go:253.40,255.3 1 0
golang.a2z.com/CredentialsFetcherV2/internal/auth/kerberos/krb_client.go:257.2,260.32 2 0
golang.a2z.com/CredentialsFetcherV2/internal/auth/kerberos/krb_client.go:260.32,262.17 2 0
golang.a2z.com/CredentialsFetcherV2/internal/auth/kerberos/krb_client.go:262.17,267.12 2 0
golang.a2z.com/CredentialsFetcherV2/internal/auth/kerberos/krb_client.go:270.3,274.13 3 0
golang.a2z.com/CredentialsFetcherV2/internal/auth/kerberos/krb_client.go:277.2,277.110 1 0
golang.a2z.com/CredentialsFetcherV2/internal/auth/kerberos/krb_client.go:281.121,285.32 2 0
golang.a2z.com/CredentialsFetcherV2/internal/auth/kerberos/krb_client.go:285.32,287.17 2 0
golang.a2z.com/CredentialsFetcherV2/internal/auth/kerberos/krb_client.go:287.17,293.12 2 0
golang.a2z.com/CredentialsFetcherV2/internal/auth/kerberos/krb_client.go:296.3,300.23 2 0
golang.a2z.com/CredentialsFetcherV2/internal/auth/kerberos/krb_client.go:303.2,303.110 1 0
golang.a2z.com/CredentialsFetcherV2/internal/auth/kerberos/krb_client.go:307.113,323.16 4 0
golang.a2z.com/CredentialsFetcherV2/internal/auth/kerberos/krb_client.go:323.16,329.3 2 0
golang.a2z.com/CredentialsFetcherV2/internal/auth/kerberos/krb_client.go:331.2,335.12 2 0
golang.a2z.com/CredentialsFetcherV2/internal/auth/kerberos/krb_client.go:339.123,357.16 4 0
golang.a2z.com/CredentialsFetcherV2/internal/auth/kerberos/krb_client.go:357.16,363.3 2 0
golang.a2z.com/CredentialsFetcherV2/internal/auth/kerberos/krb_client.go:365.2,369.12 2 0
golang.a2z.com/CredentialsFetcherV2/internal/auth/kerberos/mock_ldap_client.go:14.107,17.2 2 0
golang.a2z.com/CredentialsFetcherV2/internal/auth/kerberos/mock_ldap_client.go:19.121,22.2 2 0
golang.a2z.com/CredentialsFetcherV2/internal/auth/ldap/ldap_client.go:25.26,28.2 2 0
golang.a2z.com/CredentialsFetcherV2/internal/auth/ldap/ldap_client.go:38.64,42.2 1 0
golang.a2z.com/CredentialsFetcherV2/internal/auth/ldap/ldap_client.go:45.145,68.2 8 0
golang.a2z.com/CredentialsFetcherV2/internal/auth/ldap/ldap_client.go:71.158,79.16 5 0
golang.a2z.com/CredentialsFetcherV2/internal/auth/ldap/ldap_client.go:79.16,87.3 2 0
golang.a2z.com/CredentialsFetcherV2/internal/auth/ldap/ldap_client.go:88.2,90.20 2 0
golang.a2z.com/CredentialsFetcherV2/internal/auth/ldap/ldap_client.go:94.120,100.21 2 0
golang.a2z.com/CredentialsFetcherV2/internal/auth/ldap/ldap_client.go:100.21,102.3 1 0
golang.a2z.com/CredentialsFetcherV2/internal/auth/ldap/ldap_client.go:105.2,109.16 3 0
golang.a2z.com/CredentialsFetcherV2/internal/auth/ldap/ldap_client.go:109.16,112.3 2 0
golang.a2z.com/CredentialsFetcherV2/internal/auth/ldap/ldap_client.go:114.2,115.16 2 0
golang.a2z.com/CredentialsFetcherV2/internal/auth/ldap/ldap_client.go:115.16,120.3 2 0
golang.a2z.com/CredentialsFetcherV2/internal/auth/ldap/ldap_client.go:122.2,126.22 2 0
golang.a2z.com/CredentialsFetcherV2/internal/auth/ldap/ldap_client.go:130.60,135.22 2 0
golang.a2z.com/CredentialsFetcherV2/internal/auth/ldap/ldap_client.go:135.22,137.3 1 0
golang.a2z.com/CredentialsFetcherV2/internal/auth/ldap/ldap_client.go:140.2,152.29 6 0
golang.a2z.com/CredentialsFetcherV2/internal/auth/ldap/ldap_client.go:152.29,154.16 2 0
golang.a2z.com/CredentialsFetcherV2/internal/auth/ldap/ldap_client.go:154.16,159.23 2 0
golang.a2z.com/CredentialsFetcherV2/internal/auth/ldap/ldap_client.go:159.23,162.10 3 0
golang.a2z.com/CredentialsFetcherV2/internal/auth/ldap/ldap_client.go:167.2,167.20 1 0
golang.a2z.com/CredentialsFetcherV2/internal/auth/ldap/ldap_client.go:167.20,171.112 2 0
golang.a2z.com/CredentialsFetcherV2/internal/auth/ldap/ldap_client.go:171.112,173.4 1 0
golang.a2z.com/CredentialsFetcherV2/internal/auth/ldap/ldap_client.go:175.3,175.69 1 0
golang.a2z.com/CredentialsFetcherV2/internal/auth/ldap/ldap_client.go:179.2,180.16 2 0
golang.a2z.com/CredentialsFetcherV2/internal/auth/ldap/ldap_client.go:180.16,183.3 2 0
golang.a2z.com/CredentialsFetcherV2/internal/auth/ldap/ldap_client.go:185.2,185.27 1 0
golang.a2z.com/CredentialsFetcherV2/internal/auth/ldap/ldap_client.go:185.27,188.3 2 0
golang.a2z.com/CredentialsFetcherV2/internal/auth/ldap/ldap_client.go:191.2,191.65 1 0
golang.a2z.com/CredentialsFetcherV2/internal/auth/ldap/ldap_client.go:191.65,196.65 2 0
golang.a2z.com/CredentialsFetcherV2/internal/auth/ldap/ldap_client.go:196.65,198.4 1 0
golang.a2z.com/CredentialsFetcherV2/internal/auth/ldap/ldap_client.go:200.3,200.82 1 0
golang.a2z.com/CredentialsFetcherV2/internal/auth/ldap/ldap_client.go:204.2,206.72 3 0
golang.a2z.com/CredentialsFetcherV2/internal/auth/ldap/ldap_client.go:206.72,209.3 2 0
golang.a2z.com/CredentialsFetcherV2/internal/auth/ldap/ldap_client.go:212.2,212.44 1 0
golang.a2z.com/CredentialsFetcherV2/internal/auth/ldap/ldap_client.go:212.44,218.65 2 0
golang.a2z.com/CredentialsFetcherV2/internal/auth/ldap/ldap_client.go:218.65,220.4 1 0
golang.a2z.com/CredentialsFetcherV2/internal/auth/ldap/ldap_client.go:222.3,222.114 1 0
golang.a2z.com/CredentialsFetcherV2/internal/auth/ldap/ldap_client.go:226.2,226.92 1 0
golang.a2z.com/CredentialsFetcherV2/internal/auth/ldap/ldap_client.go:226.92,232.65 2 0
golang.a2z.com/CredentialsFetcherV2/internal/auth/ldap/ldap_client.go:232.65,234.4 1 0
golang.a2z.com/CredentialsFetcherV2/internal/auth/ldap/ldap_client.go:236.3,236.92 1 0
golang.a2z.com/CredentialsFetcherV2/internal/auth/ldap/ldap_client.go:240.2,242.34 3 0
golang.a2z.com/CredentialsFetcherV2/internal/auth/ldap/ldap_client.go:242.34,244.3 1 0
golang.a2z.com/CredentialsFetcherV2/internal/auth/ldap/ldap_client.go:246.2,250.16 3 0
golang.a2z.com/CredentialsFetcherV2/internal/auth/ldap/ldap_client.go:250.16,253.3 2 0
golang.a2z.com/CredentialsFetcherV2/internal/auth/ldap/ldap_client.go:255.2,255.16 1 0
golang.a2z.com/CredentialsFetcherV2/internal/auth/ldap/ldap_client.go:255.16,258.3 2 0
golang.a2z.com/CredentialsFetcherV2/internal/auth/ldap/ldap_client.go:260.2,266.26 2 0
golang.a2z.com/CredentialsFetcherV2/internal/auth/ldap/ldap_client.go:271.100,285.36 5 0
golang.a2z.com/CredentialsFetcherV2/internal/auth/ldap/ldap_client.go:285.36,292.3 2 0
golang.a2z.com/CredentialsFetcherV2/internal/auth/ldap/ldap_client.go:295.2,296.29 2 0
golang.a2z.com/CredentialsFetcherV2/internal/auth/ldap/ldap_client.go:296.29,301.3 2 0
golang.a2z.com/CredentialsFetcherV2/internal/auth/ldap/ldap_client.go:303.2,307.31 2 0
golang.a2z.com/CredentialsFetcherV2/internal/auth/ldap/ldap_client.go:311.53,315.20 3 0
golang.a2z.com/CredentialsFetcherV2/internal/auth/ldap/ldap_client.go:315.20,317.3 1 0
golang.a2z.com/CredentialsFetcherV2/internal/auth/ldap/ldap_client.go:320.2,323.18 3 0
golang.a2z.com/CredentialsFetcherV2/internal/auth/ldap/ldap_client.go:323.18,325.3 1 0
golang.a2z.com/CredentialsFetcherV2/internal/auth/ldap/ldap_client.go:328.2,328.62 1 0
golang.a2z.com/CredentialsFetcherV2/internal/auth/ldap/ldap_client_wrapper.go:13.48,17.2 1 0
golang.a2z.com/CredentialsFetcherV2/internal/auth/ldap/ldap_client_wrapper.go:20.110,22.2 1 0
golang.a2z.com/CredentialsFetcherV2/internal/auth/ldap/ldap_client_wrapper.go:25.124,27.21 2 0
golang.a2z.com/CredentialsFetcherV2/internal/auth/ldap/ldap_client_wrapper.go:27.21,28.49 1 0
golang.a2z.com/CredentialsFetcherV2/internal/auth/ldap/ldap_client_wrapper.go:28.49,30.4 1 0
golang.a2z.com/CredentialsFetcherV2/internal/auth/ldap/ldap_client_wrapper.go:32.2,32.65 1 0
golang.a2z.com/CredentialsFetcherV2/internal/grpc/server.go:48.118,65.2 4 0
golang.a2z.com/CredentialsFetcherV2/internal/grpc/server.go:68.151,75.2 2 0
golang.a2z.com/CredentialsFetcherV2/internal/grpc/server.go:78.196,82.2 3 0
golang.a2z.com/CredentialsFetcherV2/internal/grpc/server.go:85.196,90.2 2 0
golang.a2z.com/CredentialsFetcherV2/internal/grpc/server.go:93.154,99.2 2 0
golang.a2z.com/CredentialsFetcherV2/internal/grpc/server.go:102.130,104.2 1 0
golang.a2z.com/CredentialsFetcherV2/internal/grpc/server.go:107.154,113.2 2 0
golang.a2z.com/CredentialsFetcherV2/internal/grpc/server.go:116.160,121.2 2 0
golang.a2z.com/CredentialsFetcherV2/internal/grpc/server.go:124.74,129.47 2 0
golang.a2z.com/CredentialsFetcherV2/internal/grpc/server.go:129.47,130.47 1 0
golang.a2z.com/CredentialsFetcherV2/internal/grpc/server.go:130.47,132.4 1 0
golang.a2z.com/CredentialsFetcherV2/internal/grpc/server.go:135.2,136.16 2 0
golang.a2z.com/CredentialsFetcherV2/internal/grpc/server.go:136.16,138.3 1 0
golang.a2z.com/CredentialsFetcherV2/internal/grpc/server.go:140.2,144.12 3 0
golang.a2z.com/CredentialsFetcherV2/internal/grpc/server.go:144.12,146.47 2 0
golang.a2z.com/CredentialsFetcherV2/internal/grpc/server.go:146.47,148.4 1 0
golang.a2z.com/CredentialsFetcherV2/internal/grpc/server.go:152.2,157.12 3 0
golang.a2z.com/CredentialsFetcherV2/internal/grpc/server.go:161.47,163.2 1 0
golang.a2z.com/CredentialsFetcherV2/internal/grpc/api/AddNonDomainJoinedKerberosLease.go:33.196,41.2 1 0
golang.a2z.com/CredentialsFetcherV2/internal/grpc/api/AddNonDomainJoinedKerberosLease.go:44.202,48.47 2 0
golang.a2z.com/CredentialsFetcherV2/internal/grpc/api/AddNonDomainJoinedKerberosLease.go:48.47,50.3 1 0
golang.a2z.com/CredentialsFetcherV2/internal/grpc/api/AddNonDomainJoinedKerberosLease.go:53.2,54.16 2 0
golang.a2z.com/CredentialsFetcherV2/internal/grpc/api/AddNonDomainJoinedKerberosLease.go:54.16,57.3 2 0
golang.a2z.com/CredentialsFetcherV2/internal/grpc/api/AddNonDomainJoinedKerberosLease.go:60.2,61.16 2 0
golang.a2z.com/CredentialsFetcherV2/internal/grpc/api/AddNonDomainJoinedKerberosLease.go:61.16,63.3 1 0
golang.a2z.com/CredentialsFetcherV2/internal/grpc/api/AddNonDomainJoinedKerberosLease.go:66.2,67.16 2 0
golang.a2z.com/CredentialsFetcherV2/internal/grpc/api/AddNonDomainJoinedKerberosLease.go:67.16,69.3 1 0
golang.a2z.com/CredentialsFetcherV2/internal/grpc/api/AddNonDomainJoinedKerberosLease.go:72.2,72.97 1 0
golang.a2z.com/CredentialsFetcherV2/internal/grpc/api/AddNonDomainJoinedKerberosLease.go:72.97,75.51 2 0
golang.a2z.com/CredentialsFetcherV2/internal/grpc/api/AddNonDomainJoinedKerberosLease.go:75.51,76.74 1 0
golang.a2z.com/CredentialsFetcherV2/internal/grpc/api/AddNonDomainJoinedKerberosLease.go:76.74,78.5 1 0
golang.a2z.com/CredentialsFetcherV2/internal/grpc/api/AddNonDomainJoinedKerberosLease.go:80.3,80.67 1 0
golang.a2z.com/CredentialsFetcherV2/internal/grpc/api/AddNonDomainJoinedKerberosLease.go:84.2,87.8 1 0
golang.a2z.com/CredentialsFetcherV2/internal/grpc/api/AddNonDomainJoinedKerberosLease.go:91.115,93.66 1 0
golang.a2z.com/CredentialsFetcherV2/internal/grpc/api/AddNonDomainJoinedKerberosLease.go:93.66,96.3 2 0
golang.a2z.com/CredentialsFetcherV2/internal/grpc/api/AddNonDomainJoinedKerberosLease.go:99.2,99.100 1 0
golang.a2z.com/CredentialsFetcherV2/internal/grpc/api/AddNonDomainJoinedKerberosLease.go:99.100,102.3 2 0
golang.a2z.com/CredentialsFetcherV2/internal/grpc/api/AddNonDomainJoinedKerberosLease.go:105.2,105.69 1 0
golang.a2z.com/CredentialsFetcherV2/internal/grpc/api/AddNonDomainJoinedKerberosLease.go:105.69,108.3 2 0
golang.a2z.com/CredentialsFetcherV2/internal/grpc/api/AddNonDomainJoinedKerberosLease.go:111.2,111.62 1 0
golang.a2z.com/CredentialsFetcherV2/internal/grpc/api/AddNonDomainJoinedKerberosLease.go:111.62,114.3 2 0
golang.a2z.com/CredentialsFetcherV2/internal/grpc/api/AddNonDomainJoinedKerberosLease.go:116.2,116.36 1 0
golang.a2z.com/CredentialsFetcherV2/internal/grpc/api/AddNonDomainJoinedKerberosLease.go:116.36,119.3 2 0
golang.a2z.com/CredentialsFetcherV2/internal/grpc/api/AddNonDomainJoinedKerberosLease.go:121.2,121.12 1 0
golang.a2z.com/CredentialsFetcherV2/internal/grpc/api/AddNonDomainJoinedKerberosLease.go:125.161,129.55 3 0
golang.a2z.com/CredentialsFetcherV2/internal/grpc/api/AddNonDomainJoinedKerberosLease.go:129.55,132.17 2 0
golang.a2z.com/CredentialsFetcherV2/internal/grpc/api/AddNonDomainJoinedKerberosLease.go:132.17,135.4 2 0
golang.a2z.com/CredentialsFetcherV2/internal/grpc/api/AddNonDomainJoinedKerberosLease.go:138.3,150.56 3 0
golang.a2z.com/CredentialsFetcherV2/internal/grpc/api/AddNonDomainJoinedKerberosLease.go:150.56,153.4 2 0
golang.a2z.com/CredentialsFetcherV2/internal/grpc/api/AddNonDomainJoinedKerberosLease.go:153.9,155.4 1 0
golang.a2z.com/CredentialsFetcherV2/internal/grpc/api/AddNonDomainJoinedKerberosLease.go:158.2,158.28 1 0
golang.a2z.com/CredentialsFetcherV2/internal/grpc/api/AddNonDomainJoinedKerberosLease.go:162.190,167.16 3 0
golang.a2z.com/CredentialsFetcherV2/internal/grpc/api/AddNonDomainJoinedKerberosLease.go:167.16,170.3 2 0
golang.a2z.com/CredentialsFetcherV2/internal/grpc/api/AddNonDomainJoinedKerberosLease.go:172.2,172.44 1 0
golang.a2z.com/CredentialsFetcherV2/internal/grpc/api/AddNonDomainJoinedKerberosLease.go:172.44,174.17 2 0
golang.a2z.com/CredentialsFetcherV2/internal/grpc/api/AddNonDomainJoinedKerberosLease.go:174.17,176.45 1 0
golang.a2z.com/CredentialsFetcherV2/internal/grpc/api/AddNonDomainJoinedKerberosLease.go:176.45,178.5 1 0
golang.a2z.com/CredentialsFetcherV2/internal/grpc/api/AddNonDomainJoinedKerberosLease.go:179.4,179.19 1 0
golang.a2z.com/CredentialsFetcherV2/internal/grpc/api/AddNonDomainJoinedKerberosLease.go:183.3,184.17 2 0
golang.a2z.com/CredentialsFetcherV2/internal/grpc/api/AddNonDomainJoinedKerberosLease.go:184.17,187.45 2 0
golang.a2z.com/CredentialsFetcherV2/internal/grpc/api/AddNonDomainJoinedKerberosLease.go:187.45,189.5 1 0
golang.a2z.com/CredentialsFetcherV2/internal/grpc/api/AddNonDomainJoinedKerberosLease.go:190.4,190.19 1 0
golang.a2z.com/CredentialsFetcherV2/internal/grpc/api/AddNonDomainJoinedKerberosLease.go:194.3,199.17 4 0
golang.a2z.com/CredentialsFetcherV2/internal/grpc/api/AddNonDomainJoinedKerberosLease.go:199.17,203.45 3 0
golang.a2z.com/CredentialsFetcherV2/internal/grpc/api/AddNonDomainJoinedKerberosLease.go:203.45,205.5 1 0
golang.a2z.com/CredentialsFetcherV2/internal/grpc/api/AddNonDomainJoinedKerberosLease.go:206.4,206.88 1 0
golang.a2z.com/CredentialsFetcherV2/internal/grpc/api/AddNonDomainJoinedKerberosLease.go:210.3,210.65 1 0
golang.a2z.com/CredentialsFetcherV2/internal/grpc/api/AddNonDomainJoinedKerberosLease.go:213.2,213.33 1 0
golang.a2z.com/CredentialsFetcherV2/internal/grpc/api/AddNonDomainJoinedKerberosLease.go:217.115,221.56 2 0
golang.a2z.com/CredentialsFetcherV2/internal/grpc/api/AddNonDomainJoinedKerberosLease.go:221.56,223.56 2 0
golang.a2z.com/CredentialsFetcherV2/internal/grpc/api/AddNonDomainJoinedKerberosLease.go:223.56,226.4 2 0
golang.a2z.com/CredentialsFetcherV2/internal/grpc/api/AddNonDomainJoinedKerberosLease.go:227.8,229.3 1 0
golang.a2z.com/CredentialsFetcherV2/internal/grpc/api/AddNonDomainJoinedKerberosLease.go:232.2,235.57 2 0
golang.a2z.com/CredentialsFetcherV2/internal/grpc/api/AddNonDomainJoinedKerberosLease.go:235.57,237.17 2 0
golang.a2z.com/CredentialsFetcherV2/internal/grpc/api/AddNonDomainJoinedKerberosLease.go:237.17,240.4 2 0
golang.a2z.com/CredentialsFetcherV2/internal/grpc/api/AddNonDomainJoinedKerberosLease.go:241.3,244.40 2 0
golang.a2z.com/CredentialsFetcherV2/internal/grpc/api/AddNonDomainJoinedKerberosLease.go:247.2,247.26 1 0
golang.a2z.com/CredentialsFetcherV2/internal/grpc/api/AddNonDomainJoinedKerberosLease.go:251.109,254.16 2 0
golang.a2z.com/CredentialsFetcherV2/internal/grpc/api/AddNonDomainJoinedKerberosLease.go:254.16,257.3 2 0
golang.a2z.com/CredentialsFetcherV2/internal/grpc/api/AddNonDomainJoinedKerberosLease.go:259.2,259.29 1 0
golang.a2z.com/CredentialsFetcherV2/internal/grpc/api/AddNonDomainJoinedKerberosLease.go:259.29,262.17 2 0
golang.a2z.com/CredentialsFetcherV2/internal/grpc/api/AddNonDomainJoinedKerberosLease.go:262.17,265.4 2 0
golang.a2z.com/CredentialsFetcherV2/internal/grpc/api/AddNonDomainJoinedKerberosLease.go:267.3,267.21 1 0
golang.a2z.com/CredentialsFetcherV2/internal/grpc/api/AddNonDomainJoinedKerberosLease.go:267.21,270.4 2 0
golang.a2z.com/CredentialsFetcherV2/internal/grpc/api/AddNonDomainJoinedKerberosLease.go:270.9,272.4 1 0
golang.a2z.com/CredentialsFetcherV2/internal/grpc/api/AddNonDomainJoinedKerberosLease.go:275.2,275.31 1 0
golang.a2z.com/CredentialsFetcherV2/internal/grpc/api/AddNonDomainJoinedKerberosLease.go:279.53,281.70 2 0
golang.a2z.com/CredentialsFetcherV2/internal/grpc/api/AddNonDomainJoinedKerberosLease.go:281.70,284.3 2 0
golang.a2z.com/CredentialsFetcherV2/internal/grpc/api/AddNonDomainJoinedKerberosLease.go:285.2,285.12 1 0
golang.a2z.com/CredentialsFetcherV2/internal/grpc/api/HealthCheck.go:13.50,15.2 1 0
golang.a2z.com/CredentialsFetcherV2/internal/grpc/api/HealthCheck.go:18.124,26.2 2 0
golang.a2z.com/CredentialsFetcherV2/internal/grpc/api/HealthCheck_Test.go:12.43,28.2 6 0
golang.a2z.com/CredentialsFetcherV2/internal/grpc/api/HealthCheck_Test.go:31.46,38.2 3 0
golang.a2z.com/CredentialsFetcherV2/internal/logger/logger.go:28.27,29.17 1 1
golang.a2z.com/CredentialsFetcherV2/internal/logger/logger.go:29.17,31.3 1 1
golang.a2z.com/CredentialsFetcherV2/internal/logger/logger.go:32.2,32.17 1 1
golang.a2z.com/CredentialsFetcherV2/internal/logger/logger.go:36.25,41.56 2 1
golang.a2z.com/CredentialsFetcherV2/internal/logger/logger.go:41.56,42.19 1 0
golang.a2z.com/CredentialsFetcherV2/internal/logger/logger.go:43.16,44.30 1 0
golang.a2z.com/CredentialsFetcherV2/internal/logger/logger.go:45.15,46.29 1 0
golang.a2z.com/CredentialsFetcherV2/internal/logger/logger.go:47.15,48.29 1 0
golang.a2z.com/CredentialsFetcherV2/internal/logger/logger.go:49.16,50.30 1 0
golang.a2z.com/CredentialsFetcherV2/internal/logger/logger.go:54.2,59.3 2 1
golang.a2z.com/CredentialsFetcherV2/internal/logger/logger.go:62.49,64.2 1 1
golang.a2z.com/CredentialsFetcherV2/internal/logger/logger.go:66.48,68.2 1 0
golang.a2z.com/CredentialsFetcherV2/internal/logger/logger.go:70.48,72.2 1 1
golang.a2z.com/CredentialsFetcherV2/internal/logger/logger.go:74.49,76.2 1 0
golang.a2z.com/CredentialsFetcherV2/internal/utils/aws_utils/aws_utils.go:18.84,21.16 2 0
golang.a2z.com/CredentialsFetcherV2/internal/utils/aws_utils/aws_utils.go:21.16,23.3 1 0
golang.a2z.com/CredentialsFetcherV2/internal/utils/aws_utils/aws_utils.go:24.2,28.44 3 0
golang.a2z.com/CredentialsFetcherV2/internal/utils/aws_utils/aws_utils.go:33.119,41.16 3 0
golang.a2z.com/CredentialsFetcherV2/internal/utils/aws_utils/aws_utils.go:41.16,43.3 1 0
golang.a2z.com/CredentialsFetcherV2/internal/utils/aws_utils/aws_utils.go:46.2,47.81 2 0
golang.a2z.com/CredentialsFetcherV2/internal/utils/aws_utils/aws_utils.go:47.81,49.3 1 0
golang.a2z.com/CredentialsFetcherV2/internal/utils/aws_utils/aws_utils.go:51.2,51.23 1 0
golang.a2z.com/CredentialsFetcherV2/internal/utils/cmdexec/cmdexec.go:24.29,26.2 1 0
golang.a2z.com/CredentialsFetcherV2/internal/utils/cmdexec/cmdexec.go:29.104,30.19 1 0
golang.a2z.com/CredentialsFetcherV2/internal/utils/cmdexec/cmdexec.go:30.19,32.3 1 0
golang.a2z.com/CredentialsFetcherV2/internal/utils/cmdexec/cmdexec.go:34.2,41.16 5 0
golang.a2z.com/CredentialsFetcherV2/internal/utils/cmdexec/cmdexec.go:41.16,47.3 2 0
golang.a2z.com/CredentialsFetcherV2/internal/utils/cmdexec/cmdexec.go:49.2,53.20 2 0
golang.a2z.com/CredentialsFetcherV2/internal/utils/cmdexec/cmdexec.go:58.125,59.19 1 0
golang.a2z.com/CredentialsFetcherV2/internal/utils/cmdexec/cmdexec.go:59.19,61.3 1 0
golang.a2z.com/CredentialsFetcherV2/internal/utils/cmdexec/cmdexec.go:63.2,72.16 6 0
golang.a2z.com/CredentialsFetcherV2/internal/utils/cmdexec/cmdexec.go:72.16,79.3 2 0
golang.a2z.com/CredentialsFetcherV2/internal/utils/cmdexec/cmdexec.go:81.2,85.20 2 0
golang.a2z.com/CredentialsFetcherV2/internal/utils/cmdexec/cmdexec.go:89.79,92.27 2 0
golang.a2z.com/CredentialsFetcherV2/internal/utils/cmdexec/cmdexec.go:92.27,93.57 1 0
golang.a2z.com/CredentialsFetcherV2/internal/utils/cmdexec/cmdexec.go:93.57,95.4 1 0
golang.a2z.com/CredentialsFetcherV2/internal/utils/cmdexec/cmdexec.go:95.9,97.4 1 0
golang.a2z.com/CredentialsFetcherV2/internal/utils/cmdexec/cmdexec.go:100.2,102.39 3 0
golang.a2z.com/CredentialsFetcherV2/internal/utils/cmdexec/cmdexec.go:107.147,108.19 1 0
golang.a2z.com/CredentialsFetcherV2/internal/utils/cmdexec/cmdexec.go:108.19,110.3 1 0
golang.a2z.com/CredentialsFetcherV2/internal/utils/cmdexec/cmdexec.go:112.2,117.16 4 0
golang.a2z.com/CredentialsFetcherV2/internal/utils/cmdexec/cmdexec.go:117.16,119.3 1 0
golang.a2z.com/CredentialsFetcherV2/internal/utils/cmdexec/cmdexec.go:122.2,132.36 6 0
golang.a2z.com/CredentialsFetcherV2/internal/utils/cmdexec/cmdexec.go:132.36,134.3 1 0
golang.a2z.com/CredentialsFetcherV2/internal/utils/cmdexec/cmdexec.go:137.2,138.16 2 0
golang.a2z.com/CredentialsFetcherV2/internal/utils/cmdexec/cmdexec.go:138.16,140.3 1 0
golang.a2z.com/CredentialsFetcherV2/internal/utils/cmdexec/cmdexec.go:141.2,144.35 2 0
golang.a2z.com/CredentialsFetcherV2/internal/utils/cmdexec/cmdexec.go:144.35,152.3 3 0
golang.a2z.com/CredentialsFetcherV2/internal/utils/cmdexec/cmdexec.go:154.2,159.28 3 0
golang.a2z.com/CredentialsFetcherV2/internal/utils/cmdexec/cmdexec.go:164.127,165.19 1 0
golang.a2z.com/CredentialsFetcherV2/internal/utils/cmdexec/cmdexec.go:165.19,167.3 1 0
golang.a2z.com/CredentialsFetcherV2/internal/utils/cmdexec/cmdexec.go:169.2,173.16 3 0
golang.a2z.com/CredentialsFetcherV2/internal/utils/cmdexec/cmdexec.go:173.16,175.3 1 0
golang.a2z.com/CredentialsFetcherV2/internal/utils/cmdexec/cmdexec.go:178.2,187.36 6 0
golang.a2z.com/CredentialsFetcherV2/internal/utils/cmdexec/cmdexec.go:187.36,189.3 1 0
golang.a2z.com/CredentialsFetcherV2/internal/utils/cmdexec/cmdexec.go:192.2,193.16 2 0
golang.a2z.com/CredentialsFetcherV2/internal/utils/cmdexec/cmdexec.go:193.16,195.3 1 0
golang.a2z.com/CredentialsFetcherV2/internal/utils/cmdexec/cmdexec.go:196.2,199.35 2 0
golang.a2z.com/CredentialsFetcherV2/internal/utils/cmdexec/cmdexec.go:199.35,206.3 3 0
golang.a2z.com/CredentialsFetcherV2/internal/utils/cmdexec/cmdexec.go:208.2,213.28 3 0
golang.a2z.com/CredentialsFetcherV2/internal/utils/config/ecs_config.go:23.76,26.16 2 0
golang.a2z.com/CredentialsFetcherV2/internal/utils/config/ecs_config.go:26.16,29.3 2 0
golang.a2z.com/CredentialsFetcherV2/internal/utils/config/ecs_config.go:30.2,34.21 3 0
golang.a2z.com/CredentialsFetcherV2/internal/utils/config/ecs_config.go:34.21,39.22 3 0
golang.a2z.com/CredentialsFetcherV2/internal/utils/config/ecs_config.go:39.22,41.12 2 0
golang.a2z.com/CredentialsFetcherV2/internal/utils/config/ecs_config.go:45.3,49.29 3 0
golang.a2z.com/CredentialsFetcherV2/internal/utils/config/ecs_config.go:49.29,52.4 2 0
golang.a2z.com/CredentialsFetcherV2/internal/utils/config/ecs_config.go:55.2,55.38 1 0
golang.a2z.com/CredentialsFetcherV2/internal/utils/config/ecs_config.go:55.38,58.3 2 0
golang.a2z.com/CredentialsFetcherV2/internal/utils/config/ecs_config.go:60.2,61.16 2 0
golang.a2z.com/CredentialsFetcherV2/internal/utils/config/ecs_config.go:65.49,68.16 2 0
golang.a2z.com/CredentialsFetcherV2/internal/utils/config/ecs_config.go:68.16,70.3 1 0
golang.a2z.com/CredentialsFetcherV2/internal/utils/config/ecs_config.go:72.2,72.17 1 0
golang.a2z.com/CredentialsFetcherV2/internal/utils/config/ecs_config.go:72.17,74.3 1 0
golang.a2z.com/CredentialsFetcherV2/internal/utils/config/ecs_config.go:74.8,76.3 1 0
golang.a2z.com/CredentialsFetcherV2/internal/utils/config/ecs_config.go:78.2,78.19 1 0
golang.a2z.com/CredentialsFetcherV2/internal/utils/grpc_utils/grpc_utils.go:20.40,27.16 4 0
golang.a2z.com/CredentialsFetcherV2/internal/utils/grpc_utils/grpc_utils.go:27.16,29.3 1 0
golang.a2z.com/CredentialsFetcherV2/internal/utils/grpc_utils/grpc_utils.go:32.2,32.22 1 0
golang.a2z.com/CredentialsFetcherV2/internal/utils/grpc_utils/grpc_utils.go:32.22,35.3 2 0
golang.a2z.com/CredentialsFetcherV2/internal/utils/grpc_utils/grpc_utils.go:37.2,37.30 1 0
golang.a2z.com/CredentialsFetcherV2/internal/utils/grpc_utils/grpc_utils.go:41.72,44.24 2 0
golang.a2z.com/CredentialsFetcherV2/internal/utils/grpc_utils/grpc_utils.go:44.24,47.3 2 0
golang.a2z.com/CredentialsFetcherV2/internal/utils/grpc_utils/grpc_utils.go:50.2,51.16 2 0
golang.a2z.com/CredentialsFetcherV2/internal/utils/grpc_utils/grpc_utils.go:51.16,53.3 1 0
golang.a2z.com/CredentialsFetcherV2/internal/utils/grpc_utils/grpc_utils.go:56.2,57.16 2 0
golang.a2z.com/CredentialsFetcherV2/internal/utils/grpc_utils/grpc_utils.go:57.16,59.3 1 0
golang.a2z.com/CredentialsFetcherV2/internal/utils/grpc_utils/grpc_utils.go:62.2,63.16 2 0
golang.a2z.com/CredentialsFetcherV2/internal/utils/grpc_utils/grpc_utils.go:63.16,65.3 1 0
golang.a2z.com/CredentialsFetcherV2/internal/utils/grpc_utils/grpc_utils.go:68.2,68.79 1 0
golang.a2z.com/CredentialsFetcherV2/internal/utils/grpc_utils/grpc_utils.go:68.79,70.3 1 0
golang.a2z.com/CredentialsFetcherV2/internal/utils/grpc_utils/grpc_utils.go:73.2,74.16 2 0
golang.a2z.com/CredentialsFetcherV2/internal/utils/grpc_utils/grpc_utils.go:74.16,76.3 1 0
golang.a2z.com/CredentialsFetcherV2/internal/utils/grpc_utils/grpc_utils.go:78.2,82.8 1 0
golang.a2z.com/CredentialsFetcherV2/internal/utils/grpc_utils/grpc_utils.go:86.69,88.68 2 0
golang.a2z.com/CredentialsFetcherV2/internal/utils/grpc_utils/grpc_utils.go:88.68,91.3 2 0
golang.a2z.com/CredentialsFetcherV2/internal/utils/grpc_utils/grpc_utils.go:92.2,92.18 1 0
golang.a2z.com/CredentialsFetcherV2/internal/utils/grpc_utils/grpc_utils.go:96.104,100.9 3 0
golang.a2z.com/CredentialsFetcherV2/internal/utils/grpc_utils/grpc_utils.go:100.9,103.3 2 0
golang.a2z.com/CredentialsFetcherV2/internal/utils/grpc_utils/grpc_utils.go:105.2,106.29 2 0
golang.a2z.com/CredentialsFetcherV2/internal/utils/grpc_utils/grpc_utils.go:106.29,109.3 2 0
golang.a2z.com/CredentialsFetcherV2/internal/utils/grpc_utils/grpc_utils.go:111.2,111.65 1 0
golang.a2z.com/CredentialsFetcherV2/internal/utils/grpc_utils/grpc_utils.go:111.65,113.3 1 0
golang.a2z.com/CredentialsFetcherV2/internal/utils/grpc_utils/grpc_utils.go:115.2,115.37 1 0
golang.a2z.com/CredentialsFetcherV2/internal/utils/grpc_utils/grpc_utils.go:119.77,123.9 3 0
golang.a2z.com/CredentialsFetcherV2/internal/utils/grpc_utils/grpc_utils.go:123.9,126.3 2 0
golang.a2z.com/CredentialsFetcherV2/internal/utils/grpc_utils/grpc_utils.go:128.2,129.9 2 0
golang.a2z.com/CredentialsFetcherV2/internal/utils/grpc_utils/grpc_utils.go:129.9,132.3 2 0
golang.a2z.com/CredentialsFetcherV2/internal/utils/grpc_utils/grpc_utils.go:134.2,134.43 1 0
golang.a2z.com/CredentialsFetcherV2/internal/utils/grpc_utils/grpc_utils.go:134.43,137.3 2 0
golang.a2z.com/CredentialsFetcherV2/internal/utils/grpc_utils/grpc_utils.go:140.2,140.54 1 0
golang.a2z.com/CredentialsFetcherV2/internal/utils/grpc_utils/grpc_utils.go:140.54,142.10 2 0
golang.a2z.com/CredentialsFetcherV2/internal/utils/grpc_utils/grpc_utils.go:142.10,143.12 1 0
golang.a2z.com/CredentialsFetcherV2/internal/utils/grpc_utils/grpc_utils.go:146.3,146.64 1 0
golang.a2z.com/CredentialsFetcherV2/internal/utils/grpc_utils/grpc_utils.go:146.64,148.4 1 0
golang.a2z.com/CredentialsFetcherV2/internal/utils/grpc_utils/grpc_utils.go:151.2,152.81 2 0
golang.a2z.com/CredentialsFetcherV2/internal/utils/grpc_utils/grpc_utils.go:156.74,159.51 2 0
golang.a2z.com/CredentialsFetcherV2/internal/utils/grpc_utils/grpc_utils.go:159.51,162.3 2 0
golang.a2z.com/CredentialsFetcherV2/internal/utils/grpc_utils/grpc_utils.go:164.2,164.64 1 0
golang.a2z.com/CredentialsFetcherV2/internal/utils/grpc_utils/grpc_utils.go:164.64,167.3 2 0
golang.a2z.com/CredentialsFetcherV2/internal/utils/grpc_utils/grpc_utils.go:169.2,169.12 1 0
golang.a2z.com/CredentialsFetcherV2/internal/utils/grpc_utils/grpc_utils.go:173.72,177.9 3 0
golang.a2z.com/CredentialsFetcherV2/internal/utils/grpc_utils/grpc_utils.go:177.9,180.3 2 0
golang.a2z.com/CredentialsFetcherV2/internal/utils/grpc_utils/grpc_utils.go:182.2,183.9 2 0
golang.a2z.com/CredentialsFetcherV2/internal/utils/grpc_utils/grpc_utils.go:183.9,186.3 2 0
golang.a2z.com/CredentialsFetcherV2/internal/utils/grpc_utils/grpc_utils.go:188.2,189.9 2 0
golang.a2z.com/CredentialsFetcherV2/internal/utils/grpc_utils/grpc_utils.go:189.9,192.3 2 0
golang.a2z.com/CredentialsFetcherV2/internal/utils/grpc_utils/grpc_utils.go:194.2,195.9 2 0
golang.a2z.com/CredentialsFetcherV2/internal/utils/grpc_utils/grpc_utils.go:195.9,198.3 2 0
golang.a2z.com/CredentialsFetcherV2/internal/utils/grpc_utils/grpc_utils.go:200.2,200.27 1 0
golang.a2z.com/CredentialsFetcherV2/internal/utils/grpc_utils/grpc_utils.go:204.49,208.20 2 0
golang.a2z.com/CredentialsFetcherV2/internal/utils/grpc_utils/grpc_utils.go:208.20,211.3 2 0
golang.a2z.com/CredentialsFetcherV2/internal/utils/grpc_utils/grpc_utils.go:214.2,214.32 1 0
golang.a2z.com/CredentialsFetcherV2/internal/utils/grpc_utils/grpc_utils.go:214.32,215.80 1 0
golang.a2z.com/CredentialsFetcherV2/internal/utils/grpc_utils/grpc_utils.go:215.80,220.4 2 0
golang.a2z.com/CredentialsFetcherV2/internal/utils/grpc_utils/grpc_utils.go:223.2,223.12 1 0
golang.a2z.com/CredentialsFetcherV2/internal/utils/grpc_utils/grpc_utils.go:227.42,231.18 2 0
golang.a2z.com/CredentialsFetcherV2/internal/utils/grpc_utils/grpc_utils.go:231.18,234.3 2 0
golang.a2z.com/CredentialsFetcherV2/internal/utils/grpc_utils/grpc_utils.go:237.2,238.16 2 0
golang.a2z.com/CredentialsFetcherV2/internal/utils/grpc_utils/grpc_utils.go:238.16,241.3 2 0
golang.a2z.com/CredentialsFetcherV2/internal/utils/grpc_utils/grpc_utils.go:243.2,243.48 1 0
golang.a2z.com/CredentialsFetcherV2/internal/utils/grpc_utils/grpc_utils.go:243.48,246.3 2 0
golang.a2z.com/CredentialsFetcherV2/internal/utils/grpc_utils/grpc_utils.go:248.2,248.12 1 0
golang.a2z.com/CredentialsFetcherV2/internal/utils/grpc_utils/grpc_utils.go:252.72,255.49 2 0
golang.a2z.com/CredentialsFetcherV2/internal/utils/grpc_utils/grpc_utils.go:255.49,260.3 2 0
golang.a2z.com/CredentialsFetcherV2/internal/utils/grpc_utils/grpc_utils.go:262.2,262.49 1 0
golang.a2z.com/CredentialsFetcherV2/internal/utils/grpc_utils/grpc_utils.go:262.49,267.3 2 0
golang.a2z.com/CredentialsFetcherV2/internal/utils/grpc_utils/grpc_utils.go:269.2,269.45 1 0
golang.a2z.com/CredentialsFetcherV2/internal/utils/grpc_utils/grpc_utils.go:269.45,274.3 2 0
golang.a2z.com/CredentialsFetcherV2/internal/utils/grpc_utils/grpc_utils.go:276.2,276.12 1 0
golang.a2z.com/CredentialsFetcherV2/internal/utils/grpc_utils/grpc_utils.go:282.60,287.16 3 0
golang.a2z.com/CredentialsFetcherV2/internal/utils/grpc_utils/grpc_utils.go:287.16,290.3 2 0
golang.a2z.com/CredentialsFetcherV2/internal/utils/grpc_utils/grpc_utils.go:291.2,295.51 3 0
golang.a2z.com/CredentialsFetcherV2/internal/utils/grpc_utils/grpc_utils.go:295.51,296.35 1 0
golang.a2z.com/CredentialsFetcherV2/internal/utils/grpc_utils/grpc_utils.go:296.35,298.4 1 0
golang.a2z.com/CredentialsFetcherV2/internal/utils/grpc_utils/grpc_utils.go:302.2,302.29 1 0
golang.a2z.com/CredentialsFetcherV2/internal/utils/grpc_utils/grpc_utils.go:302.29,303.58 1 0
golang.a2z.com/CredentialsFetcherV2/internal/utils/grpc_utils/grpc_utils.go:303.58,304.36 1 0
golang.a2z.com/CredentialsFetcherV2/internal/utils/grpc_utils/grpc_utils.go:304.36,306.5 1 0
golang.a2z.com/CredentialsFetcherV2/internal/utils/grpc_utils/grpc_utils.go:310.2,310.31 1 0
golang.a2z.com/CredentialsFetcherV2/internal/utils/grpc_utils/grpc_utils.go:315.61,316.22 1 0
golang.a2z.com/CredentialsFetcherV2/internal/utils/grpc_utils/grpc_utils.go:316.22,318.3 1 0
golang.a2z.com/CredentialsFetcherV2/internal/utils/grpc_utils/grpc_utils.go:321.2,325.29 3 0
golang.a2z.com/CredentialsFetcherV2/internal/utils/grpc_utils/grpc_utils.go:325.29,327.23 2 0
golang.a2z.com/CredentialsFetcherV2/internal/utils/grpc_utils/grpc_utils.go:327.23,329.4 1 0
golang.a2z.com/CredentialsFetcherV2/internal/utils/grpc_utils/grpc_utils.go:332.2,332.29 1 0
golang.a2z.com/CredentialsFetcherV2/internal/utils/grpc_utils/grpc_utils.go:338.55,344.16 4 0
golang.a2z.com/CredentialsFetcherV2/internal/utils/grpc_utils/grpc_utils.go:344.16,347.3 1 0
golang.a2z.com/CredentialsFetcherV2/internal/utils/grpc_utils/grpc_utils.go:349.2,350.26 2 0
golang.a2z.com/CredentialsFetcherV2/internal/utils/grpc_utils/grpc_utils.go:350.26,354.17 3 0
golang.a2z.com/CredentialsFetcherV2/internal/utils/grpc_utils/grpc_utils.go:354.17,357.4 2 0
golang.a2z.com/CredentialsFetcherV2/internal/utils/grpc_utils/grpc_utils.go:360.3,360.33 1 0
golang.a2z.com/CredentialsFetcherV2/internal/utils/grpc_utils/grpc_utils.go:360.33,362.4 1 0
golang.a2z.com/CredentialsFetcherV2/internal/utils/grpc_utils/grpc_utils.go:363.8,366.3 1 0
golang.a2z.com/CredentialsFetcherV2/internal/utils/grpc_utils/grpc_utils.go:368.2,368.22 1 0
golang.a2z.com/CredentialsFetcherV2/internal/utils/grpc_utils/grpc_utils.go:373.52,382.35 6 0
golang.a2z.com/CredentialsFetcherV2/internal/utils/grpc_utils/grpc_utils.go:382.35,387.30 3 0
golang.a2z.com/CredentialsFetcherV2/internal/utils/grpc_utils/grpc_utils.go:387.30,388.42 1 0
golang.a2z.com/CredentialsFetcherV2/internal/utils/grpc_utils/grpc_utils.go:388.42,391.5 2 0
golang.a2z.com/CredentialsFetcherV2/internal/utils/grpc_utils/grpc_utils.go:395.3,396.21 2 0
golang.a2z.com/CredentialsFetcherV2/internal/utils/grpc_utils/grpc_utils.go:396.21,398.4 1 0
golang.a2z.com/CredentialsFetcherV2/internal/utils/grpc_utils/grpc_utils.go:402.2,405.35 3 0
golang.a2z.com/CredentialsFetcherV2/internal/utils/grpc_utils/grpc_utils.go:405.35,408.21 2 0
golang.a2z.com/CredentialsFetcherV2/internal/utils/grpc_utils/grpc_utils.go:408.21,410.4 1 0
golang.a2z.com/CredentialsFetcherV2/internal/utils/grpc_utils/grpc_utils.go:411.8,411.23 1 0
golang.a2z.com/CredentialsFetcherV2/internal/utils/grpc_utils/grpc_utils.go:411.23,414.3 2 0
golang.a2z.com/CredentialsFetcherV2/internal/utils/grpc_utils/grpc_utils.go:417.2,418.24 2 0
golang.a2z.com/CredentialsFetcherV2/internal/utils/grpc_utils/grpc_utils.go:422.51,428.29 3 0
golang.a2z.com/CredentialsFetcherV2/internal/utils/grpc_utils/grpc_utils.go:428.29,430.17 2 0
golang.a2z.com/CredentialsFetcherV2/internal/utils/grpc_utils/grpc_utils.go:430.17,431.12 1 0
golang.a2z.com/CredentialsFetcherV2/internal/utils/grpc_utils/grpc_utils.go:435.3,436.22 2 0
golang.a2z.com/CredentialsFetcherV2/internal/utils/grpc_utils/grpc_utils.go:436.22,440.36 2 0
golang.a2z.com/CredentialsFetcherV2/internal/utils/grpc_utils/grpc_utils.go:440.36,442.5 1 0
golang.a2z.com/CredentialsFetcherV2/internal/utils/grpc_utils/grpc_utils.go:444.4,444.31 1 0
golang.a2z.com/CredentialsFetcherV2/internal/utils/grpc_utils/grpc_utils.go:448.2,448.14 1 0
golang.a2z.com/CredentialsFetcherV2/internal/utils/krb_utils/krb_utils.go:17.93,28.70 4 0
golang.a2z.com/CredentialsFetcherV2/internal/utils/krb_utils/krb_utils.go:28.70,30.3 1 0
golang.a2z.com/CredentialsFetcherV2/internal/utils/krb_utils/krb_utils.go:32.2,34.53 2 0
golang.a2z.com/CredentialsFetcherV2/internal/utils/krb_utils/krb_utils.go:34.53,36.3 1 0
golang.a2z.com/CredentialsFetcherV2/internal/utils/krb_utils/krb_utils.go:38.2,38.32 1 0
golang.a2z.com/CredentialsFetcherV2/internal/utils/krb_utils/krb_utils.go:42.99,43.29 1 0
golang.a2z.com/CredentialsFetcherV2/internal/utils/krb_utils/krb_utils.go:43.29,44.51 1 0
golang.a2z.com/CredentialsFetcherV2/internal/utils/krb_utils/krb_utils.go:44.51,47.23 2 0
golang.a2z.com/CredentialsFetcherV2/internal/utils/krb_utils/krb_utils.go:47.23,50.33 3 0
golang.a2z.com/CredentialsFetcherV2/internal/utils/krb_utils/krb_utils.go:50.33,59.48 5 0
golang.a2z.com/CredentialsFetcherV2/internal/utils/krb_utils/krb_utils.go:59.48,61.7 1 0
golang.a2z.com/CredentialsFetcherV2/internal/utils/krb_utils/krb_utils.go:61.12,63.7 1 0
golang.a2z.com/CredentialsFetcherV2/internal/utils/krb_utils/krb_utils.go:65.6,67.39 3 0
golang.a2z.com/CredentialsFetcherV2/internal/utils/krb_utils/krb_utils.go:67.39,69.7 1 0
golang.a2z.com/CredentialsFetcherV2/internal/utils/krb_utils/krb_utils.go:70.6,75.16 4 0
golang.a2z.com/CredentialsFetcherV2/internal/utils/krb_utils/krb_utils.go:81.2,81.75 1 0
golang.a2z.com/CredentialsFetcherV2/internal/utils/krb_utils/krb_utils.go:85.61,91.29 4 0
golang.a2z.com/CredentialsFetcherV2/internal/utils/krb_utils/krb_utils.go:91.29,92.47 1 0
golang.a2z.com/CredentialsFetcherV2/internal/utils/krb_utils/krb_utils.go:92.47,96.50 2 0
golang.a2z.com/CredentialsFetcherV2/internal/utils/krb_utils/krb_utils.go:96.50,99.5 2 0
golang.a2z.com/CredentialsFetcherV2/internal/utils/krb_utils/krb_utils.go:100.4,100.12 1 0
golang.a2z.com/CredentialsFetcherV2/internal/utils/krb_utils/krb_utils.go:104.3,104.22 1 0
golang.a2z.com/CredentialsFetcherV2/internal/utils/krb_utils/krb_utils.go:104.22,106.40 1 0
golang.a2z.com/CredentialsFetcherV2/internal/utils/krb_utils/krb_utils.go:106.40,108.5 1 0
golang.a2z.com/CredentialsFetcherV2/internal/utils/krb_utils/krb_utils.go:108.10,108.52 1 0
golang.a2z.com/CredentialsFetcherV2/internal/utils/krb_utils/krb_utils.go:108.52,110.5 1 0
golang.a2z.com/CredentialsFetcherV2/internal/utils/krb_utils/krb_utils.go:110.10,110.78 1 0
golang.a2z.com/CredentialsFetcherV2/internal/utils/krb_utils/krb_utils.go:110.78,114.5 1 0
golang.a2z.com/CredentialsFetcherV2/internal/utils/krb_utils/krb_utils.go:114.10,116.38 1 0
golang.a2z.com/CredentialsFetcherV2/internal/utils/krb_utils/krb_utils.go:116.38,118.5 1 0
golang.a2z.com/CredentialsFetcherV2/internal/utils/krb_utils/krb_utils.go:123.2,123.69 1 0
golang.a2z.com/CredentialsFetcherV2/internal/utils/krb_utils/krb_utils.go:123.69,128.3 2 0
golang.a2z.com/CredentialsFetcherV2/internal/utils/krb_utils/krb_utils.go:132.57,134.22 2 0
golang.a2z.com/CredentialsFetcherV2/internal/utils/krb_utils/krb_utils.go:134.22,137.17 2 0
golang.a2z.com/CredentialsFetcherV2/internal/utils/krb_utils/krb_utils.go:137.17,140.4 1 0
golang.a2z.com/CredentialsFetcherV2/internal/utils/krb_utils/krb_utils.go:140.9,142.4 1 0
golang.a2z.com/CredentialsFetcherV2/internal/utils/krb_utils/krb_utils.go:145.3,146.17 2 0
golang.a2z.com/CredentialsFetcherV2/internal/utils/krb_utils/krb_utils.go:146.17,149.4 1 0
golang.a2z.com/CredentialsFetcherV2/internal/utils/krb_utils/krb_utils.go:149.9,151.4 1 0
golang.a2z.com/CredentialsFetcherV2/internal/utils/krb_utils/krb_utils.go:156.80,158.31 1 0
golang.a2z.com/CredentialsFetcherV2/internal/utils/krb_utils/krb_utils.go:158.31,159.47 1 0
golang.a2z.com/CredentialsFetcherV2/internal/utils/krb_utils/krb_utils.go:159.47,162.18 3 0
golang.a2z.com/CredentialsFetcherV2/internal/utils/krb_utils/krb_utils.go:162.18,165.13 2 0
golang.a2z.com/CredentialsFetcherV2/internal/utils/krb_utils/krb_utils.go:167.4,167.26 1 0
golang.a2z.com/CredentialsFetcherV2/internal/utils/krb_utils/krb_utils.go:172.2,172.49 1 0
golang.a2z.com/CredentialsFetcherV2/internal/utils/krb_utils/krb_utils.go:172.49,175.17 3 0
golang.a2z.com/CredentialsFetcherV2/internal/utils/krb_utils/krb_utils.go:175.17,179.4 2 0
golang.a2z.com/CredentialsFetcherV2/internal/utils/krb_utils/krb_utils.go:180.3,180.25 1 0
golang.a2z.com/CredentialsFetcherV2/internal/utils/krb_utils/krb_utils.go:183.2,183.56 1 0
golang.a2z.com/CredentialsFetcherV2/internal/utils/krb_utils/krb_utils.go:187.56,189.73 2 0
golang.a2z.com/CredentialsFetcherV2/internal/utils/krb_utils/krb_utils.go:189.73,191.3 1 0
golang.a2z.com/CredentialsFetcherV2/internal/utils/krb_utils/krb_utils.go:195.57,197.74 2 0
golang.a2z.com/CredentialsFetcherV2/internal/utils/krb_utils/krb_utils.go:197.74,199.3 1 0
golang.a2z.com/CredentialsFetcherV2/internal/utils/krb_utils/krb_utils.go:203.56,205.73 2 0
golang.a2z.com/CredentialsFetcherV2/internal/utils/krb_utils/krb_utils.go:205.73,207.3 1 0
golang.a2z.com/CredentialsFetcherV2/internal/utils/krb_utils/krb_utils.go:211.36,217.2 1 0
golang.a2z.com/CredentialsFetcherV2/internal/utils/krb_utils/krb_utils.go:220.62,221.51 1 0
golang.a2z.com/CredentialsFetcherV2/internal/utils/krb_utils/krb_utils.go:221.51,223.3 1 0
golang.a2z.com/CredentialsFetcherV2/internal/utils/krb_utils/krb_utils.go:225.2,225.36 1 0
golang.a2z.com/CredentialsFetcherV2/internal/utils/krb_utils/krb_utils.go:225.36,227.3 1 0
golang.a2z.com/CredentialsFetcherV2/internal/utils/krb_utils/krb_utils.go:229.2,229.12 1 0
golang.a2z.com/CredentialsFetcherV2/internal/utils/metadata_utils/metadata.go:17.60,20.84 2 0
golang.a2z.com/CredentialsFetcherV2/internal/utils/metadata_utils/metadata.go:20.84,21.17 1 0
golang.a2z.com/CredentialsFetcherV2/internal/utils/metadata_utils/metadata.go:21.17,23.4 1 0
golang.a2z.com/CredentialsFetcherV2/internal/utils/metadata_utils/metadata.go:24.3,24.66 1 0
golang.a2z.com/CredentialsFetcherV2/internal/utils/metadata_utils/metadata.go:24.66,26.4 1 0
golang.a2z.com/CredentialsFetcherV2/internal/utils/metadata_utils/metadata.go:27.3,27.13 1 0
golang.a2z.com/CredentialsFetcherV2/internal/utils/metadata_utils/metadata.go:30.2,30.16 1 0
golang.a2z.com/CredentialsFetcherV2/internal/utils/metadata_utils/metadata.go:30.16,32.3 1 0
golang.a2z.com/CredentialsFetcherV2/internal/utils/metadata_utils/metadata.go:34.2,34.27 1 0
golang.a2z.com/CredentialsFetcherV2/internal/utils/metadata_utils/metadata.go:38.69,40.16 2 0
golang.a2z.com/CredentialsFetcherV2/internal/utils/metadata_utils/metadata.go:40.16,42.3 1 0
golang.a2z.com/CredentialsFetcherV2/internal/utils/metadata_utils/metadata.go:45.2,49.99 2 0
golang.a2z.com/CredentialsFetcherV2/internal/utils/metadata_utils/metadata.go:49.99,51.53 2 0
golang.a2z.com/CredentialsFetcherV2/internal/utils/metadata_utils/metadata.go:51.53,54.55 2 0
golang.a2z.com/CredentialsFetcherV2/internal/utils/metadata_utils/metadata.go:54.55,56.5 1 0
golang.a2z.com/CredentialsFetcherV2/internal/utils/metadata_utils/metadata.go:57.4,57.62 1 0
golang.a2z.com/CredentialsFetcherV2/internal/utils/metadata_utils/metadata.go:57.62,59.5 1 0
golang.a2z.com/CredentialsFetcherV2/internal/utils/metadata_utils/metadata.go:60.4,60.53 1 0
golang.a2z.com/CredentialsFetcherV2/internal/utils/metadata_utils/metadata.go:60.53,62.5 1 0
golang.a2z.com/CredentialsFetcherV2/internal/utils/metadata_utils/metadata.go:63.4,63.57 1 0
golang.a2z.com/CredentialsFetcherV2/internal/utils/metadata_utils/metadata.go:63.57,65.5 1 0
golang.a2z.com/CredentialsFetcherV2/internal/utils/metadata_utils/metadata.go:66.4,66.60 1 0
golang.a2z.com/CredentialsFetcherV2/internal/utils/metadata_utils/metadata.go:66.60,68.5 1 0
golang.a2z.com/CredentialsFetcherV2/internal/utils/metadata_utils/metadata.go:69.4,69.55 1 0
golang.a2z.com/CredentialsFetcherV2/internal/utils/metadata_utils/metadata.go:69.55,71.5 1 0
golang.a2z.com/CredentialsFetcherV2/internal/utils/metadata_utils/metadata.go:72.4,72.56 1 0
golang.a2z.com/CredentialsFetcherV2/internal/utils/metadata_utils/metadata.go:72.56,74.5 1 0
golang.a2z.com/CredentialsFetcherV2/internal/utils/metadata_utils/metadata.go:76.3,76.22 1 0
golang.a2z.com/CredentialsFetcherV2/internal/utils/metadata_utils/metadata.go:80.2,81.55 2 0
golang.a2z.com/CredentialsFetcherV2/internal/utils/metadata_utils/metadata.go:81.55,83.3 1 0
golang.a2z.com/CredentialsFetcherV2/internal/utils/metadata_utils/metadata.go:85.2,85.21 1 0
golang.a2z.com/CredentialsFetcherV2/internal/utils/metadata_utils/metadata.go:89.102,96.51 4 0
golang.a2z.com/CredentialsFetcherV2/internal/utils/metadata_utils/metadata.go:96.51,98.3 1 0
golang.a2z.com/CredentialsFetcherV2/internal/utils/metadata_utils/metadata.go:101.2,104.44 3 0
golang.a2z.com/CredentialsFetcherV2/internal/utils/metadata_utils/metadata.go:104.44,115.37 2 0
golang.a2z.com/CredentialsFetcherV2/internal/utils/metadata_utils/metadata.go:115.37,117.4 1 0
golang.a2z.com/CredentialsFetcherV2/internal/utils/metadata_utils/metadata.go:119.3,119.60 1 0
golang.a2z.com/CredentialsFetcherV2/internal/utils/metadata_utils/metadata.go:122.2,126.16 3 0
golang.a2z.com/CredentialsFetcherV2/internal/utils/metadata_utils/metadata.go:126.16,128.3 1 0
golang.a2z.com/CredentialsFetcherV2/internal/utils/metadata_utils/metadata.go:131.2,131.63 1 0
golang.a2z.com/CredentialsFetcherV2/internal/utils/metadata_utils/metadata.go:131.63,133.3 1 0
golang.a2z.com/CredentialsFetcherV2/internal/utils/metadata_utils/metadata.go:135.2,135.12 1 0
golang.a2z.com/CredentialsFetcherV2/internal/watchdog/watchdog.go:35.39,36.25 1 0
golang.a2z.com/CredentialsFetcherV2/internal/watchdog/watchdog.go:36.25,38.3 1 0
golang.a2z.com/CredentialsFetcherV2/internal/watchdog/watchdog.go:39.2,39.30 1 0
golang.a2z.com/CredentialsFetcherV2/internal/watchdog/watchdog.go:43.39,45.16 2 0
golang.a2z.com/CredentialsFetcherV2/internal/watchdog/watchdog.go:45.16,47.3 1 0
golang.a2z.com/CredentialsFetcherV2/internal/watchdog/watchdog.go:49.2,49.19 1 0
golang.a2z.com/CredentialsFetcherV2/internal/watchdog/watchdog.go:49.19,51.3 1 0
golang.a2z.com/CredentialsFetcherV2/internal/watchdog/watchdog.go:53.2,56.8 1 0
golang.a2z.com/CredentialsFetcherV2/internal/watchdog/watchdog.go:60.30,62.16 2 0
golang.a2z.com/CredentialsFetcherV2/internal/watchdog/watchdog.go:62.16,64.3 1 0
golang.a2z.com/CredentialsFetcherV2/internal/watchdog/watchdog.go:65.2,65.11 1 0
golang.a2z.com/CredentialsFetcherV2/internal/watchdog/watchdog.go:69.53,79.6 5 0
golang.a2z.com/CredentialsFetcherV2/internal/watchdog/watchdog.go:79.6,80.10 1 0
golang.a2z.com/CredentialsFetcherV2/internal/watchdog/watchdog.go:81.21,83.14 2 0
golang.a2z.com/CredentialsFetcherV2/internal/watchdog/watchdog.go:84.19,85.37 1 0
golang.a2z.com/CredentialsFetcherV2/internal/watchdog/watchdog.go:85.37,87.5 1 0
golang.a2z.com/CredentialsFetcherV2/internal/watchdog/watchdog.go:93.35,94.83 1 0
golang.a2z.com/CredentialsFetcherV2/internal/watchdog/watchdog.go:94.83,96.3 1 0
golang.a2z.com/CredentialsFetcherV2/internal/watchdog/watchdog.go:97.2,99.12 3 0
golang.a2z.com/CredentialsFetcherV2/internal/auth/decode/utf16_decoder.go:14.53,18.26 2 0
golang.a2z.com/CredentialsFetcherV2/internal/auth/decode/utf16_decoder.go:18.26,20.3 1 0
golang.a2z.com/CredentialsFetcherV2/internal/auth/decode/utf16_decoder.go:23.2,23.28 1 0
golang.a2z.com/CredentialsFetcherV2/internal/auth/decode/utf16_decoder.go:23.28,27.3 2 0
golang.a2z.com/CredentialsFetcherV2/internal/auth/decode/utf16_decoder.go:30.2,31.39 2 0
golang.a2z.com/CredentialsFetcherV2/internal/auth/decode/utf16_decoder.go:31.39,34.3 1 0
golang.a2z.com/CredentialsFetcherV2/internal/auth/decode/utf16_decoder.go:38.2,47.20 4 0
golang.a2z.com/CredentialsFetcherV2/internal/auth/kerberos/krb_client.go:34.56,36.3 1 0
golang.a2z.com/CredentialsFetcherV2/internal/auth/kerberos/krb_client.go:43.26,47.2 1 1
golang.a2z.com/CredentialsFetcherV2/internal/auth/kerberos/krb_client.go:50.83,57.16 4 1
golang.a2z.com/CredentialsFetcherV2/internal/auth/kerberos/krb_client.go:57.16,63.3 2 1
golang.a2z.com/CredentialsFetcherV2/internal/auth/kerberos/krb_client.go:64.2,68.16 3 1
golang.a2z.com/CredentialsFetcherV2/internal/auth/kerberos/krb_client.go:68.16,71.3 2 1
golang.a2z.com/CredentialsFetcherV2/internal/auth/kerberos/krb_client.go:73.2,78.32 2 1
golang.a2z.com/CredentialsFetcherV2/internal/auth/kerberos/krb_client.go:82.108,84.16 2 1
golang.a2z.com/CredentialsFetcherV2/internal/auth/kerberos/krb_client.go:84.16,87.3 2 1
golang.a2z.com/CredentialsFetcherV2/internal/auth/kerberos/krb_client.go:89.2,89.30 1 1
golang.a2z.com/CredentialsFetcherV2/internal/auth/kerberos/krb_client.go:89.30,92.3 2 1
golang.a2z.com/CredentialsFetcherV2/internal/auth/kerberos/krb_client.go:94.2,97.44 3 1
golang.a2z.com/CredentialsFetcherV2/internal/auth/kerberos/krb_client.go:97.44,99.17 2 1
golang.a2z.com/CredentialsFetcherV2/internal/auth/kerberos/krb_client.go:99.17,104.12 2 0
golang.a2z.com/CredentialsFetcherV2/internal/auth/kerberos/krb_client.go:107.3,108.58 2 1
golang.a2z.com/CredentialsFetcherV2/internal/auth/kerberos/krb_client.go:111.2,111.23 1 1
golang.a2z.com/CredentialsFetcherV2/internal/auth/kerberos/krb_client.go:111.23,114.3 2 0
golang.a2z.com/CredentialsFetcherV2/internal/auth/kerberos/krb_client.go:116.2,116.39 1 1
golang.a2z.com/CredentialsFetcherV2/internal/auth/kerberos/krb_client.go:120.109,122.16 2 0
golang.a2z.com/CredentialsFetcherV2/internal/auth/kerberos/krb_client.go:122.16,125.3 2 0
golang.a2z.com/CredentialsFetcherV2/internal/auth/kerberos/krb_client.go:127.2,130.45 3 0
golang.a2z.com/CredentialsFetcherV2/internal/auth/kerberos/krb_client.go:130.45,132.17 2 0
golang.a2z.com/CredentialsFetcherV2/internal/auth/kerberos/krb_client.go:132.17,134.12 2 0
golang.a2z.com/CredentialsFetcherV2/internal/auth/kerberos/krb_client.go:137.3,138.58 2 0
golang.a2z.com/CredentialsFetcherV2/internal/auth/kerberos/krb_client.go:141.2,141.26 1 0
golang.a2z.com/CredentialsFetcherV2/internal/auth/kerberos/krb_client.go:141.26,144.3 2 0
golang.a2z.com/CredentialsFetcherV2/internal/auth/kerberos/krb_client.go:146.2,146.40 1 0
golang.a2z.com/CredentialsFetcherV2/internal/auth/kerberos/krb_client.go:150.93,169.16 5 1
golang.a2z.com/CredentialsFetcherV2/internal/auth/kerberos/krb_client.go:169.16,175.3 2 1
golang.a2z.com/CredentialsFetcherV2/internal/auth/kerberos/krb_client.go:177.2,178.12 2 1
golang.a2z.com/CredentialsFetcherV2/internal/auth/kerberos/krb_client.go:182.74,192.61 3 1
golang.a2z.com/CredentialsFetcherV2/internal/auth/kerberos/krb_client.go:192.61,194.3 1 1
golang.a2z.com/CredentialsFetcherV2/internal/auth/kerberos/krb_client.go:197.2,198.16 2 1
golang.a2z.com/CredentialsFetcherV2/internal/auth/kerberos/krb_client.go:198.16,200.3 1 1
golang.a2z.com/CredentialsFetcherV2/internal/auth/kerberos/krb_client.go:203.2,203.85 1 0
golang.a2z.com/CredentialsFetcherV2/internal/auth/kerberos/krb_client.go:203.85,206.3 1 0
golang.a2z.com/CredentialsFetcherV2/internal/auth/kerberos/krb_client.go:209.2,210.16 2 0
golang.a2z.com/CredentialsFetcherV2/internal/auth/kerberos/krb_client.go:210.16,212.3 1 0
golang.a2z.com/CredentialsFetcherV2/internal/auth/kerberos/krb_client.go:215.2,215.58 1 0
golang.a2z.com/CredentialsFetcherV2/internal/auth/kerberos/krb_client.go:219.77,220.33 1 1
golang.a2z.com/CredentialsFetcherV2/internal/auth/kerberos/krb_client.go:220.33,222.3 1 1
golang.a2z.com/CredentialsFetcherV2/internal/auth/kerberos/krb_client.go:224.2,224.41 1 1
golang.a2z.com/CredentialsFetcherV2/internal/auth/kerberos/krb_client.go:224.41,226.3 1 1
golang.a2z.com/CredentialsFetcherV2/internal/auth/kerberos/krb_client.go:228.2,228.12 1 1
golang.a2z.com/CredentialsFetcherV2/internal/auth/kerberos/krb_client.go:232.100,234.16 2 1
golang.a2z.com/CredentialsFetcherV2/internal/auth/kerberos/krb_client.go:234.16,236.3 1 0
golang.a2z.com/CredentialsFetcherV2/internal/auth/kerberos/krb_client.go:238.2,239.16 2 1
golang.a2z.com/CredentialsFetcherV2/internal/auth/kerberos/krb_client.go:239.16,241.3 1 1
golang.a2z.com/CredentialsFetcherV2/internal/auth/kerberos/krb_client.go:244.2,244.73 1 1
golang.a2z.com/CredentialsFetcherV2/internal/auth/kerberos/krb_client.go:244.73,246.3 1 1
golang.a2z.com/CredentialsFetcherV2/internal/auth/kerberos/krb_client.go:248.2,248.30 1 1
golang.a2z.com/CredentialsFetcherV2/internal/auth/kerberos/krb_client.go:252.133,253.40 1 1
golang.a2z.com/CredentialsFetcherV2/internal/auth/kerberos/krb_client.go:253.40,255.3 1 1
golang.a2z.com/CredentialsFetcherV2/internal/auth/kerberos/krb_client.go:257.2,260.32 2 1
golang.a2z.com/CredentialsFetcherV2/internal/auth/kerberos/krb_client.go:260.32,262.17 2 1
golang.a2z.com/CredentialsFetcherV2/internal/auth/kerberos/krb_client.go:262.17,267.12 2 1
golang.a2z.com/CredentialsFetcherV2/internal/auth/kerberos/krb_client.go:270.3,274.13 3 1
golang.a2z.com/CredentialsFetcherV2/internal/auth/kerberos/krb_client.go:277.2,277.110 1 1
golang.a2z.com/CredentialsFetcherV2/internal/auth/kerberos/krb_client.go:281.121,285.32 2 1
golang.a2z.com/CredentialsFetcherV2/internal/auth/kerberos/krb_client.go:285.32,287.17 2 1
golang.a2z.com/CredentialsFetcherV2/internal/auth/kerberos/krb_client.go:287.17,293.12 2 1
golang.a2z.com/CredentialsFetcherV2/internal/auth/kerberos/krb_client.go:296.3,300.23 2 1
golang.a2z.com/CredentialsFetcherV2/internal/auth/kerberos/krb_client.go:303.2,303.110 1 1
golang.a2z.com/CredentialsFetcherV2/internal/auth/kerberos/krb_client.go:307.113,323.16 4 1
golang.a2z.com/CredentialsFetcherV2/internal/auth/kerberos/krb_client.go:323.16,329.3 2 1
golang.a2z.com/CredentialsFetcherV2/internal/auth/kerberos/krb_client.go:331.2,335.12 2 1
golang.a2z.com/CredentialsFetcherV2/internal/auth/kerberos/krb_client.go:339.123,357.16 4 1
golang.a2z.com/CredentialsFetcherV2/internal/auth/kerberos/krb_client.go:357.16,363.3 2 1
golang.a2z.com/CredentialsFetcherV2/internal/auth/kerberos/krb_client.go:365.2,369.12 2 1
golang.a2z.com/CredentialsFetcherV2/internal/auth/kerberos/mock_ldap_client.go:14.107,17.2 2 1
golang.a2z.com/CredentialsFetcherV2/internal/auth/kerberos/mock_ldap_client.go:19.121,22.2 2 1
golang.a2z.com/CredentialsFetcherV2/internal/auth/ldap/ldap_client.go:25.26,28.2 2 0
golang.a2z.com/CredentialsFetcherV2/internal/auth/ldap/ldap_client.go:38.64,42.2 1 0
golang.a2z.com/CredentialsFetcherV2/internal/auth/ldap/ldap_client.go:45.145,68.2 8 0
golang.a2z.com/CredentialsFetcherV2/internal/auth/ldap/ldap_client.go:71.158,79.16 5 0
golang.a2z.com/CredentialsFetcherV2/internal/auth/ldap/ldap_client.go:79.16,87.3 2 0
golang.a2z.com/CredentialsFetcherV2/internal/auth/ldap/ldap_client.go:88.2,90.20 2 0
golang.a2z.com/CredentialsFetcherV2/internal/auth/ldap/ldap_client.go:94.120,100.21 2 0
golang.a2z.com/CredentialsFetcherV2/internal/auth/ldap/ldap_client.go:100.21,102.3 1 0
golang.a2z.com/CredentialsFetcherV2/internal/auth/ldap/ldap_client.go:105.2,109.16 3 0
golang.a2z.com/CredentialsFetcherV2/internal/auth/ldap/ldap_client.go:109.16,112.3 2 0
golang.a2z.com/CredentialsFetcherV2/internal/auth/ldap/ldap_client.go:114.2,115.16 2 0
golang.a2z.com/CredentialsFetcherV2/internal/auth/ldap/ldap_client.go:115.16,120.3 2 0
golang.a2z.com/CredentialsFetcherV2/internal/auth/ldap/ldap_client.go:122.2,126.22 2 0
golang.a2z.com/CredentialsFetcherV2/internal/auth/ldap/ldap_client.go:130.60,135.22 2 0
golang.a2z.com/CredentialsFetcherV2/internal/auth/ldap/ldap_client.go:135.22,137.3 1 0
golang.a2z.com/CredentialsFetcherV2/internal/auth/ldap/ldap_client.go:140.2,152.29 6 0
golang.a2z.com/CredentialsFetcherV2/internal/auth/ldap/ldap_client.go:152.29,154.16 2 0
golang.a2z.com/CredentialsFetcherV2/internal/auth/ldap/ldap_client.go:154.16,159.23 2 0
golang.a2z.com/CredentialsFetcherV2/internal/auth/ldap/ldap_client.go:159.23,162.10 3 0
golang.a2z.com/CredentialsFetcherV2/internal/auth/ldap/ldap_client.go:167.2,167.20 1 0
golang.a2z.com/CredentialsFetcherV2/internal/auth/ldap/ldap_client.go:167.20,171.112 2 0
golang.a2z.com/CredentialsFetcherV2/internal/auth/ldap/ldap_client.go:171.112,173.4 1 0
golang.a2z.com/CredentialsFetcherV2/internal/auth/ldap/ldap_client.go:175.3,175.69 1 0
golang.a2z.com/CredentialsFetcherV2/internal/auth/ldap/ldap_client.go:179.2,180.16 2 0
golang.a2z.com/CredentialsFetcherV2/internal/auth/ldap/ldap_client.go:180.16,183.3 2 0
golang.a2z.com/CredentialsFetcherV2/internal/auth/ldap/ldap_client.go:185.2,185.27 1 0
golang.a2z.com/CredentialsFetcherV2/internal/auth/ldap/ldap_client.go:185.27,188.3 2 0
golang.a2z.com/CredentialsFetcherV2/internal/auth/ldap/ldap_client.go:191.2,191.65 1 0
golang.a2z.com/CredentialsFetcherV2/internal/auth/ldap/ldap_client.go:191.65,196.65 2 0
golang.a2z.com/CredentialsFetcherV2/internal/auth/ldap/ldap_client.go:196.65,198.4 1 0
golang.a2z.com/CredentialsFetcherV2/internal/auth/ldap/ldap_client.go:200.3,200.82 1 0
golang.a2z.com/CredentialsFetcherV2/internal/auth/ldap/ldap_client.go:204.2,206.72 3 0
golang.a2z.com/CredentialsFetcherV2/internal/auth/ldap/ldap_client.go:206.72,209.3 2 0
golang.a2z.com/CredentialsFetcherV2/internal/auth/ldap/ldap_client.go:212.2,212.44 1 0
golang.a2z.com/CredentialsFetcherV2/internal/auth/ldap/ldap_client.go:212.44,218.65 2 0
golang.a2z.com/CredentialsFetcherV2/internal/auth/ldap/ldap_client.go:218.65,220.4 1 0
golang.a2z.com/CredentialsFetcherV2/internal/auth/ldap/ldap_client.go:222.3,222.114 1 0
golang.a2z.com/CredentialsFetcherV2/internal/auth/ldap/ldap_client.go:226.2,226.92 1 0
golang.a2z.com/CredentialsFetcherV2/internal/auth/ldap/ldap_client.go:226.92,232.65 2 0
golang.a2z.com/CredentialsFetcherV2/internal/auth/ldap/ldap_client.go:232.65,234.4 1 0
golang.a2z.com/CredentialsFetcherV2/internal/auth/ldap/ldap_client.go:236.3,236.92 1 0
golang.a2z.com/CredentialsFetcherV2/internal/auth/ldap/ldap_client.go:240.2,242.34 3 0
golang.a2z.com/CredentialsFetcherV2/internal/auth/ldap/ldap_client.go:242.34,244.3 1 0
golang.a2z.com/CredentialsFetcherV2/internal/auth/ldap/ldap_client.go:246.2,250.16 3 0
golang.a2z.com/CredentialsFetcherV2/internal/auth/ldap/ldap_client.go:250.16,253.3 2 0
golang.a2z.com/CredentialsFetcherV2/internal/auth/ldap/ldap_client.go:255.2,255.16 1 0
golang.a2z.com/CredentialsFetcherV2/internal/auth/ldap/ldap_client.go:255.16,258.3 2 0
golang.a2z.com/CredentialsFetcherV2/internal/auth/ldap/ldap_client.go:260.2,266.26 2 0
golang.a2z.com/CredentialsFetcherV2/internal/auth/ldap/ldap_client.go:271.100,285.36 5 0
golang.a2z.com/CredentialsFetcherV2/internal/auth/ldap/ldap_client.go:285.36,292.3 2 0
golang.a2z.com/CredentialsFetcherV2/internal/auth/ldap/ldap_client.go:295.2,296.29 2 0
golang.a2z.com/CredentialsFetcherV2/internal/auth/ldap/ldap_client.go:296.29,301.3 2 0
golang.a2z.com/CredentialsFetcherV2/internal/auth/ldap/ldap_client.go:303.2,307.31 2 0
golang.a2z.com/CredentialsFetcherV2/internal/auth/ldap/ldap_client.go:311.53,315.20 3 0
golang.a2z.com/CredentialsFetcherV2/internal/auth/ldap/ldap_client.go:315.20,317.3 1 0
golang.a2z.com/CredentialsFetcherV2/internal/auth/ldap/ldap_client.go:320.2,323.18 3 0
golang.a2z.com/CredentialsFetcherV2/internal/auth/ldap/ldap_client.go:323.18,325.3 1 0
golang.a2z.com/CredentialsFetcherV2/internal/auth/ldap/ldap_client.go:328.2,328.62 1 0
golang.a2z.com/CredentialsFetcherV2/internal/auth/ldap/ldap_client_wrapper.go:13.48,17.2 1 0
golang.a2z.com/CredentialsFetcherV2/internal/auth/ldap/ldap_client_wrapper.go:20.110,22.2 1 0
golang.a2z.com/CredentialsFetcherV2/internal/auth/ldap/ldap_client_wrapper.go:25.124,27.21 2 0
golang.a2z.com/CredentialsFetcherV2/internal/auth/ldap/ldap_client_wrapper.go:27.21,28.49 1 0
golang.a2z.com/CredentialsFetcherV2/internal/auth/ldap/ldap_client_wrapper.go:28.49,30.4 1 0
golang.a2z.com/CredentialsFetcherV2/internal/auth/ldap/ldap_client_wrapper.go:32.2,32.65 1 0
golang.a2z.com/CredentialsFetcherV2/internal/grpc/server.go:48.118,65.2 4 0
golang.a2z.com/CredentialsFetcherV2/internal/grpc/server.go:68.151,75.2 2 0
golang.a2z.com/CredentialsFetcherV2/internal/grpc/server.go:78.196,82.2 3 0
golang.a2z.com/CredentialsFetcherV2/internal/grpc/server.go:85.196,90.2 2 0
golang.a2z.com/CredentialsFetcherV2/internal/grpc/server.go:93.154,99.2 2 0
golang.a2z.com/CredentialsFetcherV2/internal/grpc/server.go:102.130,104.2 1 0
golang.a2z.com/CredentialsFetcherV2/internal/grpc/server.go:107.154,113.2 2 0
golang.a2z.com/CredentialsFetcherV2/internal/grpc/server.go:116.160,121.2 2 0
golang.a2z.com/CredentialsFetcherV2/internal/grpc/server.go:124.74,129.47 2 0
golang.a2z.com/CredentialsFetcherV2/internal/grpc/server.go:129.47,130.47 1 0
golang.a2z.com/CredentialsFetcherV2/internal/grpc/server.go:130.47,132.4 1 0
golang.a2z.com/CredentialsFetcherV2/internal/grpc/server.go:135.2,136.16 2 0
golang.a2z.com/CredentialsFetcherV2/internal/grpc/server.go:136.16,138.3 1 0
golang.a2z.com/CredentialsFetcherV2/internal/grpc/server.go:140.2,144.12 3 0
golang.a2z.com/CredentialsFetcherV2/internal/grpc/server.go:144.12,146.47 2 0
golang.a2z.com/CredentialsFetcherV2/internal/grpc/server.go:146.47,148.4 1 0
golang.a2z.com/CredentialsFetcherV2/internal/grpc/server.go:152.2,157.12 3 0
golang.a2z.com/CredentialsFetcherV2/internal/grpc/server.go:161.47,163.2 1 0
golang.a2z.com/CredentialsFetcherV2/internal/grpc/api/AddNonDomainJoinedKerberosLease.go:33.196,41.2 1 0
golang.a2z.com/CredentialsFetcherV2/internal/grpc/api/AddNonDomainJoinedKerberosLease.go:44.202,48.47 2 0
golang.a2z.com/CredentialsFetcherV2/internal/grpc/api/AddNonDomainJoinedKerberosLease.go:48.47,50.3 1 0
golang.a2z.com/CredentialsFetcherV2/internal/grpc/api/AddNonDomainJoinedKerberosLease.go:53.2,54.16 2 0
golang.a2z.com/CredentialsFetcherV2/internal/grpc/api/AddNonDomainJoinedKerberosLease.go:54.16,57.3 2 0
golang.a2z.com/CredentialsFetcherV2/internal/grpc/api/AddNonDomainJoinedKerberosLease.go:60.2,61.16 2 0
golang.a2z.com/CredentialsFetcherV2/internal/grpc/api/AddNonDomainJoinedKerberosLease.go:61.16,63.3 1 0
golang.a2z.com/CredentialsFetcherV2/internal/grpc/api/AddNonDomainJoinedKerberosLease.go:66.2,67.16 2 0
golang.a2z.com/CredentialsFetcherV2/internal/grpc/api/AddNonDomainJoinedKerberosLease.go:67.16,69.3 1 0
golang.a2z.com/CredentialsFetcherV2/internal/grpc/api/AddNonDomainJoinedKerberosLease.go:72.2,72.97 1 0
golang.a2z.com/CredentialsFetcherV2/internal/grpc/api/AddNonDomainJoinedKerberosLease.go:72.97,75.51 2 0
golang.a2z.com/CredentialsFetcherV2/internal/grpc/api/AddNonDomainJoinedKerberosLease.go:75.51,76.74 1 0
golang.a2z.com/CredentialsFetcherV2/internal/grpc/api/AddNonDomainJoinedKerberosLease.go:76.74,78.5 1 0
golang.a2z.com/CredentialsFetcherV2/internal/grpc/api/AddNonDomainJoinedKerberosLease.go:80.3,80.67 1 0
golang.a2z.com/CredentialsFetcherV2/internal/grpc/api/AddNonDomainJoinedKerberosLease.go:84.2,87.8 1 0
golang.a2z.com/CredentialsFetcherV2/internal/grpc/api/AddNonDomainJoinedKerberosLease.go:91.115,93.66 1 0
golang.a2z.com/CredentialsFetcherV2/internal/grpc/api/AddNonDomainJoinedKerberosLease.go:93.66,96.3 2 0
golang.a2z.com/CredentialsFetcherV2/internal/grpc/api/AddNonDomainJoinedKerberosLease.go:99.2,99.100 1 0
golang.a2z.com/CredentialsFetcherV2/internal/grpc/api/AddNonDomainJoinedKerberosLease.go:99.100,102.3 2 0
golang.a2z.com/CredentialsFetcherV2/internal/grpc/api/AddNonDomainJoinedKerberosLease.go:105.2,105.69 1 0
golang.a2z.com/CredentialsFetcherV2/internal/grpc/api/AddNonDomainJoinedKerberosLease.go:105.69,108.3 2 0
golang.a2z.com/CredentialsFetcherV2/internal/grpc/api/AddNonDomainJoinedKerberosLease.go:111.2,111.62 1 0
golang.a2z.com/CredentialsFetcherV2/internal/grpc/api/AddNonDomainJoinedKerberosLease.go:111.62,114.3 2 0
golang.a2z.com/CredentialsFetcherV2/internal/grpc/api/AddNonDomainJoinedKerberosLease.go:116.2,116.36 1 0
golang.a2z.com/CredentialsFetcherV2/internal/grpc/api/AddNonDomainJoinedKerberosLease.go:116.36,119.3 2 0
golang.a2z.com/CredentialsFetcherV2/internal/grpc/api/AddNonDomainJoinedKerberosLease.go:121.2,121.12 1 0
golang.a2z.com/CredentialsFetcherV2/internal/grpc/api/AddNonDomainJoinedKerberosLease.go:125.161,129.55 3 0
golang.a2z.com/CredentialsFetcherV2/internal/grpc/api/AddNonDomainJoinedKerberosLease.go:129.55,132.17 2 0
golang.a2z.com/CredentialsFetcherV2/internal/grpc/api/AddNonDomainJoinedKerberosLease.go:132.17,135.4 2 0
golang.a2z.com/CredentialsFetcherV2/internal/grpc/api/AddNonDomainJoinedKerberosLease.go:138.3,150.56 3 0
golang.a2z.com/CredentialsFetcherV2/internal/grpc/api/AddNonDomainJoinedKerberosLease.go:150.56,153.4 2 0
golang.a2z.com/CredentialsFetcherV2/internal/grpc/api/AddNonDomainJoinedKerberosLease.go:153.9,155.4 1 0
golang.a2z.com/CredentialsFetcherV2/internal/grpc/api/AddNonDomainJoinedKerberosLease.go:158.2,158.28 1 0
golang.a2z.com/CredentialsFetcherV2/internal/grpc/api/AddNonDomainJoinedKerberosLease.go:162.190,167.16 3 0
golang.a2z.com/CredentialsFetcherV2/internal/grpc/api/AddNonDomainJoinedKerberosLease.go:167.16,170.3 2 0
golang.a2z.com/CredentialsFetcherV2/internal/grpc/api/AddNonDomainJoinedKerberosLease.go:172.2,172.44 1 0
golang.a2z.com/CredentialsFetcherV2/internal/grpc/api/AddNonDomainJoinedKerberosLease.go:172.44,174.17 2 0
golang.a2z.com/CredentialsFetcherV2/internal/grpc/api/AddNonDomainJoinedKerberosLease.go:174.17,176.45 1 0
golang.a2z.com/CredentialsFetcherV2/internal/grpc/api/AddNonDomainJoinedKerberosLease.go:176.45,178.5 1 0
golang.a2z.com/CredentialsFetcherV2/internal/grpc/api/AddNonDomainJoinedKerberosLease.go:179.4,179.19 1 0
golang.a2z.com/CredentialsFetcherV2/internal/grpc/api/AddNonDomainJoinedKerberosLease.go:183.3,184.17 2 0
golang.a2z.com/CredentialsFetcherV2/internal/grpc/api/AddNonDomainJoinedKerberosLease.go:184.17,187.45 2 0
golang.a2z.com/CredentialsFetcherV2/internal/grpc/api/AddNonDomainJoinedKerberosLease.go:187.45,189.5 1 0
golang.a2z.com/CredentialsFetcherV2/internal/grpc/api/AddNonDomainJoinedKerberosLease.go:190.4,190.19 1 0
golang.a2z.com/CredentialsFetcherV2/internal/grpc/api/AddNonDomainJoinedKerberosLease.go:194.3,199.17 4 0
golang.a2z.com/CredentialsFetcherV2/internal/grpc/api/AddNonDomainJoinedKerberosLease.go:199.17,203.45 3 0
golang.a2z.com/CredentialsFetcherV2/internal/grpc/api/AddNonDomainJoinedKerberosLease.go:203.45,205.5 1 0
golang.a2z.com/CredentialsFetcherV2/internal/grpc/api/AddNonDomainJoinedKerberosLease.go:206.4,206.88 1 0
golang.a2z.com/CredentialsFetcherV2/internal/grpc/api/AddNonDomainJoinedKerberosLease.go:210.3,210.65 1 0
golang.a2z.com/CredentialsFetcherV2/internal/grpc/api/AddNonDomainJoinedKerberosLease.go:213.2,213.33 1 0
golang.a2z.com/CredentialsFetcherV2/internal/grpc/api/AddNonDomainJoinedKerberosLease.go:217.115,221.56 2 0
golang.a2z.com/CredentialsFetcherV2/internal/grpc/api/AddNonDomainJoinedKerberosLease.go:221.56,223.56 2 0
golang.a2z.com/CredentialsFetcherV2/internal/grpc/api/AddNonDomainJoinedKerberosLease.go:223.56,226.4 2 0
golang.a2z.com/CredentialsFetcherV2/internal/grpc/api/AddNonDomainJoinedKerberosLease.go:227.8,229.3 1 0
golang.a2z.com/CredentialsFetcherV2/internal/grpc/api/AddNonDomainJoinedKerberosLease.go:232.2,235.57 2 0
golang.a2z.com/CredentialsFetcherV2/internal/grpc/api/AddNonDomainJoinedKerberosLease.go:235.57,237.17 2 0
golang.a2z.com/CredentialsFetcherV2/internal/grpc/api/AddNonDomainJoinedKerberosLease.go:237.17,240.4 2 0
golang.a2z.com/CredentialsFetcherV2/internal/grpc/api/AddNonDomainJoinedKerberosLease.go:241.3,244.40 2 0
golang.a2z.com/CredentialsFetcherV2/internal/grpc/api/AddNonDomainJoinedKerberosLease.go:247.2,247.26 1 0
golang.a2z.com/CredentialsFetcherV2/internal/grpc/api/AddNonDomainJoinedKerberosLease.go:251.109,254.16 2 0
golang.a2z.com/CredentialsFetcherV2/internal/grpc/api/AddNonDomainJoinedKerberosLease.go:254.16,257.3 2 0
golang.a2z.com/CredentialsFetcherV2/internal/grpc/api/AddNonDomainJoinedKerberosLease.go:259.2,259.29 1 0
golang.a2z.com/CredentialsFetcherV2/internal/grpc/api/AddNonDomainJoinedKerberosLease.go:259.29,262.17 2 0
golang.a2z.com/CredentialsFetcherV2/internal/grpc/api/AddNonDomainJoinedKerberosLease.go:262.17,265.4 2 0
golang.a2z.com/CredentialsFetcherV2/internal/grpc/api/AddNonDomainJoinedKerberosLease.go:267.3,267.21 1 0
golang.a2z.com/CredentialsFetcherV2/internal/grpc/api/AddNonDomainJoinedKerberosLease.go:267.21,270.4 2 0
golang.a2z.com/CredentialsFetcherV2/internal/grpc/api/AddNonDomainJoinedKerberosLease.go:270.9,272.4 1 0
golang.a2z.com/CredentialsFetcherV2/internal/grpc/api/AddNonDomainJoinedKerberosLease.go:275.2,275.31 1 0
golang.a2z.com/CredentialsFetcherV2/internal/grpc/api/AddNonDomainJoinedKerberosLease.go:279.53,281.70 2 0
golang.a2z.com/CredentialsFetcherV2/internal/grpc/api/AddNonDomainJoinedKerberosLease.go:281.70,284.3 2 0
golang.a2z.com/CredentialsFetcherV2/internal/grpc/api/AddNonDomainJoinedKerberosLease.go:285.2,285.12 1 0
golang.a2z.com/CredentialsFetcherV2/internal/grpc/api/HealthCheck.go:13.50,15.2 1 0
golang.a2z.com/CredentialsFetcherV2/internal/grpc/api/HealthCheck.go:18.124,26.2 2 0
golang.a2z.com/CredentialsFetcherV2/internal/grpc/api/HealthCheck_Test.go:12.43,28.2 6 0
golang.a2z.com/CredentialsFetcherV2/internal/grpc/api/HealthCheck_Test.go:31.46,38.2 3 0
golang.a2z.com/CredentialsFetcherV2/internal/logger/logger.go:28.27,29.17 1 1
golang.a2z.com/CredentialsFetcherV2/internal/logger/logger.go:29.17,31.3 1 1
golang.a2z.com/CredentialsFetcherV2/internal/logger/logger.go:32.2,32.17 1 1
golang.a2z.com/CredentialsFetcherV2/internal/logger/logger.go:36.25,41.56 2 1
golang.a2z.com/CredentialsFetcherV2/internal/logger/logger.go:41.56,42.19 1 0
golang.a2z.com/CredentialsFetcherV2/internal/logger/logger.go:43.16,44.30 1 0
golang.a2z.com/CredentialsFetcherV2/internal/logger/logger.go:45.15,46.29 1 0
golang.a2z.com/CredentialsFetcherV2/internal/logger/logger.go:47.15,48.29 1 0
golang.a2z.com/CredentialsFetcherV2/internal/logger/logger.go:49.16,50.30 1 0
golang.a2z.com/CredentialsFetcherV2/internal/logger/logger.go:54.2,59.3 2 1
golang.a2z.com/CredentialsFetcherV2/internal/logger/logger.go:62.49,64.2 1 1
golang.a2z.com/CredentialsFetcherV2/internal/logger/logger.go:66.48,68.2 1 1
golang.a2z.com/CredentialsFetcherV2/internal/logger/logger.go:70.48,72.2 1 1
golang.a2z.com/CredentialsFetcherV2/internal/logger/logger.go:74.49,76.2 1 1
golang.a2z.com/CredentialsFetcherV2/internal/utils/aws_utils/aws_utils.go:18.84,21.16 2 0
golang.a2z.com/CredentialsFetcherV2/internal/utils/aws_utils/aws_utils.go:21.16,23.3 1 0
golang.a2z.com/CredentialsFetcherV2/internal/utils/aws_utils/aws_utils.go:24.2,28.44 3 0
golang.a2z.com/CredentialsFetcherV2/internal/utils/aws_utils/aws_utils.go:33.119,41.16 3 0
golang.a2z.com/CredentialsFetcherV2/internal/utils/aws_utils/aws_utils.go:41.16,43.3 1 0
golang.a2z.com/CredentialsFetcherV2/internal/utils/aws_utils/aws_utils.go:46.2,47.81 2 0
golang.a2z.com/CredentialsFetcherV2/internal/utils/aws_utils/aws_utils.go:47.81,49.3 1 0
golang.a2z.com/CredentialsFetcherV2/internal/utils/aws_utils/aws_utils.go:51.2,51.23 1 0
golang.a2z.com/CredentialsFetcherV2/internal/utils/cmdexec/cmdexec.go:24.29,26.2 1 1
golang.a2z.com/CredentialsFetcherV2/internal/utils/cmdexec/cmdexec.go:29.104,30.19 1 0
golang.a2z.com/CredentialsFetcherV2/internal/utils/cmdexec/cmdexec.go:30.19,32.3 1 0
golang.a2z.com/CredentialsFetcherV2/internal/utils/cmdexec/cmdexec.go:34.2,41.16 5 0
golang.a2z.com/CredentialsFetcherV2/internal/utils/cmdexec/cmdexec.go:41.16,47.3 2 0
golang.a2z.com/CredentialsFetcherV2/internal/utils/cmdexec/cmdexec.go:49.2,53.20 2 0
golang.a2z.com/CredentialsFetcherV2/internal/utils/cmdexec/cmdexec.go:58.125,59.19 1 0
golang.a2z.com/CredentialsFetcherV2/internal/utils/cmdexec/cmdexec.go:59.19,61.3 1 0
golang.a2z.com/CredentialsFetcherV2/internal/utils/cmdexec/cmdexec.go:63.2,72.16 6 0
golang.a2z.com/CredentialsFetcherV2/internal/utils/cmdexec/cmdexec.go:72.16,79.3 2 0
golang.a2z.com/CredentialsFetcherV2/internal/utils/cmdexec/cmdexec.go:81.2,85.20 2 0
golang.a2z.com/CredentialsFetcherV2/internal/utils/cmdexec/cmdexec.go:89.79,92.27 2 0
golang.a2z.com/CredentialsFetcherV2/internal/utils/cmdexec/cmdexec.go:92.27,93.57 1 0
golang.a2z.com/CredentialsFetcherV2/internal/utils/cmdexec/cmdexec.go:93.57,95.4 1 0
golang.a2z.com/CredentialsFetcherV2/internal/utils/cmdexec/cmdexec.go:95.9,97.4 1 0
golang.a2z.com/CredentialsFetcherV2/internal/utils/cmdexec/cmdexec.go:100.2,102.39 3 0
golang.a2z.com/CredentialsFetcherV2/internal/utils/cmdexec/cmdexec.go:107.147,108.19 1 0
golang.a2z.com/CredentialsFetcherV2/internal/utils/cmdexec/cmdexec.go:108.19,110.3 1 0
golang.a2z.com/CredentialsFetcherV2/internal/utils/cmdexec/cmdexec.go:112.2,117.16 4 0
golang.a2z.com/CredentialsFetcherV2/internal/utils/cmdexec/cmdexec.go:117.16,119.3 1 0
golang.a2z.com/CredentialsFetcherV2/internal/utils/cmdexec/cmdexec.go:122.2,132.36 6 0
golang.a2z.com/CredentialsFetcherV2/internal/utils/cmdexec/cmdexec.go:132.36,134.3 1 0
golang.a2z.com/CredentialsFetcherV2/internal/utils/cmdexec/cmdexec.go:137.2,138.16 2 0
golang.a2z.com/CredentialsFetcherV2/internal/utils/cmdexec/cmdexec.go:138.16,140.3 1 0
golang.a2z.com/CredentialsFetcherV2/internal/utils/cmdexec/cmdexec.go:141.2,144.35 2 0
golang.a2z.com/CredentialsFetcherV2/internal/utils/cmdexec/cmdexec.go:144.35,152.3 3 0
golang.a2z.com/CredentialsFetcherV2/internal/utils/cmdexec/cmdexec.go:154.2,159.28 3 0
golang.a2z.com/CredentialsFetcherV2/internal/utils/cmdexec/cmdexec.go:164.127,165.19 1 0
golang.a2z.com/CredentialsFetcherV2/internal/utils/cmdexec/cmdexec.go:165.19,167.3 1 0
golang.a2z.com/CredentialsFetcherV2/internal/utils/cmdexec/cmdexec.go:169.2,173.16 3 0
golang.a2z.com/CredentialsFetcherV2/internal/utils/cmdexec/cmdexec.go:173.16,175.3 1 0
golang.a2z.com/CredentialsFetcherV2/internal/utils/cmdexec/cmdexec.go:178.2,187.36 6 0
golang.a2z.com/CredentialsFetcherV2/internal/utils/cmdexec/cmdexec.go:187.36,189.3 1 0
golang.a2z.com/CredentialsFetcherV2/internal/utils/cmdexec/cmdexec.go:192.2,193.16 2 0
golang.a2z.com/CredentialsFetcherV2/internal/utils/cmdexec/cmdexec.go:193.16,195.3 1 0
golang.a2z.com/CredentialsFetcherV2/internal/utils/cmdexec/cmdexec.go:196.2,199.35 2 0
golang.a2z.com/CredentialsFetcherV2/internal/utils/cmdexec/cmdexec.go:199.35,206.3 3 0
golang.a2z.com/CredentialsFetcherV2/internal/utils/cmdexec/cmdexec.go:208.2,213.28 3 0
golang.a2z.com/CredentialsFetcherV2/internal/utils/config/ecs_config.go:23.76,26.16 2 0
golang.a2z.com/CredentialsFetcherV2/internal/utils/config/ecs_config.go:26.16,29.3 2 0
golang.a2z.com/CredentialsFetcherV2/internal/utils/config/ecs_config.go:30.2,34.21 3 0
golang.a2z.com/CredentialsFetcherV2/internal/utils/config/ecs_config.go:34.21,39.22 3 0
golang.a2z.com/CredentialsFetcherV2/internal/utils/config/ecs_config.go:39.22,41.12 2 0
golang.a2z.com/CredentialsFetcherV2/internal/utils/config/ecs_config.go:45.3,49.29 3 0
golang.a2z.com/CredentialsFetcherV2/internal/utils/config/ecs_config.go:49.29,52.4 2 0
golang.a2z.com/CredentialsFetcherV2/internal/utils/config/ecs_config.go:55.2,55.38 1 0
golang.a2z.com/CredentialsFetcherV2/internal/utils/config/ecs_config.go:55.38,58.3 2 0
golang.a2z.com/CredentialsFetcherV2/internal/utils/config/ecs_config.go:60.2,61.16 2 0
golang.a2z.com/CredentialsFetcherV2/internal/utils/config/ecs_config.go:65.49,68.16 2 0
golang.a2z.com/CredentialsFetcherV2/internal/utils/config/ecs_config.go:68.16,70.3 1 0
golang.a2z.com/CredentialsFetcherV2/internal/utils/config/ecs_config.go:72.2,72.17 1 0
golang.a2z.com/CredentialsFetcherV2/internal/utils/config/ecs_config.go:72.17,74.3 1 0
golang.a2z.com/CredentialsFetcherV2/internal/utils/config/ecs_config.go:74.8,76.3 1 0
golang.a2z.com/CredentialsFetcherV2/internal/utils/config/ecs_config.go:78.2,78.19 1 0
golang.a2z.com/CredentialsFetcherV2/internal/utils/grpc_utils/grpc_utils.go:20.40,27.16 4 0
golang.a2z.com/CredentialsFetcherV2/internal/utils/grpc_utils/grpc_utils.go:27.16,29.3 1 0
golang.a2z.com/CredentialsFetcherV2/internal/utils/grpc_utils/grpc_utils.go:32.2,32.22 1 0
golang.a2z.com/CredentialsFetcherV2/internal/utils/grpc_utils/grpc_utils.go:32.22,35.3 2 0
golang.a2z.com/CredentialsFetcherV2/internal/utils/grpc_utils/grpc_utils.go:37.2,37.30 1 0
golang.a2z.com/CredentialsFetcherV2/internal/utils/grpc_utils/grpc_utils.go:41.72,44.24 2 0
golang.a2z.com/CredentialsFetcherV2/internal/utils/grpc_utils/grpc_utils.go:44.24,47.3 2 0
golang.a2z.com/CredentialsFetcherV2/internal/utils/grpc_utils/grpc_utils.go:50.2,51.16 2 0
golang.a2z.com/CredentialsFetcherV2/internal/utils/grpc_utils/grpc_utils.go:51.16,53.3 1 0
golang.a2z.com/CredentialsFetcherV2/internal/utils/grpc_utils/grpc_utils.go:56.2,57.16 2 0
golang.a2z.com/CredentialsFetcherV2/internal/utils/grpc_utils/grpc_utils.go:57.16,59.3 1 0
golang.a2z.com/CredentialsFetcherV2/internal/utils/grpc_utils/grpc_utils.go:62.2,63.16 2 0
golang.a2z.com/CredentialsFetcherV2/internal/utils/grpc_utils/grpc_utils.go:63.16,65.3 1 0
[...]
golang.a2z.com/CredentialsFetcherV2/internal/utils/grpc_utils/grpc_utils.go:105.2,106.29 2 0
golang.a2z.com/CredentialsFetcherV2/internal/utils/grpc_utils/grpc_utils.go:106.29,109.3 2 0
golang.a2z.com/CredentialsFetcherV2/internal/utils/grpc_utils/grpc_utils.go:111.2,111.65 1 0
golang.a2z.com/CredentialsFetcherV2/internal/utils/grpc_utils/grpc_utils.go:111.65,113.3 1 0
golang.a2z.com/CredentialsFetcherV2/internal/utils/grpc_utils/grpc_utils.go:115.2,115.37 1 0
golang.a2z.com/CredentialsFetcherV2/internal/utils/grpc_utils/grpc_utils.go:119.77,123.9 3 0
golang.a2z.com/CredentialsFetcherV2/internal/utils/grpc_utils/grpc_utils.go:123.9,126.3 2 0
golang.a2z.com/CredentialsFetcherV2/internal/utils/grpc_utils/grpc_utils.go:128.2,129.9 2 0
golang.a2z.com/CredentialsFetcherV2/internal/utils/grpc_utils/grpc_utils.go:129.9,132.3 2 0
golang.a2z.com/CredentialsFetcherV2/internal/utils/grpc_utils/grpc_utils.go:134.2,134.43 1 0
golang.a2z.com/CredentialsFetcherV2/internal/utils/grpc_utils/grpc_utils.go:134.43,137.3 2 0
golang.a2z.com/CredentialsFetcherV2/internal/utils/grpc_utils/grpc_utils.go:140.2,140.54 1 0
golang.a2z.com/CredentialsFetcherV2/internal/utils/grpc_utils/grpc_utils.go:140.54,142.10 2 0
golang.a2z.com/CredentialsFetcherV2/internal/utils/grpc_utils/grpc_utils.go:142.10,143.12 1 0
golang.a2z.com/CredentialsFetcherV2/internal/utils/grpc_utils/grpc_utils.go:146.3,146.64 1 0
golang.a2z.com/CredentialsFetcherV2/internal/utils/grpc_utils/grpc_utils.go:146.64,148.4 1 0
golang.a2z.com/CredentialsFetcherV2/internal/utils/grpc_utils/grpc_utils.go:151.2,152.81 2 0
golang.a2z.com/CredentialsFetcherV2/internal/utils/grpc_utils/grpc_utils.go:156.74,159.51 2 0
golang.a2z.com/CredentialsFetcherV2/internal/utils/grpc_utils/grpc_utils.go:159.51,162.3 2 0
golang.a2z.com/CredentialsFetcherV2/internal/utils/grpc_utils/grpc_utils.go:164.2,164.64 1 0
golang.a2z.com/CredentialsFetcherV2/internal/utils/grpc_utils/grpc_utils.go:164.64,167.3 2 0
golang.a2z.com/CredentialsFetcherV2/internal/utils/grpc_utils/grpc_utils.go:169.2,169.12 1 0
golang.a2z.com/CredentialsFetcherV2/internal/utils/grpc_utils/grpc_utils.go:173.72,177.9 3 0
golang.a2z.com/CredentialsFetcherV2/internal/utils/grpc_utils/grpc_utils.go:177.9,180.3 2 0
golang.a2z.com/CredentialsFetcherV2/internal/utils/grpc_utils/grpc_utils.go:182.2,183.9 2 0
golang.a2z.com/CredentialsFetcherV2/internal/utils/grpc_utils/grpc_utils.go:183.9,186.3 2 0
golang.a2z.com/CredentialsFetcherV2/internal/utils/grpc_utils/grpc_utils.go:188.2,189.9 2 0
golang.a2z.com/CredentialsFetcherV2/internal/utils/grpc_utils/grpc_utils.go:189.9,192.3 2 0
golang.a2z.com/CredentialsFetcherV2/internal/utils/grpc_utils/grpc_utils.go:194.2,195.9 2 0
golang.a2z.com/CredentialsFetcherV2/internal/utils/grpc_utils/grpc_utils.go:195.9,198.3 2 0
golang.a2z.com/CredentialsFetcherV2/internal/utils/grpc_utils/grpc_utils.go:200.2,200.27 1 0
golang.a2z.com/CredentialsFetcherV2/internal/utils/grpc_utils/grpc_utils.go:204.49,208.20 2 0
golang.a2z.com/CredentialsFetcherV2/internal/utils/grpc_utils/grpc_utils.go:208.20,211.3 2 0
golang.a2z.com/CredentialsFetcherV2/internal/utils/grpc_utils/grpc_utils.go:214.2,214.32 1 0
golang.a2z.com/CredentialsFetcherV2/internal/utils/grpc_utils/grpc_utils.go:214.32,215.80 1 0
golang.a2z.com/CredentialsFetcherV2/internal/utils/grpc_utils/grpc_utils.go:215.80,220.4 2 0
golang.a2z.com/CredentialsFetcherV2/internal/utils/grpc_utils/grpc_utils.go:223.2,223.12 1 0
golang.a2z.com/CredentialsFetcherV2/internal/utils/grpc_utils/grpc_utils.go:227.42,231.18 2 0
golang.a2z.com/CredentialsFetcherV2/internal/utils/grpc_utils/grpc_utils.go:231.18,234.3 2 0
golang.a2z.com/CredentialsFetcherV2/internal/utils/grpc_utils/grpc_utils.go:237.2,238.16 2 0
golang.a2z.com/CredentialsFetcherV2/internal/utils/grpc_utils/grpc_utils.go:238.16,241.3 2 0
golang.a2z.com/CredentialsFetcherV2/internal/utils/grpc_utils/grpc_utils.go:243.2,243.48 1 0
golang.a2z.com/CredentialsFetcherV2/internal/utils/grpc_utils/grpc_utils.go:243.48,246.3 2 0
golang.a2z.com/CredentialsFetcherV2/internal/utils/grpc_utils/grpc_utils.go:248.2,248.12 1 0
golang.a2z.com/CredentialsFetcherV2/internal/utils/grpc_utils/grpc_utils.go:252.72,255.49 2 0
golang.a2z.com/CredentialsFetcherV2/internal/utils/grpc_utils/grpc_utils.go:255.49,260.3 2 0
golang.a2z.com/CredentialsFetcherV2/internal/utils/grpc_utils/grpc_utils.go:262.2,262.49 1 0
golang.a2z.com/CredentialsFetcherV2/internal/utils/grpc_utils/grpc_utils.go:262.49,267.3 2 0
golang.a2z.com/CredentialsFetcherV2/internal/utils/grpc_utils/grpc_utils.go:269.2,269.45 1 0
golang.a2z.com/CredentialsFetcherV2/internal/utils/grpc_utils/grpc_utils.go:269.45,274.3 2 0
golang.a2z.com/CredentialsFetcherV2/internal/utils/grpc_utils/grpc_utils.go:276.2,276.12 1 0
golang.a2z.com/CredentialsFetcherV2/internal/utils/grpc_utils/grpc_utils.go:282.60,287.16 3 0
golang.a2z.com/CredentialsFetcherV2/internal/utils/grpc_utils/grpc_utils.go:287.16,290.3 2 0
golang.a2z.com/CredentialsFetcherV2/internal/utils/grpc_utils/grpc_utils.go:291.2,295.51 3 0
golang.a2z.com/CredentialsFetcherV2/internal/utils/grpc_utils/grpc_utils.go:295.51,296.35 1 0
golang.a2z.com/CredentialsFetcherV2/internal/utils/grpc_utils/grpc_utils.go:296.35,298.4 1 0
golang.a2z.com/CredentialsFetcherV2/internal/utils/grpc_utils/grpc_utils.go:302.2,302.29 1 0
golang.a2z.com/CredentialsFetcherV2/internal/utils/grpc_utils/grpc_utils.go:302.29,303.58 1 0
golang.a2z.com/CredentialsFetcherV2/internal/utils/grpc_utils/grpc_utils.go:303.58,304.36 1 0
golang.a2z.com/CredentialsFetcherV2/internal/utils/grpc_utils/grpc_utils.go:304.36,306.5 1 0
golang.a2z.com/CredentialsFetcherV2/internal/utils/grpc_utils/grpc_utils.go:310.2,310.31 1 0
golang.a2z.com/CredentialsFetcherV2/internal/utils/grpc_utils/grpc_utils.go:315.61,316.22 1 0
golang.a2z.com/CredentialsFetcherV2/internal/utils/grpc_utils/grpc_utils.go:316.22,318.3 1 0
golang.a2z.com/CredentialsFetcherV2/internal/utils/grpc_utils/grpc_utils.go:321.2,325.29 3 0
golang.a2z.com/CredentialsFetcherV2/internal/utils/grpc_utils/grpc_utils.go:325.29,327.23 2 0
golang.a2z.com/CredentialsFetcherV2/internal/utils/grpc_utils/grpc_utils.go:327.23,329.4 1 0
golang.a2z.com/CredentialsFetcherV2/internal/utils/grpc_utils/grpc_utils.go:332.2,332.29 1 0
golang.a2z.com/CredentialsFetcherV2/internal/utils/grpc_utils/grpc_utils.go:338.55,344.16 4 0
golang.a2z.com/CredentialsFetcherV2/internal/utils/grpc_utils/grpc_utils.go:344.16,347.3 1 0
golang.a2z.com/CredentialsFetcherV2/internal/utils/grpc_utils/grpc_utils.go:349.2,350.26 2 0
golang.a2z.com/CredentialsFetcherV2/internal/utils/grpc_utils/grpc_utils.go:350.26,354.17 3 0
golang.a2z.com/CredentialsFetcherV2/internal/utils/grpc_utils/grpc_utils.go:354.17,357.4 2 0
golang.a2z.com/CredentialsFetcherV2/internal/utils/grpc_utils/grpc_utils.go:360.3,360.33 1 0
golang.a2z.com/CredentialsFetcherV2/internal/utils/grpc_utils/grpc_utils.go:360.33,362.4 1 0
golang.a2z.com/CredentialsFetcherV2/internal/utils/grpc_utils/grpc_utils.go:363.8,366.3 1 0
golang.a2z.com/CredentialsFetcherV2/internal/utils/grpc_utils/grpc_utils.go:368.2,368.22 1 0
golang.a2z.com/CredentialsFetcherV2/internal/utils/grpc_utils/grpc_utils.go:373.52,382.35 6 0
golang.a2z.com/CredentialsFetcherV2/internal/utils/grpc_utils/grpc_utils.go:382.35,387.30 3 0
golang.a2z.com/CredentialsFetcherV2/internal/utils/grpc_utils/grpc_utils.go:387.30,388.42 1 0
golang.a2z.com/CredentialsFetcherV2/internal/utils/grpc_utils/grpc_utils.go:388.42,391.5 2 0
golang.a2z.com/CredentialsFetcherV2/internal/utils/grpc_utils/grpc_utils.go:395.3,396.21 2 0
golang.a2z.com/CredentialsFetcherV2/internal/utils/grpc_utils/grpc_utils.go:396.21,398.4 1 0
golang.a2z.com/CredentialsFetcherV2/internal/utils/grpc_utils/grpc_utils.go:402.2,405.35 3 0
golang.a2z.com/CredentialsFetcherV2/internal/utils/grpc_utils/grpc_utils.go:405.35,408.21 2 0
golang.a2z.com/CredentialsFetcherV2/internal/utils/grpc_utils/grpc_utils.go:408.21,410.4 1 0
golang.a2z.com/CredentialsFetcherV2/internal/utils/grpc_utils/grpc_utils.go:411.8,411.23 1 0
golang.a2z.com/CredentialsFetcherV2/internal/utils/grpc_utils/grpc_utils.go:411.23,414.3 2 0
golang.a2z.com/CredentialsFetcherV2/internal/utils/grpc_utils/grpc_utils.go:417.2,418.24 2 0
golang.a2z.com/CredentialsFetcherV2/internal/utils/grpc_utils/grpc_utils.go:422.51,428.29 3 0
golang.a2z.com/CredentialsFetcherV2/internal/utils/grpc_utils/grpc_utils.go:428.29,430.17 2 0
golang.a2z.com/CredentialsFetcherV2/internal/utils/grpc_utils/grpc_utils.go:430.17,431.12 1 0
golang.a2z.com/CredentialsFetcherV2/internal/utils/grpc_utils/grpc_utils.go:435.3,436.22 2 0
golang.a2z.com/CredentialsFetcherV2/internal/utils/grpc_utils/grpc_utils.go:436.22,440.36 2 0
golang.a2z.com/CredentialsFetcherV2/internal/utils/grpc_utils/grpc_utils.go:440.36,442.5 1 0
golang.a2z.com/CredentialsFetcherV2/internal/utils/grpc_utils/grpc_utils.go:444.4,444.31 1 0
golang.a2z.com/CredentialsFetcherV2/internal/utils/grpc_utils/grpc_utils.go:448.2,448.14 1 0
golang.a2z.com/CredentialsFetcherV2/internal/utils/krb_utils/krb_utils.go:17.93,28.70 4 0
golang.a2z.com/CredentialsFetcherV2/internal/utils/krb_utils/krb_utils.go:28.70,30.3 1 0
golang.a2z.com/CredentialsFetcherV2/internal/utils/krb_utils/krb_utils.go:32.2,34.53 2 0
golang.a2z.com/CredentialsFetcherV2/internal/utils/krb_utils/krb_utils.go:34.53,36.3 1 0
golang.a2z.com/CredentialsFetcherV2/internal/utils/krb_utils/krb_utils.go:38.2,38.32 1 0
golang.a2z.com/CredentialsFetcherV2/internal/utils/krb_utils/krb_utils.go:42.99,43.29 1 0
golang.a2z.com/CredentialsFetcherV2/internal/utils/krb_utils/krb_utils.go:43.29,44.51 1 0
golang.a2z.com/CredentialsFetcherV2/internal/utils/krb_utils/krb_utils.go:44.51,47.23 2 0
golang.a2z.com/CredentialsFetcherV2/internal/utils/krb_utils/krb_utils.go:47.23,50.33 3 0
golang.a2z.com/CredentialsFetcherV2/internal/utils/krb_utils/krb_utils.go:50.33,59.48 5 0
golang.a2z.com/CredentialsFetcherV2/internal/utils/krb_utils/krb_utils.go:59.48,61.7 1 0
golang.a2z.com/CredentialsFetcherV2/internal/utils/krb_utils/krb_utils.go:61.12,63.7 1 0
golang.a2z.com/CredentialsFetcherV2/internal/utils/krb_utils/krb_utils.go:65.6,67.39 3 0
golang.a2z.com/CredentialsFetcherV2/internal/utils/krb_utils/krb_utils.go:67.39,69.7 1 0
golang.a2z.com/CredentialsFetcherV2/internal/utils/krb_utils/krb_utils.go:70.6,75.16 4 0
golang.a2z.com/CredentialsFetcherV2/internal/utils/krb_utils/krb_utils.go:81.2,81.75 1 0
golang.a2z.com/CredentialsFetcherV2/internal/utils/krb_utils/krb_utils.go:85.61,91.29 4 0
golang.a2z.com/CredentialsFetcherV2/internal/utils/krb_utils/krb_utils.go:91.29,92.47 1 0
golang.a2z.com/CredentialsFetcherV2/internal/utils/krb_utils/krb_utils.go:92.47,96.50 2 0
golang.a2z.com/CredentialsFetcherV2/internal/utils/krb_utils/krb_utils.go:96.50,99.5 2 0
golang.a2z.com/CredentialsFetcherV2/internal/utils/krb_utils/krb_utils.go:100.4,100.12 1 0
golang.a2z.com/CredentialsFetcherV2/internal/utils/krb_utils/krb_utils.go:104.3,104.22 1 0
golang.a2z.com/CredentialsFetcherV2/internal/utils/krb_utils/krb_utils.go:104.22,106.40 1 0
golang.a2z.com/CredentialsFetcherV2/internal/utils/krb_utils/krb_utils.go:106.40,108.5 1 0
golang.a2z.com/CredentialsFetcherV2/internal/utils/krb_utils/krb_utils.go:108.10,108.52 1 0
golang.a2z.com/CredentialsFetcherV2/internal/utils/krb_utils/krb_utils.go:108.52,110.5 1 0
golang.a2z.com/CredentialsFetcherV2/internal/utils/krb_utils/krb_utils.go:110.10,110.78 1 0
golang.a2z.com/CredentialsFetcherV2/internal/utils/krb_utils/krb_utils.go:110.78,114.5 1 0
golang.a2z.com/CredentialsFetcherV2/internal/utils/krb_utils/krb_utils.go:114.10,116.38 1 0
golang.a2z.com/CredentialsFetcherV2/internal/utils/krb_utils/krb_utils.go:116.38,118.5 1 0
golang.a2z.com/CredentialsFetcherV2/internal/utils/krb_utils/krb_utils.go:123.2,123.69 1 0
golang.a2z.com/CredentialsFetcherV2/internal/utils/krb_utils/krb_utils.go:123.69,128.3 2 0
golang.a2z.com/CredentialsFetcherV2/internal/utils/krb_utils/krb_utils.go:132.57,134.22 2 0
golang.a2z.com/CredentialsFetcherV2/internal/utils/krb_utils/krb_utils.go:134.22,137.17 2 0
golang.a2z.com/CredentialsFetcherV2/internal/utils/krb_utils/krb_utils.go:137.17,140.4 1 0
golang.a2z.com/CredentialsFetcherV2/internal/utils/krb_utils/krb_utils.go:140.9,142.4 1 0
golang.a2z.com/CredentialsFetcherV2/internal/utils/krb_utils/krb_utils.go:145.3,146.17 2 0
golang.a2z.com/CredentialsFetcherV2/internal/utils/krb_utils/krb_utils.go:146.17,149.4 1 0
golang.a2z.com/CredentialsFetcherV2/internal/utils/krb_utils/krb_utils.go:149.9,151.4 1 0
golang.a2z.com/CredentialsFetcherV2/internal/utils/krb_utils/krb_utils.go:156.80,158.31 1 0
golang.a2z.com/CredentialsFetcherV2/internal/utils/krb_utils/krb_utils.go:158.31,159.47 1 0
golang.a2z.com/CredentialsFetcherV2/internal/utils/krb_utils/krb_utils.go:159.47,162.18 3 0
golang.a2z.com/CredentialsFetcherV2/internal/utils/krb_utils/krb_utils.go:162.18,165.13 2 0
golang.a2z.com/CredentialsFetcherV2/internal/utils/krb_utils/krb_utils.go:167.4,167.26 1 0
golang.a2z.com/CredentialsFetcherV2/internal/utils/krb_utils/krb_utils.go:172.2,172.49 1 0
golang.a2z.com/CredentialsFetcherV2/internal/utils/krb_utils/krb_utils.go:172.49,175.17 3 0
golang.a2z.com/CredentialsFetcherV2/internal/utils/krb_utils/krb_utils.go:175.17,179.4 2 0
golang.a2z.com/CredentialsFetcherV2/internal/utils/krb_utils/krb_utils.go:180.3,180.25 1 0
golang.a2z.com/CredentialsFetcherV2/internal/utils/krb_utils/krb_utils.go:183.2,183.56 1 0
golang.a2z.com/CredentialsFetcherV2/internal/utils/krb_utils/krb_utils.go:187.56,189.73 2 0
golang.a2z.com/CredentialsFetcherV2/internal/utils/krb_utils/krb_utils.go:189.73,191.3 1 0
golang.a2z.com/CredentialsFetcherV2/internal/utils/krb_utils/krb_utils.go:195.57,197.74 2 0
golang.a2z.com/CredentialsFetcherV2/internal/utils/krb_utils/krb_utils.go:197.74,199.3 1 0
golang.a2z.com/CredentialsFetcherV2/internal/utils/krb_utils/krb_utils.go:203.56,205.73 2 0
golang.a2z.com/CredentialsFetcherV2/internal/utils/krb_utils/krb_utils.go:205.73,207.3 1 0
golang.a2z.com/CredentialsFetcherV2/internal/utils/krb_utils/krb_utils.go:211.36,217.2 1 0
golang.a2z.com/CredentialsFetcherV2/internal/utils/krb_utils/krb_utils.go:220.62,221.51 1 0
golang.a2z.com/CredentialsFetcherV2/internal/utils/krb_utils/krb_utils.go:221.51,223.3 1 0
golang.a2z.com/CredentialsFetcherV2/internal/utils/krb_utils/krb_utils.go:225.2,225.36 1 0
golang.a2z.com/CredentialsFetcherV2/internal/utils/krb_utils/krb_utils.go:225.36,227.3 1 0
golang.a2z.com/CredentialsFetcherV2/internal/utils/krb_utils/krb_utils.go:229.2,229.12 1 0
golang.a2z.com/CredentialsFetcherV2/internal/utils/metadata_utils/metadata.go:17.60,20.84 2 0
golang.a2z.com/CredentialsFetcherV2/internal/utils/metadata_utils/metadata.go:20.84,21.17 1 0
golang.a2z.com/CredentialsFetcherV2/internal/utils/metadata_utils/metadata.go:21.17,23.4 1 0
golang.a2z.com/CredentialsFetcherV2/internal/utils/metadata_utils/metadata.go:24.3,24.66 1 0
golang.a2z.com/CredentialsFetcherV2/internal/utils/metadata_utils/metadata.go:24.66,26.4 1 0
golang.a2z.com/CredentialsFetcherV2/internal/utils/metadata_utils/metadata.go:27.3,27.13 1 0
golang.a2z.com/CredentialsFetcherV2/internal/utils/metadata_utils/metadata.go:30.2,30.16 1 0
golang.a2z.com/CredentialsFetcherV2/internal/utils/metadata_utils/metadata.go:30.16,32.3 1 0
golang.a2z.com/CredentialsFetcherV2/internal/utils/metadata_utils/metadata.go:34.2,34.27 1 0
golang.a2z.com/CredentialsFetcherV2/internal/utils/metadata_utils/metadata.go:38.69,40.16 2 0
golang.a2z.com/CredentialsFetcherV2/internal/utils/metadata_utils/metadata.go:40.16,42.3 1 0
golang.a2z.com/CredentialsFetcherV2/internal/utils/metadata_utils/metadata.go:45.2,49.99 2 0
golang.a2z.com/CredentialsFetcherV2/internal/utils/metadata_utils/metadata.go:49.99,51.53 2 0
golang.a2z.com/CredentialsFetcherV2/internal/utils/metadata_utils/metadata.go:51.53,54.55 2 0
golang.a2z.com/CredentialsFetcherV2/internal/utils/metadata_utils/metadata.go:54.55,56.5 1 0
golang.a2z.com/CredentialsFetcherV2/internal/utils/metadata_utils/metadata.go:57.4,57.62 1 0
golang.a2z.com/CredentialsFetcherV2/internal/utils/metadata_utils/metadata.go:57.62,59.5 1 0
golang.a2z.com/CredentialsFetcherV2/internal/utils/metadata_utils/metadata.go:60.4,60.53 1 0
golang.a2z.com/CredentialsFetcherV2/internal/utils/metadata_utils/metadata.go:60.53,62.5 1 0
golang.a2z.com/CredentialsFetcherV2/internal/utils/metadata_utils/metadata.go:63.4,63.57 1 0
golang.a2z.com/CredentialsFetcherV2/internal/utils/metadata_utils/metadata.go:63.57,65.5 1 0
golang.a2z.com/CredentialsFetcherV2/internal/utils/metadata_utils/metadata.go:66.4,66.60 1 0
golang.a2z.com/CredentialsFetcherV2/internal/utils/metadata_utils/metadata.go:66.60,68.5 1 0
golang.a2z.com/CredentialsFetcherV2/internal/utils/metadata_utils/metadata.go:69.4,69.55 1 0
golang.a2z.com/CredentialsFetcherV2/internal/utils/metadata_utils/metadata.go:69.55,71.5 1 0
golang.a2z.com/CredentialsFetcherV2/internal/utils/metadata_utils/metadata.go:72.4,72.56 1 0
golang.a2z.com/CredentialsFetcherV2/internal/utils/metadata_utils/metadata.go:72.56,74.5 1 0
golang.a2z.com/CredentialsFetcherV2/internal/utils/metadata_utils/metadata.go:76.3,76.22 1 0
golang.a2z.com/CredentialsFetcherV2/internal/utils/metadata_utils/metadata.go:80.2,81.55 2 0
golang.a2z.com/CredentialsFetcherV2/internal/utils/metadata_utils/metadata.go:81.55,83.3 1 0
golang.a2z.com/CredentialsFetcherV2/internal/utils/metadata_utils/metadata.go:85.2,85.21 1 0
golang.a2z.com/CredentialsFetcherV2/internal/utils/metadata_utils/metadata.go:89.102,96.51 4 0
golang.a2z.com/CredentialsFetcherV2/internal/utils/metadata_utils/metadata.go:96.51,98.3 1 0
golang.a2z.com/CredentialsFetcherV2/internal/utils/metadata_utils/metadata.go:101.2,104.44 3 0
golang.a2z.com/CredentialsFetcherV2/internal/utils/metadata_utils/metadata.go:104.44,115.37 2 0
golang.a2z.com/CredentialsFetcherV2/internal/utils/metadata_utils/metadata.go:115.37,117.4 1 0
golang.a2z.com/CredentialsFetcherV2/internal/utils/metadata_utils/metadata.go:119.3,119.60 1 0
golang.a2z.com/CredentialsFetcherV2/internal/utils/metadata_utils/metadata.go:122.2,126.16 3 0
golang.a2z.com/CredentialsFetcherV2/internal/utils/metadata_utils/metadata.go:126.16,128.3 1 0
golang.a2z.com/CredentialsFetcherV2/internal/utils/metadata_utils/metadata.go:131.2,131.63 1 0
golang.a2z.com/CredentialsFetcherV2/internal/utils/metadata_utils/metadata.go:131.63,133.3 1 0
golang.a2z.com/CredentialsFetcherV2/internal/utils/metadata_utils/metadata.go:135.2,135.12 1 0
golang.a2z.com/CredentialsFetcherV2/internal/watchdog/watchdog.go:35.39,36.25 1 1
golang.a2z.com/CredentialsFetcherV2/internal/watchdog/watchdog.go:36.25,38.3 1 1
golang.a2z.com/CredentialsFetcherV2/internal/watchdog/watchdog.go:39.2,39.30 1 1
golang.a2z.com/CredentialsFetcherV2/internal/watchdog/watchdog.go:43.39,45.16 2 1
golang.a2z.com/CredentialsFetcherV2/internal/watchdog/watchdog.go:45.16,47.3 1 0
golang.a2z.com/CredentialsFetcherV2/internal/watchdog/watchdog.go:49.2,49.19 1 1
golang.a2z.com/CredentialsFetcherV2/internal/watchdog/watchdog.go:49.19,51.3 1 1
golang.a2z.com/CredentialsFetcherV2/internal/watchdog/watchdog.go:53.2,56.8 1 1
golang.a2z.com/CredentialsFetcherV2/internal/watchdog/watchdog.go:60.30,62.16 2 1
golang.a2z.com/CredentialsFetcherV2/internal/watchdog/watchdog.go:62.16,64.3 1 0
golang.a2z.com/CredentialsFetcherV2/internal/watchdog/watchdog.go:65.2,65.11 1 1
golang.a2z.com/CredentialsFetcherV2/internal/watchdog/watchdog.go:69.53,79.6 5 1
golang.a2z.com/CredentialsFetcherV2/internal/watchdog/watchdog.go:79.6,80.10 1 1
golang.a2z.com/CredentialsFetcherV2/internal/watchdog/watchdog.go:81.21,83.14 2 1
golang.a2z.com/CredentialsFetcherV2/internal/watchdog/watchdog.go:84.19,85.37 1 1
golang.a2z.com/CredentialsFetcherV2/internal/watchdog/watchdog.go:85.37,87.5 1 1
golang.a2z.com/CredentialsFetcherV2/internal/watchdog/watchdog.go:93.35,94.83 1 1
golang.a2z.com/CredentialsFetcherV2/internal/watchdog/watchdog.go:94.83,96.3 1 1
golang.a2z.com/CredentialsFetcherV2/internal/watchdog/watchdog.go:97.2,99.12 3 0
