mode: set
golang.a2z.com/CredentialsFetcherV2/internal/auth/decode/utf16_decoder.go:14.53,18.26 2 1
golang.a2z.com/CredentialsFetcherV2/internal/auth/decode/utf16_decoder.go:18.26,20.3 1 1
golang.a2z.com/CredentialsFetcherV2/internal/auth/decode/utf16_decoder.go:23.2,23.28 1 1
golang.a2z.com/CredentialsFetcherV2/internal/auth/decode/utf16_decoder.go:23.28,27.3 2 1
golang.a2z.com/CredentialsFetcherV2/internal/auth/decode/utf16_decoder.go:30.2,31.39 2 1
golang.a2z.com/CredentialsFetcherV2/internal/auth/decode/utf16_decoder.go:31.39,34.3 1 1
golang.a2z.com/CredentialsFetcherV2/internal/auth/decode/utf16_decoder.go:38.2,47.20 4 1
golang.a2z.com/CredentialsFetcherV2/internal/auth/kerberos/krb_client.go:41.26,45.2 1 0
golang.a2z.com/CredentialsFetcherV2/internal/auth/kerberos/krb_client.go:48.83,55.16 4 0
golang.a2z.com/CredentialsFetcherV2/internal/auth/kerberos/krb_client.go:55.16,61.3 2 0
golang.a2z.com/CredentialsFetcherV2/internal/auth/kerberos/krb_client.go:62.2,66.16 3 0
golang.a2z.com/CredentialsFetcherV2/internal/auth/kerberos/krb_client.go:66.16,69.3 2 0
golang.a2z.com/CredentialsFetcherV2/internal/auth/kerberos/krb_client.go:71.2,76.32 2 0
golang.a2z.com/CredentialsFetcherV2/internal/auth/kerberos/krb_client.go:80.108,82.16 2 0
golang.a2z.com/CredentialsFetcherV2/internal/auth/kerberos/krb_client.go:82.16,85.3 2 0
golang.a2z.com/CredentialsFetcherV2/internal/auth/kerberos/krb_client.go:87.2,87.30 1 0
golang.a2z.com/CredentialsFetcherV2/internal/auth/kerberos/krb_client.go:87.30,90.3 2 0
golang.a2z.com/CredentialsFetcherV2/internal/auth/kerberos/krb_client.go:92.2,95.44 3 0
golang.a2z.com/CredentialsFetcherV2/internal/auth/kerberos/krb_client.go:95.44,97.17 2 0
golang.a2z.com/CredentialsFetcherV2/internal/auth/kerberos/krb_client.go:97.17,102.12 2 0
golang.a2z.com/CredentialsFetcherV2/internal/auth/kerberos/krb_client.go:105.3,106.58 2 0
golang.a2z.com/CredentialsFetcherV2/internal/auth/kerberos/krb_client.go:109.2,109.23 1 0
golang.a2z.com/CredentialsFetcherV2/internal/auth/kerberos/krb_client.go:109.23,112.3 2 0
golang.a2z.com/CredentialsFetcherV2/internal/auth/kerberos/krb_client.go:114.2,114.39 1 0
golang.a2z.com/CredentialsFetcherV2/internal/auth/kerberos/krb_client.go:118.109,120.16 2 0
golang.a2z.com/CredentialsFetcherV2/internal/auth/kerberos/krb_client.go:120.16,123.3 2 0
golang.a2z.com/CredentialsFetcherV2/internal/auth/kerberos/krb_client.go:125.2,128.45 3 0
golang.a2z.com/CredentialsFetcherV2/internal/auth/kerberos/krb_client.go:128.45,130.17 2 0
golang.a2z.com/CredentialsFetcherV2/internal/auth/kerberos/krb_client.go:130.17,132.12 2 0
golang.a2z.com/CredentialsFetcherV2/internal/auth/kerberos/krb_client.go:135.3,136.58 2 0
golang.a2z.com/CredentialsFetcherV2/internal/auth/kerberos/krb_client.go:139.2,139.26 1 0
golang.a2z.com/CredentialsFetcherV2/internal/auth/kerberos/krb_client.go:139.26,142.3 2 0
golang.a2z.com/CredentialsFetcherV2/internal/auth/kerberos/krb_client.go:144.2,144.40 1 0
golang.a2z.com/CredentialsFetcherV2/internal/auth/kerberos/krb_client.go:148.93,167.16 5 0
golang.a2z.com/CredentialsFetcherV2/internal/auth/kerberos/krb_client.go:167.16,173.3 2 0
golang.a2z.com/CredentialsFetcherV2/internal/auth/kerberos/krb_client.go:175.2,176.12 2 0
golang.a2z.com/CredentialsFetcherV2/internal/auth/kerberos/krb_client.go:180.74,190.61 3 0
golang.a2z.com/CredentialsFetcherV2/internal/auth/kerberos/krb_client.go:190.61,192.3 1 0
golang.a2z.com/CredentialsFetcherV2/internal/auth/kerberos/krb_client.go:195.2,196.16 2 0
golang.a2z.com/CredentialsFetcherV2/internal/auth/kerberos/krb_client.go:196.16,198.3 1 0
golang.a2z.com/CredentialsFetcherV2/internal/auth/kerberos/krb_client.go:201.2,201.85 1 0
golang.a2z.com/CredentialsFetcherV2/internal/auth/kerberos/krb_client.go:201.85,204.3 1 0
golang.a2z.com/CredentialsFetcherV2/internal/auth/kerberos/krb_client.go:207.2,208.16 2 0
golang.a2z.com/CredentialsFetcherV2/internal/auth/kerberos/krb_client.go:208.16,210.3 1 0
golang.a2z.com/CredentialsFetcherV2/internal/auth/kerberos/krb_client.go:213.2,213.58 1 0
golang.a2z.com/CredentialsFetcherV2/internal/auth/kerberos/krb_client.go:217.77,218.33 1 0
golang.a2z.com/CredentialsFetcherV2/internal/auth/kerberos/krb_client.go:218.33,220.3 1 0
golang.a2z.com/CredentialsFetcherV2/internal/auth/kerberos/krb_client.go:222.2,222.41 1 0
golang.a2z.com/CredentialsFetcherV2/internal/auth/kerberos/krb_client.go:222.41,224.3 1 0
golang.a2z.com/CredentialsFetcherV2/internal/auth/kerberos/krb_client.go:226.2,226.12 1 0
golang.a2z.com/CredentialsFetcherV2/internal/auth/kerberos/krb_client.go:230.100,232.16 2 0
golang.a2z.com/CredentialsFetcherV2/internal/auth/kerberos/krb_client.go:232.16,234.3 1 0
golang.a2z.com/CredentialsFetcherV2/internal/auth/kerberos/krb_client.go:236.2,237.16 2 0
golang.a2z.com/CredentialsFetcherV2/internal/auth/kerberos/krb_client.go:237.16,239.3 1 0
golang.a2z.com/CredentialsFetcherV2/internal/auth/kerberos/krb_client.go:242.2,242.73 1 0
golang.a2z.com/CredentialsFetcherV2/internal/auth/kerberos/krb_client.go:242.73,244.3 1 0
golang.a2z.com/CredentialsFetcherV2/internal/auth/kerberos/krb_client.go:246.2,246.30 1 0
golang.a2z.com/CredentialsFetcherV2/internal/auth/kerberos/krb_client.go:250.133,251.40 1 0
golang.a2z.com/CredentialsFetcherV2/internal/auth/kerberos/krb_client.go:251.40,253.3 1 0
golang.a2z.com/CredentialsFetcherV2/internal/auth/kerberos/krb_client.go:255.2,258.32 2 0
golang.a2z.com/CredentialsFetcherV2/internal/auth/kerberos/krb_client.go:258.32,260.17 2 0
golang.a2z.com/CredentialsFetcherV2/internal/auth/kerberos/krb_client.go:260.17,265.12 2 0
golang.a2z.com/CredentialsFetcherV2/internal/auth/kerberos/krb_client.go:268.3,272.13 3 0
golang.a2z.com/CredentialsFetcherV2/internal/auth/kerberos/krb_client.go:275.2,275.110 1 0
golang.a2z.com/CredentialsFetcherV2/internal/auth/kerberos/krb_client.go:279.121,283.32 2 0
golang.a2z.com/CredentialsFetcherV2/internal/auth/kerberos/krb_client.go:283.32,285.17 2 0
golang.a2z.com/CredentialsFetcherV2/internal/auth/kerberos/krb_client.go:285.17,291.12 2 0
golang.a2z.com/CredentialsFetcherV2/internal/auth/kerberos/krb_client.go:294.3,298.23 2 0
golang.a2z.com/CredentialsFetcherV2/internal/auth/kerberos/krb_client.go:301.2,301.110 1 0
golang.a2z.com/CredentialsFetcherV2/internal/auth/kerberos/krb_client.go:305.113,321.16 4 0
golang.a2z.com/CredentialsFetcherV2/internal/auth/kerberos/krb_client.go:321.16,327.3 2 0
golang.a2z.com/CredentialsFetcherV2/internal/auth/kerberos/krb_client.go:329.2,333.12 2 0
golang.a2z.com/CredentialsFetcherV2/internal/auth/kerberos/krb_client.go:337.123,355.16 4 0
golang.a2z.com/CredentialsFetcherV2/internal/auth/kerberos/krb_client.go:355.16,361.3 2 0
golang.a2z.com/CredentialsFetcherV2/internal/auth/kerberos/krb_client.go:363.2,367.12 2 0
golang.a2z.com/CredentialsFetcherV2/internal/auth/ldap/ldap_client.go:25.26,28.2 2 0
golang.a2z.com/CredentialsFetcherV2/internal/auth/ldap/ldap_client.go:38.64,42.2 1 0
golang.a2z.com/CredentialsFetcherV2/internal/auth/ldap/ldap_client.go:45.145,68.2 8 0
golang.a2z.com/CredentialsFetcherV2/internal/auth/ldap/ldap_client.go:71.158,79.16 5 0
golang.a2z.com/CredentialsFetcherV2/internal/auth/ldap/ldap_client.go:79.16,87.3 2 0
golang.a2z.com/CredentialsFetcherV2/internal/auth/ldap/ldap_client.go:88.2,90.20 2 0
golang.a2z.com/CredentialsFetcherV2/internal/auth/ldap/ldap_client.go:94.120,100.21 2 0
golang.a2z.com/CredentialsFetcherV2/internal/auth/ldap/ldap_client.go:100.21,102.3 1 0
golang.a2z.com/CredentialsFetcherV2/internal/auth/ldap/ldap_client.go:105.2,109.16 3 0
golang.a2z.com/CredentialsFetcherV2/internal/auth/ldap/ldap_client.go:109.16,112.3 2 0
golang.a2z.com/CredentialsFetcherV2/internal/auth/ldap/ldap_client.go:114.2,115.16 2 0
golang.a2z.com/CredentialsFetcherV2/internal/auth/ldap/ldap_client.go:115.16,120.3 2 0
golang.a2z.com/CredentialsFetcherV2/internal/auth/ldap/ldap_client.go:122.2,126.22 2 0
golang.a2z.com/CredentialsFetcherV2/internal/auth/ldap/ldap_client.go:130.60,135.22 2 0
golang.a2z.com/CredentialsFetcherV2/internal/auth/ldap/ldap_client.go:135.22,137.3 1 0
golang.a2z.com/CredentialsFetcherV2/internal/auth/ldap/ldap_client.go:140.2,152.29 6 0
golang.a2z.com/CredentialsFetcherV2/internal/auth/ldap/ldap_client.go:152.29,154.16 2 0
golang.a2z.com/CredentialsFetcherV2/internal/auth/ldap/ldap_client.go:154.16,159.23 2 0
golang.a2z.com/CredentialsFetcherV2/internal/auth/ldap/ldap_client.go:159.23,162.10 3 0
golang.a2z.com/CredentialsFetcherV2/internal/auth/ldap/ldap_client.go:167.2,167.20 1 0
golang.a2z.com/CredentialsFetcherV2/internal/auth/ldap/ldap_client.go:167.20,171.112 2 0
golang.a2z.com/CredentialsFetcherV2/internal/auth/ldap/ldap_client.go:171.112,173.4 1 0
golang.a2z.com/CredentialsFetcherV2/internal/auth/ldap/ldap_client.go:175.3,175.69 1 0
golang.a2z.com/CredentialsFetcherV2/internal/auth/ldap/ldap_client.go:179.2,180.16 2 0
golang.a2z.com/CredentialsFetcherV2/internal/auth/ldap/ldap_client.go:180.16,183.3 2 0
golang.a2z.com/CredentialsFetcherV2/internal/auth/ldap/ldap_client.go:185.2,185.27 1 0
golang.a2z.com/CredentialsFetcherV2/internal/auth/ldap/ldap_client.go:185.27,188.3 2 0
golang.a2z.com/CredentialsFetcherV2/internal/auth/ldap/ldap_client.go:191.2,191.65 1 0
golang.a2z.com/CredentialsFetcherV2/internal/auth/ldap/ldap_client.go:191.65,196.65 2 0
golang.a2z.com/CredentialsFetcherV2/internal/auth/ldap/ldap_client.go:196.65,198.4 1 0
golang.a2z.com/CredentialsFetcherV2/internal/auth/ldap/ldap_client.go:200.3,200.82 1 0
golang.a2z.com/CredentialsFetcherV2/internal/auth/ldap/ldap_client.go:204.2,206.72 3 0
golang.a2z.com/CredentialsFetcherV2/internal/auth/ldap/ldap_client.go:206.72,209.3 2 0
golang.a2z.com/CredentialsFetcherV2/internal/auth/ldap/ldap_client.go:212.2,212.44 1 0
golang.a2z.com/CredentialsFetcherV2/internal/auth/ldap/ldap_client.go:212.44,218.65 2 0
golang.a2z.com/CredentialsFetcherV2/internal/auth/ldap/ldap_client.go:218.65,220.4 1 0
golang.a2z.com/CredentialsFetcherV2/internal/auth/ldap/ldap_client.go:222.3,222.114 1 0
golang.a2z.com/CredentialsFetcherV2/internal/auth/ldap/ldap_client.go:226.2,226.92 1 0
golang.a2z.com/CredentialsFetcherV2/internal/auth/ldap/ldap_client.go:226.92,232.65 2 0
golang.a2z.com/CredentialsFetcherV2/internal/auth/ldap/ldap_client.go:232.65,234.4 1 0
golang.a2z.com/CredentialsFetcherV2/internal/auth/ldap/ldap_client.go:236.3,236.92 1 0
golang.a2z.com/CredentialsFetcherV2/internal/auth/ldap/ldap_client.go:240.2,242.34 3 0
golang.a2z.com/CredentialsFetcherV2/internal/auth/ldap/ldap_client.go:242.34,244.3 1 0
golang.a2z.com/CredentialsFetcherV2/internal/auth/ldap/ldap_client.go:246.2,255.16 4 0
golang.a2z.com/CredentialsFetcherV2/internal/auth/ldap/ldap_client.go:255.16,258.3 2 0
golang.a2z.com/CredentialsFetcherV2/internal/auth/ldap/ldap_client.go:261.2,265.16 2 0
golang.a2z.com/CredentialsFetcherV2/internal/auth/ldap/ldap_client.go:265.16,268.3 2 0
golang.a2z.com/CredentialsFetcherV2/internal/auth/ldap/ldap_client.go:270.2,276.26 2 0
golang.a2z.com/CredentialsFetcherV2/internal/auth/ldap/ldap_client.go:281.100,295.36 5 0
golang.a2z.com/CredentialsFetcherV2/internal/auth/ldap/ldap_client.go:295.36,302.3 2 0
golang.a2z.com/CredentialsFetcherV2/internal/auth/ldap/ldap_client.go:305.2,306.29 2 0
golang.a2z.com/CredentialsFetcherV2/internal/auth/ldap/ldap_client.go:306.29,311.3 2 0
golang.a2z.com/CredentialsFetcherV2/internal/auth/ldap/ldap_client.go:313.2,317.31 2 0
golang.a2z.com/CredentialsFetcherV2/internal/auth/ldap/ldap_client.go:321.53,325.20 3 0
golang.a2z.com/CredentialsFetcherV2/internal/auth/ldap/ldap_client.go:325.20,327.3 1 0
golang.a2z.com/CredentialsFetcherV2/internal/auth/ldap/ldap_client.go:330.2,333.18 3 0
golang.a2z.com/CredentialsFetcherV2/internal/auth/ldap/ldap_client.go:333.18,335.3 1 0
golang.a2z.com/CredentialsFetcherV2/internal/auth/ldap/ldap_client.go:338.2,338.62 1 0
golang.a2z.com/CredentialsFetcherV2/internal/grpc/server.go:48.118,65.2 4 0
golang.a2z.com/CredentialsFetcherV2/internal/grpc/server.go:68.151,75.2 2 0
golang.a2z.com/CredentialsFetcherV2/internal/grpc/server.go:78.196,82.2 3 0
golang.a2z.com/CredentialsFetcherV2/internal/grpc/server.go:85.196,90.2 2 0
golang.a2z.com/CredentialsFetcherV2/internal/grpc/server.go:93.154,99.2 2 0
golang.a2z.com/CredentialsFetcherV2/internal/grpc/server.go:102.130,104.2 1 0
golang.a2z.com/CredentialsFetcherV2/internal/grpc/server.go:107.154,113.2 2 0
golang.a2z.com/CredentialsFetcherV2/internal/grpc/server.go:116.160,121.2 2 0
golang.a2z.com/CredentialsFetcherV2/internal/grpc/server.go:124.74,129.47 2 0
golang.a2z.com/CredentialsFetcherV2/internal/grpc/server.go:129.47,130.47 1 0
golang.a2z.com/CredentialsFetcherV2/internal/grpc/server.go:130.47,132.4 1 0
golang.a2z.com/CredentialsFetcherV2/internal/grpc/server.go:135.2,136.16 2 0
golang.a2z.com/CredentialsFetcherV2/internal/grpc/server.go:136.16,138.3 1 0
golang.a2z.com/CredentialsFetcherV2/internal/grpc/server.go:140.2,144.12 3 0
golang.a2z.com/CredentialsFetcherV2/internal/grpc/server.go:144.12,146.47 2 0
golang.a2z.com/CredentialsFetcherV2/internal/grpc/server.go:146.47,148.4 1 0
golang.a2z.com/CredentialsFetcherV2/internal/grpc/server.go:152.2,157.12 3 0
golang.a2z.com/CredentialsFetcherV2/internal/grpc/server.go:161.47,163.2 1 0
golang.a2z.com/CredentialsFetcherV2/internal/grpc/api/AddNonDomainJoinedKerberosLease.go:33.196,41.2 1 0
golang.a2z.com/CredentialsFetcherV2/internal/grpc/api/AddNonDomainJoinedKerberosLease.go:44.202,48.47 2 0
golang.a2z.com/CredentialsFetcherV2/internal/grpc/api/AddNonDomainJoinedKerberosLease.go:48.47,50.3 1 0
golang.a2z.com/CredentialsFetcherV2/internal/grpc/api/AddNonDomainJoinedKerberosLease.go:53.2,54.16 2 0
golang.a2z.com/CredentialsFetcherV2/internal/grpc/api/AddNonDomainJoinedKerberosLease.go:54.16,57.3 2 0
golang.a2z.com/CredentialsFetcherV2/internal/grpc/api/AddNonDomainJoinedKerberosLease.go:60.2,61.16 2 0
golang.a2z.com/CredentialsFetcherV2/internal/grpc/api/AddNonDomainJoinedKerberosLease.go:61.16,63.3 1 0
golang.a2z.com/CredentialsFetcherV2/internal/grpc/api/AddNonDomainJoinedKerberosLease.go:66.2,67.16 2 0
golang.a2z.com/CredentialsFetcherV2/internal/grpc/api/AddNonDomainJoinedKerberosLease.go:67.16,69.3 1 0
golang.a2z.com/CredentialsFetcherV2/internal/grpc/api/AddNonDomainJoinedKerberosLease.go:72.2,72.97 1 0
golang.a2z.com/CredentialsFetcherV2/internal/grpc/api/AddNonDomainJoinedKerberosLease.go:72.97,75.51 2 0
golang.a2z.com/CredentialsFetcherV2/internal/grpc/api/AddNonDomainJoinedKerberosLease.go:75.51,76.74 1 0
golang.a2z.com/CredentialsFetcherV2/internal/grpc/api/AddNonDomainJoinedKerberosLease.go:76.74,78.5 1 0
golang.a2z.com/CredentialsFetcherV2/internal/grpc/api/AddNonDomainJoinedKerberosLease.go:80.3,80.67 1 0
golang.a2z.com/CredentialsFetcherV2/internal/grpc/api/AddNonDomainJoinedKerberosLease.go:84.2,87.8 1 0
golang.a2z.com/CredentialsFetcherV2/internal/grpc/api/AddNonDomainJoinedKerberosLease.go:91.115,93.66 1 0
golang.a2z.com/CredentialsFetcherV2/internal/grpc/api/AddNonDomainJoinedKerberosLease.go:93.66,96.3 2 0
golang.a2z.com/CredentialsFetcherV2/internal/grpc/api/AddNonDomainJoinedKerberosLease.go:99.2,99.100 1 0
golang.a2z.com/CredentialsFetcherV2/internal/grpc/api/AddNonDomainJoinedKerberosLease.go:99.100,102.3 2 0
golang.a2z.com/CredentialsFetcherV2/internal/grpc/api/AddNonDomainJoinedKerberosLease.go:105.2,105.69 1 0
golang.a2z.com/CredentialsFetcherV2/internal/grpc/api/AddNonDomainJoinedKerberosLease.go:105.69,108.3 2 0
golang.a2z.com/CredentialsFetcherV2/internal/grpc/api/AddNonDomainJoinedKerberosLease.go:111.2,111.62 1 0
golang.a2z.com/CredentialsFetcherV2/internal/grpc/api/AddNonDomainJoinedKerberosLease.go:111.62,114.3 2 0
golang.a2z.com/CredentialsFetcherV2/internal/grpc/api/AddNonDomainJoinedKerberosLease.go:116.2,116.36 1 0
golang.a2z.com/CredentialsFetcherV2/internal/grpc/api/AddNonDomainJoinedKerberosLease.go:116.36,119.3 2 0
golang.a2z.com/CredentialsFetcherV2/internal/grpc/api/AddNonDomainJoinedKerberosLease.go:121.2,121.12 1 0
golang.a2z.com/CredentialsFetcherV2/internal/grpc/api/AddNonDomainJoinedKerberosLease.go:125.161,129.55 3 0
golang.a2z.com/CredentialsFetcherV2/internal/grpc/api/AddNonDomainJoinedKerberosLease.go:129.55,132.17 2 0
golang.a2z.com/CredentialsFetcherV2/internal/grpc/api/AddNonDomainJoinedKerberosLease.go:132.17,135.4 2 0
golang.a2z.com/CredentialsFetcherV2/internal/grpc/api/AddNonDomainJoinedKerberosLease.go:138.3,150.56 3 0
golang.a2z.com/CredentialsFetcherV2/internal/grpc/api/AddNonDomainJoinedKerberosLease.go:150.56,153.4 2 0
golang.a2z.com/CredentialsFetcherV2/internal/grpc/api/AddNonDomainJoinedKerberosLease.go:153.9,155.4 1 0
golang.a2z.com/CredentialsFetcherV2/internal/grpc/api/AddNonDomainJoinedKerberosLease.go:158.2,158.28 1 0
golang.a2z.com/CredentialsFetcherV2/internal/grpc/api/AddNonDomainJoinedKerberosLease.go:162.190,167.16 3 0
golang.a2z.com/CredentialsFetcherV2/internal/grpc/api/AddNonDomainJoinedKerberosLease.go:167.16,170.3 2 0
golang.a2z.com/CredentialsFetcherV2/internal/grpc/api/AddNonDomainJoinedKerberosLease.go:172.2,172.44 1 0
golang.a2z.com/CredentialsFetcherV2/internal/grpc/api/AddNonDomainJoinedKerberosLease.go:172.44,174.17 2 0
golang.a2z.com/CredentialsFetcherV2/internal/grpc/api/AddNonDomainJoinedKerberosLease.go:174.17,176.45 1 0
golang.a2z.com/CredentialsFetcherV2/internal/grpc/api/AddNonDomainJoinedKerberosLease.go:176.45,178.5 1 0
golang.a2z.com/CredentialsFetcherV2/internal/grpc/api/AddNonDomainJoinedKerberosLease.go:179.4,179.19 1 0
golang.a2z.com/CredentialsFetcherV2/internal/grpc/api/AddNonDomainJoinedKerberosLease.go:183.3,184.17 2 0
golang.a2z.com/CredentialsFetcherV2/internal/grpc/api/AddNonDomainJoinedKerberosLease.go:184.17,187.45 2 0
golang.a2z.com/CredentialsFetcherV2/internal/grpc/api/AddNonDomainJoinedKerberosLease.go:187.45,189.5 1 0
golang.a2z.com/CredentialsFetcherV2/internal/grpc/api/AddNonDomainJoinedKerberosLease.go:190.4,190.19 1 0
golang.a2z.com/CredentialsFetcherV2/internal/grpc/api/AddNonDomainJoinedKerberosLease.go:194.3,199.17 4 0
golang.a2z.com/CredentialsFetcherV2/internal/grpc/api/AddNonDomainJoinedKerberosLease.go:199.17,203.45 3 0
golang.a2z.com/CredentialsFetcherV2/internal/grpc/api/AddNonDomainJoinedKerberosLease.go:203.45,205.5 1 0
golang.a2z.com/CredentialsFetcherV2/internal/grpc/api/AddNonDomainJoinedKerberosLease.go:206.4,206.88 1 0
golang.a2z.com/CredentialsFetcherV2/internal/grpc/api/AddNonDomainJoinedKerberosLease.go:210.3,210.65 1 0
golang.a2z.com/CredentialsFetcherV2/internal/grpc/api/AddNonDomainJoinedKerberosLease.go:213.2,213.33 1 0
golang.a2z.com/CredentialsFetcherV2/internal/grpc/api/AddNonDomainJoinedKerberosLease.go:217.115,221.56 2 0
golang.a2z.com/CredentialsFetcherV2/internal/grpc/api/AddNonDomainJoinedKerberosLease.go:221.56,223.56 2 0
golang.a2z.com/CredentialsFetcherV2/internal/grpc/api/AddNonDomainJoinedKerberosLease.go:223.56,226.4 2 0
golang.a2z.com/CredentialsFetcherV2/internal/grpc/api/AddNonDomainJoinedKerberosLease.go:227.8,229.3 1 0
golang.a2z.com/CredentialsFetcherV2/internal/grpc/api/AddNonDomainJoinedKerberosLease.go:232.2,235.57 2 0
golang.a2z.com/CredentialsFetcherV2/internal/grpc/api/AddNonDomainJoinedKerberosLease.go:235.57,237.17 2 0
golang.a2z.com/CredentialsFetcherV2/internal/grpc/api/AddNonDomainJoinedKerberosLease.go:237.17,240.4 2 0
golang.a2z.com/CredentialsFetcherV2/internal/grpc/api/AddNonDomainJoinedKerberosLease.go:241.3,244.40 2 0
golang.a2z.com/CredentialsFetcherV2/internal/grpc/api/AddNonDomainJoinedKerberosLease.go:247.2,247.26 1 0
golang.a2z.com/CredentialsFetcherV2/internal/grpc/api/AddNonDomainJoinedKerberosLease.go:251.109,254.16 2 0
golang.a2z.com/CredentialsFetcherV2/internal/grpc/api/AddNonDomainJoinedKerberosLease.go:254.16,257.3 2 0
golang.a2z.com/CredentialsFetcherV2/internal/grpc/api/AddNonDomainJoinedKerberosLease.go:259.2,259.29 1 0
golang.a2z.com/CredentialsFetcherV2/internal/grpc/api/AddNonDomainJoinedKerberosLease.go:259.29,262.17 2 0
golang.a2z.com/CredentialsFetcherV2/internal/grpc/api/AddNonDomainJoinedKerberosLease.go:262.17,265.4 2 0
golang.a2z.com/CredentialsFetcherV2/internal/grpc/api/AddNonDomainJoinedKerberosLease.go:267.3,267.21 1 0
golang.a2z.com/CredentialsFetcherV2/internal/grpc/api/AddNonDomainJoinedKerberosLease.go:267.21,270.4 2 0
golang.a2z.com/CredentialsFetcherV2/internal/grpc/api/AddNonDomainJoinedKerberosLease.go:270.9,272.4 1 0
golang.a2z.com/CredentialsFetcherV2/internal/grpc/api/AddNonDomainJoinedKerberosLease.go:275.2,275.31 1 0
golang.a2z.com/CredentialsFetcherV2/internal/grpc/api/AddNonDomainJoinedKerberosLease.go:279.53,281.70 2 0
golang.a2z.com/CredentialsFetcherV2/internal/grpc/api/AddNonDomainJoinedKerberosLease.go:281.70,284.3 2 0
golang.a2z.com/CredentialsFetcherV2/internal/grpc/api/AddNonDomainJoinedKerberosLease.go:285.2,285.12 1 0
golang.a2z.com/CredentialsFetcherV2/internal/grpc/api/HealthCheck.go:13.50,15.2 1 0
golang.a2z.com/CredentialsFetcherV2/internal/grpc/api/HealthCheck.go:18.124,26.2 2 0
golang.a2z.com/CredentialsFetcherV2/internal/logger/logger.go:28.27,29.17 1 1
golang.a2z.com/CredentialsFetcherV2/internal/logger/logger.go:29.17,31.3 1 1
golang.a2z.com/CredentialsFetcherV2/internal/logger/logger.go:32.2,32.17 1 1
golang.a2z.com/CredentialsFetcherV2/internal/logger/logger.go:36.25,41.56 2 1
golang.a2z.com/CredentialsFetcherV2/internal/logger/logger.go:41.56,42.19 1 0
golang.a2z.com/CredentialsFetcherV2/internal/logger/logger.go:43.16,44.30 1 0
golang.a2z.com/CredentialsFetcherV2/internal/logger/logger.go:45.15,46.29 1 0
golang.a2z.com/CredentialsFetcherV2/internal/logger/logger.go:47.15,48.29 1 0
golang.a2z.com/CredentialsFetcherV2/internal/logger/logger.go:49.16,50.30 1 0
golang.a2z.com/CredentialsFetcherV2/internal/logger/logger.go:54.2,59.3 2 1
golang.a2z.com/CredentialsFetcherV2/internal/logger/logger.go:62.49,64.2 1 1
golang.a2z.com/CredentialsFetcherV2/internal/logger/logger.go:66.48,68.2 1 0
golang.a2z.com/CredentialsFetcherV2/internal/logger/logger.go:70.48,72.2 1 1
golang.a2z.com/CredentialsFetcherV2/internal/logger/logger.go:74.49,76.2 1 0
golang.a2z.com/CredentialsFetcherV2/internal/utils/aws_utils/aws_utils.go:15.84,18.16 2 0
golang.a2z.com/CredentialsFetcherV2/internal/utils/aws_utils/aws_utils.go:18.16,20.3 1 0
golang.a2z.com/CredentialsFetcherV2/internal/utils/aws_utils/aws_utils.go:23.2,25.44 2 0
golang.a2z.com/CredentialsFetcherV2/internal/utils/aws_utils/aws_utils.go:30.119,38.16 3 0
golang.a2z.com/CredentialsFetcherV2/internal/utils/aws_utils/aws_utils.go:38.16,40.3 1 0
golang.a2z.com/CredentialsFetcherV2/internal/utils/aws_utils/aws_utils.go:43.2,44.81 2 0
golang.a2z.com/CredentialsFetcherV2/internal/utils/aws_utils/aws_utils.go:44.81,46.3 1 0
golang.a2z.com/CredentialsFetcherV2/internal/utils/aws_utils/aws_utils.go:48.2,48.23 1 0
golang.a2z.com/CredentialsFetcherV2/internal/utils/cmdexec/cmdexec.go:24.29,26.2 1 0
golang.a2z.com/CredentialsFetcherV2/internal/utils/cmdexec/cmdexec.go:29.104,30.19 1 0
golang.a2z.com/CredentialsFetcherV2/internal/utils/cmdexec/cmdexec.go:30.19,32.3 1 0
golang.a2z.com/CredentialsFetcherV2/internal/utils/cmdexec/cmdexec.go:34.2,41.16 5 0
golang.a2z.com/CredentialsFetcherV2/internal/utils/cmdexec/cmdexec.go:41.16,47.3 2 0
golang.a2z.com/CredentialsFetcherV2/internal/utils/cmdexec/cmdexec.go:49.2,53.20 2 0
golang.a2z.com/CredentialsFetcherV2/internal/utils/cmdexec/cmdexec.go:58.125,59.19 1 0
golang.a2z.com/CredentialsFetcherV2/internal/utils/cmdexec/cmdexec.go:59.19,61.3 1 0
golang.a2z.com/CredentialsFetcherV2/internal/utils/cmdexec/cmdexec.go:63.2,72.16 6 0
golang.a2z.com/CredentialsFetcherV2/internal/utils/cmdexec/cmdexec.go:72.16,79.3 2 0
golang.a2z.com/CredentialsFetcherV2/internal/utils/cmdexec/cmdexec.go:81.2,85.20 2 0
golang.a2z.com/CredentialsFetcherV2/internal/utils/cmdexec/cmdexec.go:89.79,92.27 2 0
golang.a2z.com/CredentialsFetcherV2/internal/utils/cmdexec/cmdexec.go:92.27,93.57 1 0
golang.a2z.com/CredentialsFetcherV2/internal/utils/cmdexec/cmdexec.go:93.57,95.4 1 0
golang.a2z.com/CredentialsFetcherV2/internal/utils/cmdexec/cmdexec.go:95.9,97.4 1 0
golang.a2z.com/CredentialsFetcherV2/internal/utils/cmdexec/cmdexec.go:100.2,102.39 3 0
golang.a2z.com/CredentialsFetcherV2/internal/utils/cmdexec/cmdexec.go:107.147,108.19 1 0
golang.a2z.com/CredentialsFetcherV2/internal/utils/cmdexec/cmdexec.go:108.19,110.3 1 0
golang.a2z.com/CredentialsFetcherV2/internal/utils/cmdexec/cmdexec.go:112.2,117.16 4 0
golang.a2z.com/CredentialsFetcherV2/internal/utils/cmdexec/cmdexec.go:117.16,119.3 1 0
golang.a2z.com/CredentialsFetcherV2/internal/utils/cmdexec/cmdexec.go:122.2,132.36 6 0
golang.a2z.com/CredentialsFetcherV2/internal/utils/cmdexec/cmdexec.go:132.36,134.3 1 0
golang.a2z.com/CredentialsFetcherV2/internal/utils/cmdexec/cmdexec.go:137.2,138.16 2 0
golang.a2z.com/CredentialsFetcherV2/internal/utils/cmdexec/cmdexec.go:138.16,140.3 1 0
golang.a2z.com/CredentialsFetcherV2/internal/utils/cmdexec/cmdexec.go:141.2,144.35 2 0
golang.a2z.com/CredentialsFetcherV2/internal/utils/cmdexec/cmdexec.go:144.35,152.3 3 0
golang.a2z.com/CredentialsFetcherV2/internal/utils/cmdexec/cmdexec.go:154.2,159.28 3 0
golang.a2z.com/CredentialsFetcherV2/internal/utils/cmdexec/cmdexec.go:164.127,165.19 1 0
golang.a2z.com/CredentialsFetcherV2/internal/utils/cmdexec/cmdexec.go:165.19,167.3 1 0
golang.a2z.com/CredentialsFetcherV2/internal/utils/cmdexec/cmdexec.go:169.2,173.16 3 0
golang.a2z.com/CredentialsFetcherV2/internal/utils/cmdexec/cmdexec.go:173.16,175.3 1 0
golang.a2z.com/CredentialsFetcherV2/internal/utils/cmdexec/cmdexec.go:178.2,187.36 6 0
golang.a2z.com/CredentialsFetcherV2/internal/utils/cmdexec/cmdexec.go:187.36,189.3 1 0
golang.a2z.com/CredentialsFetcherV2/internal/utils/cmdexec/cmdexec.go:192.2,193.16 2 0
golang.a2z.com/CredentialsFetcherV2/internal/utils/cmdexec/cmdexec.go:193.16,195.3 1 0
golang.a2z.com/CredentialsFetcherV2/internal/utils/cmdexec/cmdexec.go:196.2,199.35 2 0
golang.a2z.com/CredentialsFetcherV2/internal/utils/cmdexec/cmdexec.go:199.35,206.3 3 0
golang.a2z.com/CredentialsFetcherV2/internal/utils/cmdexec/cmdexec.go:208.2,213.28 3 0
golang.a2z.com/CredentialsFetcherV2/internal/utils/config/ecs_config.go:23.76,26.16 2 0
golang.a2z.com/CredentialsFetcherV2/internal/utils/config/ecs_config.go:26.16,29.3 2 0
golang.a2z.com/CredentialsFetcherV2/internal/utils/config/ecs_config.go:30.2,34.21 3 0
golang.a2z.com/CredentialsFetcherV2/internal/utils/config/ecs_config.go:34.21,39.22 3 0
golang.a2z.com/CredentialsFetcherV2/internal/utils/config/ecs_config.go:39.22,41.12 2 0
golang.a2z.com/CredentialsFetcherV2/internal/utils/config/ecs_config.go:45.3,49.29 3 0
golang.a2z.com/CredentialsFetcherV2/internal/utils/config/ecs_config.go:49.29,52.4 2 0
golang.a2z.com/CredentialsFetcherV2/internal/utils/config/ecs_config.go:55.2,55.38 1 0
golang.a2z.com/CredentialsFetcherV2/internal/utils/config/ecs_config.go:55.38,58.3 2 0
golang.a2z.com/CredentialsFetcherV2/internal/utils/config/ecs_config.go:60.2,61.16 2 0
golang.a2z.com/CredentialsFetcherV2/internal/utils/config/ecs_config.go:65.49,68.16 2 0
golang.a2z.com/CredentialsFetcherV2/internal/utils/config/ecs_config.go:68.16,70.3 1 0
golang.a2z.com/CredentialsFetcherV2/internal/utils/config/ecs_config.go:72.2,72.17 1 0
golang.a2z.com/CredentialsFetcherV2/internal/utils/config/ecs_config.go:72.17,74.3 1 0
golang.a2z.com/CredentialsFetcherV2/internal/utils/config/ecs_config.go:74.8,76.3 1 0
golang.a2z.com/CredentialsFetcherV2/internal/utils/config/ecs_config.go:78.2,78.19 1 0
golang.a2z.com/CredentialsFetcherV2/internal/utils/grpc_utils/grpc_utils.go:20.40,27.16 4 0
golang.a2z.com/CredentialsFetcherV2/internal/utils/grpc_utils/grpc_utils.go:27.16,29.3 1 0
golang.a2z.com/CredentialsFetcherV2/internal/utils/grpc_utils/grpc_utils.go:32.2,32.22 1 0
golang.a2z.com/CredentialsFetcherV2/internal/utils/grpc_utils/grpc_utils.go:32.22,35.3 2 0
golang.a2z.com/CredentialsFetcherV2/internal/utils/grpc_utils/grpc_utils.go:37.2,37.30 1 0
golang.a2z.com/CredentialsFetcherV2/internal/utils/grpc_utils/grpc_utils.go:41.72,44.24 2 0
golang.a2z.com/CredentialsFetcherV2/internal/utils/grpc_utils/grpc_utils.go:44.24,47.3 2 0
golang.a2z.com/CredentialsFetcherV2/internal/utils/grpc_utils/grpc_utils.go:50.2,51.16 2 0
golang.a2z.com/CredentialsFetcherV2/internal/utils/grpc_utils/grpc_utils.go:51.16,53.3 1 0
golang.a2z.com/CredentialsFetcherV2/internal/utils/grpc_utils/grpc_utils.go:56.2,57.16 2 0
golang.a2z.com/CredentialsFetcherV2/internal/utils/grpc_utils/grpc_utils.go:57.16,59.3 1 0
golang.a2z.com/CredentialsFetcherV2/internal/utils/grpc_utils/grpc_utils.go:62.2,63.16 2 0
golang.a2z.com/CredentialsFetcherV2/internal/utils/grpc_utils/grpc_utils.go:63.16,65.3 1 0
golang.a2z.com/CredentialsFetcherV2/internal/utils/grpc_utils/grpc_utils.go:68.2,68.79 1 0
golang.a2z.com/CredentialsFetcherV2/internal/utils/grpc_utils/grpc_utils.go:68.79,70.3 1 0
golang.a2z.com/CredentialsFetcherV2/internal/utils/grpc_utils/grpc_utils.go:73.2,74.16 2 0
golang.a2z.com/CredentialsFetcherV2/internal/utils/grpc_utils/grpc_utils.go:74.16,76.3 1 0
golang.a2z.com/CredentialsFetcherV2/internal/utils/grpc_utils/grpc_utils.go:78.2,82.8 1 0
golang.a2z.com/CredentialsFetcherV2/internal/utils/grpc_utils/grpc_utils.go:86.69,88.68 2 0
golang.a2z.com/CredentialsFetcherV2/internal/utils/grpc_utils/grpc_utils.go:88.68,91.3 2 0
golang.a2z.com/CredentialsFetcherV2/internal/utils/grpc_utils/grpc_utils.go:92.2,92.18 1 0
golang.a2z.com/CredentialsFetcherV2/internal/utils/grpc_utils/grpc_utils.go:96.104,100.9 3 0
golang.a2z.com/CredentialsFetcherV2/internal/utils/grpc_utils/grpc_utils.go:100.9,103.3 2 0
golang.a2z.com/CredentialsFetcherV2/internal/utils/grpc_utils/grpc_utils.go:105.2,106.29 2 0
golang.a2z.com/CredentialsFetcherV2/internal/utils/grpc_utils/grpc_utils.go:106.29,109.3 2 0
golang.a2z.com/CredentialsFetcherV2/internal/utils/grpc_utils/grpc_utils.go:111.2,111.65 1 0
golang.a2z.com/CredentialsFetcherV2/internal/utils/grpc_utils/grpc_utils.go:111.65,113.3 1 0
golang.a2z.com/CredentialsFetcherV2/internal/utils/grpc_utils/grpc_utils.go:115.2,115.37 1 0
golang.a2z.com/CredentialsFetcherV2/internal/utils/grpc_utils/grpc_utils.go:119.77,123.9 3 0
golang.a2z.com/CredentialsFetcherV2/internal/utils/grpc_utils/grpc_utils.go:123.9,126.3 2 0
golang.a2z.com/CredentialsFetcherV2/internal/utils/grpc_utils/grpc_utils.go:128.2,129.9 2 0
golang.a2z.com/CredentialsFetcherV2/internal/utils/grpc_utils/grpc_utils.go:129.9,132.3 2 0
golang.a2z.com/CredentialsFetcherV2/internal/utils/grpc_utils/grpc_utils.go:134.2,134.43 1 0
golang.a2z.com/CredentialsFetcherV2/internal/utils/grpc_utils/grpc_utils.go:134.43,137.3 2 0
golang.a2z.com/CredentialsFetcherV2/internal/utils/grpc_utils/grpc_utils.go:140.2,140.54 1 0
golang.a2z.com/CredentialsFetcherV2/internal/utils/grpc_utils/grpc_utils.go:140.54,142.10 2 0
golang.a2z.com/CredentialsFetcherV2/internal/utils/grpc_utils/grpc_utils.go:142.10,143.12 1 0
golang.a2z.com/CredentialsFetcherV2/internal/utils/grpc_utils/grpc_utils.go:146.3,146.64 1 0
golang.a2z.com/CredentialsFetcherV2/internal/utils/grpc_utils/grpc_utils.go:146.64,148.4 1 0
golang.a2z.com/CredentialsFetcherV2/internal/utils/grpc_utils/grpc_utils.go:151.2,152.81 2 0
golang.a2z.com/CredentialsFetcherV2/internal/utils/grpc_utils/grpc_utils.go:156.74,159.51 2 0
golang.a2z.com/CredentialsFetcherV2/internal/utils/grpc_utils/grpc_utils.go:159.51,162.3 2 0
golang.a2z.com/CredentialsFetcherV2/internal/utils/grpc_utils/grpc_utils.go:164.2,164.64 1 0
golang.a2z.com/CredentialsFetcherV2/internal/utils/grpc_utils/grpc_utils.go:164.64,167.3 2 0
golang.a2z.com/CredentialsFetcherV2/internal/utils/grpc_utils/grpc_utils.go:169.2,169.12 1 0
golang.a2z.com/CredentialsFetcherV2/internal/utils/grpc_utils/grpc_utils.go:173.72,177.9 3 0
golang.a2z.com/CredentialsFetcherV2/internal/utils/grpc_utils/grpc_utils.go:177.9,180.3 2 0
golang.a2z.com/CredentialsFetcherV2/internal/utils/grpc_utils/grpc_utils.go:182.2,183.9 2 0
golang.a2z.com/CredentialsFetcherV2/internal/utils/grpc_utils/grpc_utils.go:183.9,186.3 2 0
golang.a2z.com/CredentialsFetcherV2/internal/utils/grpc_utils/grpc_utils.go:188.2,189.9 2 0
golang.a2z.com/CredentialsFetcherV2/internal/utils/grpc_utils/grpc_utils.go:189.9,192.3 2 0
golang.a2z.com/CredentialsFetcherV2/internal/utils/grpc_utils/grpc_utils.go:194.2,195.9 2 0
golang.a2z.com/CredentialsFetcherV2/internal/utils/grpc_utils/grpc_utils.go:195.9,198.3 2 0
golang.a2z.com/CredentialsFetcherV2/internal/utils/grpc_utils/grpc_utils.go:200.2,200.27 1 0
golang.a2z.com/CredentialsFetcherV2/internal/utils/grpc_utils/grpc_utils.go:204.49,208.20 2 0
golang.a2z.com/CredentialsFetcherV2/internal/utils/grpc_utils/grpc_utils.go:208.20,211.3 2 0
golang.a2z.com/CredentialsFetcherV2/internal/utils/grpc_utils/grpc_utils.go:214.2,214.32 1 0
golang.a2z.com/CredentialsFetcherV2/internal/utils/grpc_utils/grpc_utils.go:214.32,215.80 1 0
golang.a2z.com/CredentialsFetcherV2/internal/utils/grpc_utils/grpc_utils.go:215.80,220.4 2 0
golang.a2z.com/CredentialsFetcherV2/internal/utils/grpc_utils/grpc_utils.go:223.2,223.12 1 0
golang.a2z.com/CredentialsFetcherV2/internal/utils/grpc_utils/grpc_utils.go:227.42,231.18 2 0
golang.a2z.com/CredentialsFetcherV2/internal/utils/grpc_utils/grpc_utils.go:231.18,234.3 2 0
golang.a2z.com/CredentialsFetcherV2/internal/utils/grpc_utils/grpc_utils.go:237.2,238.16 2 0
golang.a2z.com/CredentialsFetcherV2/internal/utils/grpc_utils/grpc_utils.go:238.16,241.3 2 0
golang.a2z.com/CredentialsFetcherV2/internal/utils/grpc_utils/grpc_utils.go:243.2,243.48 1 0
golang.a2z.com/CredentialsFetcherV2/internal/utils/grpc_utils/grpc_utils.go:243.48,246.3 2 0
golang.a2z.com/CredentialsFetcherV2/internal/utils/grpc_utils/grpc_utils.go:248.2,248.12 1 0
golang.a2z.com/CredentialsFetcherV2/internal/utils/grpc_utils/grpc_utils.go:252.72,255.49 2 0
golang.a2z.com/CredentialsFetcherV2/internal/utils/grpc_utils/grpc_utils.go:255.49,260.3 2 0
golang.a2z.com/CredentialsFetcherV2/internal/utils/grpc_utils/grpc_utils.go:262.2,262.49 1 0
golang.a2z.com/CredentialsFetcherV2/internal/utils/grpc_utils/grpc_utils.go:262.49,267.3 2 0
golang.a2z.com/CredentialsFetcherV2/internal/utils/grpc_utils/grpc_utils.go:269.2,269.45 1 0
golang.a2z.com/CredentialsFetcherV2/internal/utils/grpc_utils/grpc_utils.go:269.45,274.3 2 0
golang.a2z.com/CredentialsFetcherV2/internal/utils/grpc_utils/grpc_utils.go:276.2,276.12 1 0
golang.a2z.com/CredentialsFetcherV2/internal/utils/grpc_utils/grpc_utils.go:282.60,287.16 3 0
golang.a2z.com/CredentialsFetcherV2/internal/utils/grpc_utils/grpc_utils.go:287.16,290.3 2 0
golang.a2z.com/CredentialsFetcherV2/internal/utils/grpc_utils/grpc_utils.go:293.2,294.51 2 0
golang.a2z.com/CredentialsFetcherV2/internal/utils/grpc_utils/grpc_utils.go:294.51,295.35 1 0
golang.a2z.com/CredentialsFetcherV2/internal/utils/grpc_utils/grpc_utils.go:295.35,297.4 1 0
golang.a2z.com/CredentialsFetcherV2/internal/utils/grpc_utils/grpc_utils.go:301.2,301.29 1 0
golang.a2z.com/CredentialsFetcherV2/internal/utils/grpc_utils/grpc_utils.go:301.29,302.58 1 0
golang.a2z.com/CredentialsFetcherV2/internal/utils/grpc_utils/grpc_utils.go:302.58,303.36 1 0
golang.a2z.com/CredentialsFetcherV2/internal/utils/grpc_utils/grpc_utils.go:303.36,305.5 1 0
golang.a2z.com/CredentialsFetcherV2/internal/utils/grpc_utils/grpc_utils.go:309.2,309.31 1 0
golang.a2z.com/CredentialsFetcherV2/internal/utils/grpc_utils/grpc_utils.go:314.61,315.22 1 0
golang.a2z.com/CredentialsFetcherV2/internal/utils/grpc_utils/grpc_utils.go:315.22,317.3 1 0
golang.a2z.com/CredentialsFetcherV2/internal/utils/grpc_utils/grpc_utils.go:320.2,324.29 3 0
golang.a2z.com/CredentialsFetcherV2/internal/utils/grpc_utils/grpc_utils.go:324.29,326.23 2 0
golang.a2z.com/CredentialsFetcherV2/internal/utils/grpc_utils/grpc_utils.go:326.23,328.4 1 0
golang.a2z.com/CredentialsFetcherV2/internal/utils/grpc_utils/grpc_utils.go:331.2,331.29 1 0
golang.a2z.com/CredentialsFetcherV2/internal/utils/grpc_utils/grpc_utils.go:337.55,343.16 4 0
golang.a2z.com/CredentialsFetcherV2/internal/utils/grpc_utils/grpc_utils.go:343.16,346.3 1 0
golang.a2z.com/CredentialsFetcherV2/internal/utils/grpc_utils/grpc_utils.go:348.2,349.26 2 0
golang.a2z.com/CredentialsFetcherV2/internal/utils/grpc_utils/grpc_utils.go:349.26,353.17 3 0
golang.a2z.com/CredentialsFetcherV2/internal/utils/grpc_utils/grpc_utils.go:353.17,356.4 2 0
golang.a2z.com/CredentialsFetcherV2/internal/utils/grpc_utils/grpc_utils.go:359.3,359.33 1 0
golang.a2z.com/CredentialsFetcherV2/internal/utils/grpc_utils/grpc_utils.go:359.33,361.4 1 0
golang.a2z.com/CredentialsFetcherV2/internal/utils/grpc_utils/grpc_utils.go:362.8,365.3 1 0
golang.a2z.com/CredentialsFetcherV2/internal/utils/grpc_utils/grpc_utils.go:367.2,367.22 1 0
golang.a2z.com/CredentialsFetcherV2/internal/utils/grpc_utils/grpc_utils.go:372.52,381.35 6 0
golang.a2z.com/CredentialsFetcherV2/internal/utils/grpc_utils/grpc_utils.go:381.35,386.30 3 0
golang.a2z.com/CredentialsFetcherV2/internal/utils/grpc_utils/grpc_utils.go:386.30,387.42 1 0
golang.a2z.com/CredentialsFetcherV2/internal/utils/grpc_utils/grpc_utils.go:387.42,390.5 2 0
golang.a2z.com/CredentialsFetcherV2/internal/utils/grpc_utils/grpc_utils.go:394.3,395.21 2 0
golang.a2z.com/CredentialsFetcherV2/internal/utils/grpc_utils/grpc_utils.go:395.21,397.4 1 0
golang.a2z.com/CredentialsFetcherV2/internal/utils/grpc_utils/grpc_utils.go:401.2,404.35 3 0
golang.a2z.com/CredentialsFetcherV2/internal/utils/grpc_utils/grpc_utils.go:404.35,407.21 2 0
golang.a2z.com/CredentialsFetcherV2/internal/utils/grpc_utils/grpc_utils.go:407.21,409.4 1 0
golang.a2z.com/CredentialsFetcherV2/internal/utils/grpc_utils/grpc_utils.go:410.8,410.23 1 0
golang.a2z.com/CredentialsFetcherV2/internal/utils/grpc_utils/grpc_utils.go:410.23,413.3 2 0
golang.a2z.com/CredentialsFetcherV2/internal/utils/grpc_utils/grpc_utils.go:416.2,417.24 2 0
golang.a2z.com/CredentialsFetcherV2/internal/utils/grpc_utils/grpc_utils.go:421.51,427.29 3 0
golang.a2z.com/CredentialsFetcherV2/internal/utils/grpc_utils/grpc_utils.go:427.29,429.17 2 0
golang.a2z.com/CredentialsFetcherV2/internal/utils/grpc_utils/grpc_utils.go:429.17,430.12 1 0
golang.a2z.com/CredentialsFetcherV2/internal/utils/grpc_utils/grpc_utils.go:434.3,435.22 2 0
golang.a2z.com/CredentialsFetcherV2/internal/utils/grpc_utils/grpc_utils.go:435.22,439.36 2 0
golang.a2z.com/CredentialsFetcherV2/internal/utils/grpc_utils/grpc_utils.go:439.36,441.5 1 0
golang.a2z.com/CredentialsFetcherV2/internal/utils/grpc_utils/grpc_utils.go:443.4,443.31 1 0
golang.a2z.com/CredentialsFetcherV2/internal/utils/grpc_utils/grpc_utils.go:447.2,447.14 1 0
golang.a2z.com/CredentialsFetcherV2/internal/utils/krb_utils/krb_utils.go:17.93,28.70 4 0
golang.a2z.com/CredentialsFetcherV2/internal/utils/krb_utils/krb_utils.go:28.70,30.3 1 0
golang.a2z.com/CredentialsFetcherV2/internal/utils/krb_utils/krb_utils.go:32.2,34.53 2 0
golang.a2z.com/CredentialsFetcherV2/internal/utils/krb_utils/krb_utils.go:34.53,36.3 1 0
golang.a2z.com/CredentialsFetcherV2/internal/utils/krb_utils/krb_utils.go:38.2,38.32 1 0
golang.a2z.com/CredentialsFetcherV2/internal/utils/krb_utils/krb_utils.go:42.99,43.29 1 0
golang.a2z.com/CredentialsFetcherV2/internal/utils/krb_utils/krb_utils.go:43.29,44.51 1 0
golang.a2z.com/CredentialsFetcherV2/internal/utils/krb_utils/krb_utils.go:44.51,47.23 2 0
golang.a2z.com/CredentialsFetcherV2/internal/utils/krb_utils/krb_utils.go:47.23,50.33 3 0
golang.a2z.com/CredentialsFetcherV2/internal/utils/krb_utils/krb_utils.go:50.33,59.48 5 0
golang.a2z.com/CredentialsFetcherV2/internal/utils/krb_utils/krb_utils.go:59.48,61.7 1 0
golang.a2z.com/CredentialsFetcherV2/internal/utils/krb_utils/krb_utils.go:61.12,63.7 1 0
golang.a2z.com/CredentialsFetcherV2/internal/utils/krb_utils/krb_utils.go:65.6,67.39 3 0
golang.a2z.com/CredentialsFetcherV2/internal/utils/krb_utils/krb_utils.go:67.39,69.7 1 0
golang.a2z.com/CredentialsFetcherV2/internal/utils/krb_utils/krb_utils.go:70.6,75.16 4 0
golang.a2z.com/CredentialsFetcherV2/internal/utils/krb_utils/krb_utils.go:81.2,81.75 1 0
golang.a2z.com/CredentialsFetcherV2/internal/utils/krb_utils/krb_utils.go:85.61,91.29 4 0
golang.a2z.com/CredentialsFetcherV2/internal/utils/krb_utils/krb_utils.go:91.29,92.47 1 0
golang.a2z.com/CredentialsFetcherV2/internal/utils/krb_utils/krb_utils.go:92.47,96.50 2 0
golang.a2z.com/CredentialsFetcherV2/internal/utils/krb_utils/krb_utils.go:96.50,99.5 2 0
golang.a2z.com/CredentialsFetcherV2/internal/utils/krb_utils/krb_utils.go:100.4,100.12 1 0
golang.a2z.com/CredentialsFetcherV2/internal/utils/krb_utils/krb_utils.go:104.3,104.22 1 0
golang.a2z.com/CredentialsFetcherV2/internal/utils/krb_utils/krb_utils.go:104.22,106.40 1 0
golang.a2z.com/CredentialsFetcherV2/internal/utils/krb_utils/krb_utils.go:106.40,108.5 1 0
golang.a2z.com/CredentialsFetcherV2/internal/utils/krb_utils/krb_utils.go:108.10,108.52 1 0
golang.a2z.com/CredentialsFetcherV2/internal/utils/krb_utils/krb_utils.go:108.52,110.5 1 0
golang.a2z.com/CredentialsFetcherV2/internal/utils/krb_utils/krb_utils.go:110.10,110.78 1 0
golang.a2z.com/CredentialsFetcherV2/internal/utils/krb_utils/krb_utils.go:110.78,114.5 1 0
golang.a2z.com/CredentialsFetcherV2/internal/utils/krb_utils/krb_utils.go:114.10,116.38 1 0
golang.a2z.com/CredentialsFetcherV2/internal/utils/krb_utils/krb_utils.go:116.38,118.5 1 0
golang.a2z.com/CredentialsFetcherV2/internal/utils/krb_utils/krb_utils.go:123.2,123.69 1 0
golang.a2z.com/CredentialsFetcherV2/internal/utils/krb_utils/krb_utils.go:123.69,128.3 2 0
golang.a2z.com/CredentialsFetcherV2/internal/utils/krb_utils/krb_utils.go:132.57,134.22 2 0
golang.a2z.com/CredentialsFetcherV2/internal/utils/krb_utils/krb_utils.go:134.22,137.17 2 0
golang.a2z.com/CredentialsFetcherV2/internal/utils/krb_utils/krb_utils.go:137.17,140.4 1 0
golang.a2z.com/CredentialsFetcherV2/internal/utils/krb_utils/krb_utils.go:140.9,142.4 1 0
golang.a2z.com/CredentialsFetcherV2/internal/utils/krb_utils/krb_utils.go:145.3,146.17 2 0
golang.a2z.com/CredentialsFetcherV2/internal/utils/krb_utils/krb_utils.go:146.17,149.4 1 0
golang.a2z.com/CredentialsFetcherV2/internal/utils/krb_utils/krb_utils.go:149.9,151.4 1 0
golang.a2z.com/CredentialsFetcherV2/internal/utils/krb_utils/krb_utils.go:156.80,158.31 1 0
golang.a2z.com/CredentialsFetcherV2/internal/utils/krb_utils/krb_utils.go:158.31,159.47 1 0
golang.a2z.com/CredentialsFetcherV2/internal/utils/krb_utils/krb_utils.go:159.47,162.18 3 0
golang.a2z.com/CredentialsFetcherV2/internal/utils/krb_utils/krb_utils.go:162.18,165.13 2 0
golang.a2z.com/CredentialsFetcherV2/internal/utils/krb_utils/krb_utils.go:167.4,167.26 1 0
golang.a2z.com/CredentialsFetcherV2/internal/utils/krb_utils/krb_utils.go:172.2,172.49 1 0
golang.a2z.com/CredentialsFetcherV2/internal/utils/krb_utils/krb_utils.go:172.49,175.17 3 0
golang.a2z.com/CredentialsFetcherV2/internal/utils/krb_utils/krb_utils.go:175.17,179.4 2 0
golang.a2z.com/CredentialsFetcherV2/internal/utils/krb_utils/krb_utils.go:180.3,180.25 1 0
golang.a2z.com/CredentialsFetcherV2/internal/utils/krb_utils/krb_utils.go:183.2,183.56 1 0
golang.a2z.com/CredentialsFetcherV2/internal/utils/krb_utils/krb_utils.go:187.56,189.73 2 0
golang.a2z.com/CredentialsFetcherV2/internal/utils/krb_utils/krb_utils.go:189.73,191.3 1 0
golang.a2z.com/CredentialsFetcherV2/internal/utils/krb_utils/krb_utils.go:195.57,197.74 2 0
golang.a2z.com/CredentialsFetcherV2/internal/utils/krb_utils/krb_utils.go:197.74,199.3 1 0
golang.a2z.com/CredentialsFetcherV2/internal/utils/krb_utils/krb_utils.go:203.56,205.73 2 0
golang.a2z.com/CredentialsFetcherV2/internal/utils/krb_utils/krb_utils.go:205.73,207.3 1 0
golang.a2z.com/CredentialsFetcherV2/internal/utils/krb_utils/krb_utils.go:211.36,217.2 1 0
golang.a2z.com/CredentialsFetcherV2/internal/utils/krb_utils/krb_utils.go:220.62,221.51 1 0
golang.a2z.com/CredentialsFetcherV2/internal/utils/krb_utils/krb_utils.go:221.51,223.3 1 0
golang.a2z.com/CredentialsFetcherV2/internal/utils/krb_utils/krb_utils.go:225.2,225.36 1 0
golang.a2z.com/CredentialsFetcherV2/internal/utils/krb_utils/krb_utils.go:225.36,227.3 1 0
golang.a2z.com/CredentialsFetcherV2/internal/utils/krb_utils/krb_utils.go:229.2,229.12 1 0
golang.a2z.com/CredentialsFetcherV2/internal/utils/metadata_utils/metadata.go:17.60,20.84 2 0
golang.a2z.com/CredentialsFetcherV2/internal/utils/metadata_utils/metadata.go:20.84,21.17 1 0
golang.a2z.com/CredentialsFetcherV2/internal/utils/metadata_utils/metadata.go:21.17,23.4 1 0
golang.a2z.com/CredentialsFetcherV2/internal/utils/metadata_utils/metadata.go:24.3,24.66 1 0
golang.a2z.com/CredentialsFetcherV2/internal/utils/metadata_utils/metadata.go:24.66,26.4 1 0
golang.a2z.com/CredentialsFetcherV2/internal/utils/metadata_utils/metadata.go:27.3,27.13 1 0
golang.a2z.com/CredentialsFetcherV2/internal/utils/metadata_utils/metadata.go:30.2,30.16 1 0
golang.a2z.com/CredentialsFetcherV2/internal/utils/metadata_utils/metadata.go:30.16,32.3 1 0
golang.a2z.com/CredentialsFetcherV2/internal/utils/metadata_utils/metadata.go:34.2,34.27 1 0
golang.a2z.com/CredentialsFetcherV2/internal/utils/metadata_utils/metadata.go:38.69,40.16 2 0
golang.a2z.com/CredentialsFetcherV2/internal/utils/metadata_utils/metadata.go:40.16,42.3 1 0
golang.a2z.com/CredentialsFetcherV2/internal/utils/metadata_utils/metadata.go:45.2,49.99 2 0
golang.a2z.com/CredentialsFetcherV2/internal/utils/metadata_utils/metadata.go:49.99,51.53 2 0
golang.a2z.com/CredentialsFetcherV2/internal/utils/metadata_utils/metadata.go:51.53,54.55 2 0
golang.a2z.com/CredentialsFetcherV2/internal/utils/metadata_utils/metadata.go:54.55,56.5 1 0
golang.a2z.com/CredentialsFetcherV2/internal/utils/metadata_utils/metadata.go:57.4,57.62 1 0
golang.a2z.com/CredentialsFetcherV2/internal/utils/metadata_utils/metadata.go:57.62,59.5 1 0
golang.a2z.com/CredentialsFetcherV2/internal/utils/metadata_utils/metadata.go:60.4,60.53 1 0
golang.a2z.com/CredentialsFetcherV2/internal/utils/metadata_utils/metadata.go:60.53,62.5 1 0
golang.a2z.com/CredentialsFetcherV2/internal/utils/metadata_utils/metadata.go:63.4,63.57 1 0
golang.a2z.com/CredentialsFetcherV2/internal/utils/metadata_utils/metadata.go:63.57,65.5 1 0
golang.a2z.com/CredentialsFetcherV2/internal/utils/metadata_utils/metadata.go:66.4,66.60 1 0
golang.a2z.com/CredentialsFetcherV2/internal/utils/metadata_utils/metadata.go:66.60,68.5 1 0
golang.a2z.com/CredentialsFetcherV2/internal/utils/metadata_utils/metadata.go:69.4,69.55 1 0
golang.a2z.com/CredentialsFetcherV2/internal/utils/metadata_utils/metadata.go:69.55,71.5 1 0
golang.a2z.com/CredentialsFetcherV2/internal/utils/metadata_utils/metadata.go:72.4,72.56 1 0
golang.a2z.com/CredentialsFetcherV2/internal/utils/metadata_utils/metadata.go:72.56,74.5 1 0
golang.a2z.com/CredentialsFetcherV2/internal/utils/metadata_utils/metadata.go:76.3,76.22 1 0
golang.a2z.com/CredentialsFetcherV2/internal/utils/metadata_utils/metadata.go:80.2,81.55 2 0
golang.a2z.com/CredentialsFetcherV2/internal/utils/metadata_utils/metadata.go:81.55,83.3 1 0
golang.a2z.com/CredentialsFetcherV2/internal/utils/metadata_utils/metadata.go:85.2,85.21 1 0
golang.a2z.com/CredentialsFetcherV2/internal/utils/metadata_utils/metadata.go:89.102,96.51 4 0
golang.a2z.com/CredentialsFetcherV2/internal/utils/metadata_utils/metadata.go:96.51,98.3 1 0
golang.a2z.com/CredentialsFetcherV2/internal/utils/metadata_utils/metadata.go:101.2,104.44 3 0
golang.a2z.com/CredentialsFetcherV2/internal/utils/metadata_utils/metadata.go:104.44,115.37 2 0
golang.a2z.com/CredentialsFetcherV2/internal/utils/metadata_utils/metadata.go:115.37,117.4 1 0
golang.a2z.com/CredentialsFetcherV2/internal/utils/metadata_utils/metadata.go:119.3,119.60 1 0
golang.a2z.com/CredentialsFetcherV2/internal/utils/metadata_utils/metadata.go:122.2,126.16 3 0
golang.a2z.com/CredentialsFetcherV2/internal/utils/metadata_utils/metadata.go:126.16,128.3 1 0
golang.a2z.com/CredentialsFetcherV2/internal/utils/metadata_utils/metadata.go:131.2,131.63 1 0
golang.a2z.com/CredentialsFetcherV2/internal/utils/metadata_utils/metadata.go:131.63,133.3 1 0
golang.a2z.com/CredentialsFetcherV2/internal/utils/metadata_utils/metadata.go:135.2,135.12 1 0
golang.a2z.com/CredentialsFetcherV2/internal/watchdog/watchdog.go:35.39,36.25 1 0
golang.a2z.com/CredentialsFetcherV2/internal/watchdog/watchdog.go:36.25,38.3 1 0
golang.a2z.com/CredentialsFetcherV2/internal/watchdog/watchdog.go:39.2,39.30 1 0
golang.a2z.com/CredentialsFetcherV2/internal/watchdog/watchdog.go:43.39,45.16 2 0
golang.a2z.com/CredentialsFetcherV2/internal/watchdog/watchdog.go:45.16,47.3 1 0
golang.a2z.com/CredentialsFetcherV2/internal/watchdog/watchdog.go:49.2,49.19 1 0
golang.a2z.com/CredentialsFetcherV2/internal/watchdog/watchdog.go:49.19,51.3 1 0
golang.a2z.com/CredentialsFetcherV2/internal/watchdog/watchdog.go:53.2,56.8 1 0
golang.a2z.com/CredentialsFetcherV2/internal/watchdog/watchdog.go:60.30,62.16 2 0
golang.a2z.com/CredentialsFetcherV2/internal/watchdog/watchdog.go:62.16,64.3 1 0
golang.a2z.com/CredentialsFetcherV2/internal/watchdog/watchdog.go:65.2,65.11 1 0
golang.a2z.com/CredentialsFetcherV2/internal/watchdog/watchdog.go:69.53,79.6 5 0
golang.a2z.com/CredentialsFetcherV2/internal/watchdog/watchdog.go:79.6,80.10 1 0
golang.a2z.com/CredentialsFetcherV2/internal/watchdog/watchdog.go:81.21,83.14 2 0
golang.a2z.com/CredentialsFetcherV2/internal/watchdog/watchdog.go:84.19,85.37 1 0
golang.a2z.com/CredentialsFetcherV2/internal/watchdog/watchdog.go:85.37,87.5 1 0
golang.a2z.com/CredentialsFetcherV2/internal/watchdog/watchdog.go:93.35,94.83 1 0
golang.a2z.com/CredentialsFetcherV2/internal/watchdog/watchdog.go:94.83,96.3 1 0
golang.a2z.com/CredentialsFetcherV2/internal/watchdog/watchdog.go:97.2,99.12 3 0
golang.a2z.com/CredentialsFetcherV2/internal/auth/decode/utf16_decoder.go:14.53,18.26 2 0
golang.a2z.com/CredentialsFetcherV2/internal/auth/decode/utf16_decoder.go:18.26,20.3 1 0
golang.a2z.com/CredentialsFetcherV2/internal/auth/decode/utf16_decoder.go:23.2,23.28 1 0
golang.a2z.com/CredentialsFetcherV2/internal/auth/decode/utf16_decoder.go:23.28,27.3 2 0
golang.a2z.com/CredentialsFetcherV2/internal/auth/decode/utf16_decoder.go:30.2,31.39 2 0
golang.a2z.com/CredentialsFetcherV2/internal/auth/decode/utf16_decoder.go:31.39,34.3 1 0
golang.a2z.com/CredentialsFetcherV2/internal/auth/decode/utf16_decoder.go:38.2,47.20 4 0
golang.a2z.com/CredentialsFetcherV2/internal/auth/kerberos/krb_client.go:41.26,45.2 1 1
golang.a2z.com/CredentialsFetcherV2/internal/auth/kerberos/krb_client.go:48.83,55.16 4 1
golang.a2z.com/CredentialsFetcherV2/internal/auth/kerberos/krb_client.go:55.16,61.3 2 1
golang.a2z.com/CredentialsFetcherV2/internal/auth/kerberos/krb_client.go:62.2,66.16 3 1
golang.a2z.com/CredentialsFetcherV2/internal/auth/kerberos/krb_client.go:66.16,69.3 2 1
golang.a2z.com/CredentialsFetcherV2/internal/auth/kerberos/krb_client.go:71.2,76.32 2 1
golang.a2z.com/CredentialsFetcherV2/internal/auth/kerberos/krb_client.go:80.108,82.16 2 1
golang.a2z.com/CredentialsFetcherV2/internal/auth/kerberos/krb_client.go:82.16,85.3 2 1
golang.a2z.com/CredentialsFetcherV2/internal/auth/kerberos/krb_client.go:87.2,87.30 1 1
golang.a2z.com/CredentialsFetcherV2/internal/auth/kerberos/krb_client.go:87.30,90.3 2 1
golang.a2z.com/CredentialsFetcherV2/internal/auth/kerberos/krb_client.go:92.2,95.44 3 1
golang.a2z.com/CredentialsFetcherV2/internal/auth/kerberos/krb_client.go:95.44,97.17 2 1
golang.a2z.com/CredentialsFetcherV2/internal/auth/kerberos/krb_client.go:97.17,102.12 2 0
golang.a2z.com/CredentialsFetcherV2/internal/auth/kerberos/krb_client.go:105.3,106.58 2 1
golang.a2z.com/CredentialsFetcherV2/internal/auth/kerberos/krb_client.go:109.2,109.23 1 1
golang.a2z.com/CredentialsFetcherV2/internal/auth/kerberos/krb_client.go:109.23,112.3 2 0
golang.a2z.com/CredentialsFetcherV2/internal/auth/kerberos/krb_client.go:114.2,114.39 1 1
golang.a2z.com/CredentialsFetcherV2/internal/auth/kerberos/krb_client.go:118.109,120.16 2 0
golang.a2z.com/CredentialsFetcherV2/internal/auth/kerberos/krb_client.go:120.16,123.3 2 0
golang.a2z.com/CredentialsFetcherV2/internal/auth/kerberos/krb_client.go:125.2,128.45 3 0
golang.a2z.com/CredentialsFetcherV2/internal/auth/kerberos/krb_client.go:128.45,130.17 2 0
golang.a2z.com/CredentialsFetcherV2/internal/auth/kerberos/krb_client.go:130.17,132.12 2 0
golang.a2z.com/CredentialsFetcherV2/internal/auth/kerberos/krb_client.go:135.3,136.58 2 0
golang.a2z.com/CredentialsFetcherV2/internal/auth/kerberos/krb_client.go:139.2,139.26 1 0
golang.a2z.com/CredentialsFetcherV2/internal/auth/kerberos/krb_client.go:139.26,142.3 2 0
golang.a2z.com/CredentialsFetcherV2/internal/auth/kerberos/krb_client.go:144.2,144.40 1 0
golang.a2z.com/CredentialsFetcherV2/internal/auth/kerberos/krb_client.go:148.93,167.16 5 1
golang.a2z.com/CredentialsFetcherV2/internal/auth/kerberos/krb_client.go:167.16,173.3 2 1
golang.a2z.com/CredentialsFetcherV2/internal/auth/kerberos/krb_client.go:175.2,176.12 2 1
golang.a2z.com/CredentialsFetcherV2/internal/auth/kerberos/krb_client.go:180.74,190.61 3 1
golang.a2z.com/CredentialsFetcherV2/internal/auth/kerberos/krb_client.go:190.61,192.3 1 1
golang.a2z.com/CredentialsFetcherV2/internal/auth/kerberos/krb_client.go:195.2,196.16 2 1
golang.a2z.com/CredentialsFetcherV2/internal/auth/kerberos/krb_client.go:196.16,198.3 1 1
golang.a2z.com/CredentialsFetcherV2/internal/auth/kerberos/krb_client.go:201.2,201.85 1 0
golang.a2z.com/CredentialsFetcherV2/internal/auth/kerberos/krb_client.go:201.85,204.3 1 0
golang.a2z.com/CredentialsFetcherV2/internal/auth/kerberos/krb_client.go:207.2,208.16 2 0
golang.a2z.com/CredentialsFetcherV2/internal/auth/kerberos/krb_client.go:208.16,210.3 1 0
golang.a2z.com/CredentialsFetcherV2/internal/auth/kerberos/krb_client.go:213.2,213.58 1 0
golang.a2z.com/CredentialsFetcherV2/internal/auth/kerberos/krb_client.go:217.77,218.33 1 1
golang.a2z.com/CredentialsFetcherV2/internal/auth/kerberos/krb_client.go:218.33,220.3 1 1
golang.a2z.com/CredentialsFetcherV2/internal/auth/kerberos/krb_client.go:222.2,222.41 1 1
golang.a2z.com/CredentialsFetcherV2/internal/auth/kerberos/krb_client.go:222.41,224.3 1 1
golang.a2z.com/CredentialsFetcherV2/internal/auth/kerberos/krb_client.go:226.2,226.12 1 1
golang.a2z.com/CredentialsFetcherV2/internal/auth/kerberos/krb_client.go:230.100,232.16 2 1
golang.a2z.com/CredentialsFetcherV2/internal/auth/kerberos/krb_client.go:232.16,234.3 1 0
golang.a2z.com/CredentialsFetcherV2/internal/auth/kerberos/krb_client.go:236.2,237.16 2 1
golang.a2z.com/CredentialsFetcherV2/internal/auth/kerberos/krb_client.go:237.16,239.3 1 1
golang.a2z.com/CredentialsFetcherV2/internal/auth/kerberos/krb_client.go:242.2,242.73 1 1
golang.a2z.com/CredentialsFetcherV2/internal/auth/kerberos/krb_client.go:242.73,244.3 1 1
golang.a2z.com/CredentialsFetcherV2/internal/auth/kerberos/krb_client.go:246.2,246.30 1 1
golang.a2z.com/CredentialsFetcherV2/internal/auth/kerberos/krb_client.go:250.133,251.40 1 0
golang.a2z.com/CredentialsFetcherV2/internal/auth/kerberos/krb_client.go:251.40,253.3 1 0
golang.a2z.com/CredentialsFetcherV2/internal/auth/kerberos/krb_client.go:255.2,258.32 2 0
golang.a2z.com/CredentialsFetcherV2/internal/auth/kerberos/krb_client.go:258.32,260.17 2 0
golang.a2z.com/CredentialsFetcherV2/internal/auth/kerberos/krb_client.go:260.17,265.12 2 0
golang.a2z.com/CredentialsFetcherV2/internal/auth/kerberos/krb_client.go:268.3,272.13 3 0
golang.a2z.com/CredentialsFetcherV2/internal/auth/kerberos/krb_client.go:275.2,275.110 1 0
golang.a2z.com/CredentialsFetcherV2/internal/auth/kerberos/krb_client.go:279.121,283.32 2 0
golang.a2z.com/CredentialsFetcherV2/internal/auth/kerberos/krb_client.go:283.32,285.17 2 0
golang.a2z.com/CredentialsFetcherV2/internal/auth/kerberos/krb_client.go:285.17,291.12 2 0
golang.a2z.com/CredentialsFetcherV2/internal/auth/kerberos/krb_client.go:294.3,298.23 2 0
golang.a2z.com/CredentialsFetcherV2/internal/auth/kerberos/krb_client.go:301.2,301.110 1 0
golang.a2z.com/CredentialsFetcherV2/internal/auth/kerberos/krb_client.go:305.113,321.16 4 1
golang.a2z.com/CredentialsFetcherV2/internal/auth/kerberos/krb_client.go:321.16,327.3 2 1
golang.a2z.com/CredentialsFetcherV2/internal/auth/kerberos/krb_client.go:329.2,333.12 2 1
golang.a2z.com/CredentialsFetcherV2/internal/auth/kerberos/krb_client.go:337.123,355.16 4 1
golang.a2z.com/CredentialsFetcherV2/internal/auth/kerberos/krb_client.go:355.16,361.3 2 1
golang.a2z.com/CredentialsFetcherV2/internal/auth/kerberos/krb_client.go:363.2,367.12 2 1
golang.a2z.com/CredentialsFetcherV2/internal/auth/ldap/ldap_client.go:25.26,28.2 2 0
golang.a2z.com/CredentialsFetcherV2/internal/auth/ldap/ldap_client.go:38.64,42.2 1 0
golang.a2z.com/CredentialsFetcherV2/internal/auth/ldap/ldap_client.go:45.145,68.2 8 0
golang.a2z.com/CredentialsFetcherV2/internal/auth/ldap/ldap_client.go:71.158,79.16 5 0
golang.a2z.com/CredentialsFetcherV2/internal/auth/ldap/ldap_client.go:79.16,87.3 2 0
golang.a2z.com/CredentialsFetcherV2/internal/auth/ldap/ldap_client.go:88.2,90.20 2 0
golang.a2z.com/CredentialsFetcherV2/internal/auth/ldap/ldap_client.go:94.120,100.21 2 0
golang.a2z.com/CredentialsFetcherV2/internal/auth/ldap/ldap_client.go:100.21,102.3 1 0
golang.a2z.com/CredentialsFetcherV2/internal/auth/ldap/ldap_client.go:105.2,109.16 3 0
golang.a2z.com/CredentialsFetcherV2/internal/auth/ldap/ldap_client.go:109.16,112.3 2 0
golang.a2z.com/CredentialsFetcherV2/internal/auth/ldap/ldap_client.go:114.2,115.16 2 0
golang.a2z.com/CredentialsFetcherV2/internal/auth/ldap/ldap_client.go:115.16,120.3 2 0
golang.a2z.com/CredentialsFetcherV2/internal/auth/ldap/ldap_client.go:122.2,126.22 2 0
golang.a2z.com/CredentialsFetcherV2/internal/auth/ldap/ldap_client.go:130.60,135.22 2 0
golang.a2z.com/CredentialsFetcherV2/internal/auth/ldap/ldap_client.go:135.22,137.3 1 0
golang.a2z.com/CredentialsFetcherV2/internal/auth/ldap/ldap_client.go:140.2,152.29 6 0
golang.a2z.com/CredentialsFetcherV2/internal/auth/ldap/ldap_client.go:152.29,154.16 2 0
golang.a2z.com/CredentialsFetcherV2/internal/auth/ldap/ldap_client.go:154.16,159.23 2 0
golang.a2z.com/CredentialsFetcherV2/internal/auth/ldap/ldap_client.go:159.23,162.10 3 0
golang.a2z.com/CredentialsFetcherV2/internal/auth/ldap/ldap_client.go:167.2,167.20 1 0
golang.a2z.com/CredentialsFetcherV2/internal/auth/ldap/ldap_client.go:167.20,171.112 2 0
golang.a2z.com/CredentialsFetcherV2/internal/auth/ldap/ldap_client.go:171.112,173.4 1 0
golang.a2z.com/CredentialsFetcherV2/internal/auth/ldap/ldap_client.go:175.3,175.69 1 0
golang.a2z.com/CredentialsFetcherV2/internal/auth/ldap/ldap_client.go:179.2,180.16 2 0
golang.a2z.com/CredentialsFetcherV2/internal/auth/ldap/ldap_client.go:180.16,183.3 2 0
golang.a2z.com/CredentialsFetcherV2/internal/auth/ldap/ldap_client.go:185.2,185.27 1 0
golang.a2z.com/CredentialsFetcherV2/internal/auth/ldap/ldap_client.go:185.27,188.3 2 0
golang.a2z.com/CredentialsFetcherV2/internal/auth/ldap/ldap_client.go:191.2,191.65 1 0
golang.a2z.com/CredentialsFetcherV2/internal/auth/ldap/ldap_client.go:191.65,196.65 2 0
golang.a2z.com/CredentialsFetcherV2/internal/auth/ldap/ldap_client.go:196.65,198.4 1 0
golang.a2z.com/CredentialsFetcherV2/internal/auth/ldap/ldap_client.go:200.3,200.82 1 0
golang.a2z.com/CredentialsFetcherV2/internal/auth/ldap/ldap_client.go:204.2,206.72 3 0
golang.a2z.com/CredentialsFetcherV2/internal/auth/ldap/ldap_client.go:206.72,209.3 2 0
golang.a2z.com/CredentialsFetcherV2/internal/auth/ldap/ldap_client.go:212.2,212.44 1 0
golang.a2z.com/CredentialsFetcherV2/internal/auth/ldap/ldap_client.go:212.44,218.65 2 0
golang.a2z.com/CredentialsFetcherV2/internal/auth/ldap/ldap_client.go:218.65,220.4 1 0
golang.a2z.com/CredentialsFetcherV2/internal/auth/ldap/ldap_client.go:222.3,222.114 1 0
golang.a2z.com/CredentialsFetcherV2/internal/auth/ldap/ldap_client.go:226.2,226.92 1 0
golang.a2z.com/CredentialsFetcherV2/internal/auth/ldap/ldap_client.go:226.92,232.65 2 0
golang.a2z.com/CredentialsFetcherV2/internal/auth/ldap/ldap_client.go:232.65,234.4 1 0
golang.a2z.com/CredentialsFetcherV2/internal/auth/ldap/ldap_client.go:236.3,236.92 1 0
golang.a2z.com/CredentialsFetcherV2/internal/auth/ldap/ldap_client.go:240.2,242.34 3 0
golang.a2z.com/CredentialsFetcherV2/internal/auth/ldap/ldap_client.go:242.34,244.3 1 0
golang.a2z.com/CredentialsFetcherV2/internal/auth/ldap/ldap_client.go:246.2,255.16 4 0
golang.a2z.com/CredentialsFetcherV2/internal/auth/ldap/ldap_client.go:255.16,258.3 2 0
golang.a2z.com/CredentialsFetcherV2/internal/auth/ldap/ldap_client.go:261.2,265.16 2 0
golang.a2z.com/CredentialsFetcherV2/internal/auth/ldap/ldap_client.go:265.16,268.3 2 0
golang.a2z.com/CredentialsFetcherV2/internal/auth/ldap/ldap_client.go:270.2,276.26 2 0
golang.a2z.com/CredentialsFetcherV2/internal/auth/ldap/ldap_client.go:281.100,295.36 5 0
golang.a2z.com/CredentialsFetcherV2/internal/auth/ldap/ldap_client.go:295.36,302.3 2 0
golang.a2z.com/CredentialsFetcherV2/internal/auth/ldap/ldap_client.go:305.2,306.29 2 0
golang.a2z.com/CredentialsFetcherV2/internal/auth/ldap/ldap_client.go:306.29,311.3 2 0
golang.a2z.com/CredentialsFetcherV2/internal/auth/ldap/ldap_client.go:313.2,317.31 2 0
golang.a2z.com/CredentialsFetcherV2/internal/auth/ldap/ldap_client.go:321.53,325.20 3 0
golang.a2z.com/CredentialsFetcherV2/internal/auth/ldap/ldap_client.go:325.20,327.3 1 0
golang.a2z.com/CredentialsFetcherV2/internal/auth/ldap/ldap_client.go:330.2,333.18 3 0
golang.a2z.com/CredentialsFetcherV2/internal/auth/ldap/ldap_client.go:333.18,335.3 1 0
golang.a2z.com/CredentialsFetcherV2/internal/auth/ldap/ldap_client.go:338.2,338.62 1 0
golang.a2z.com/CredentialsFetcherV2/internal/grpc/server.go:48.118,65.2 4 0
golang.a2z.com/CredentialsFetcherV2/internal/grpc/server.go:68.151,75.2 2 0
golang.a2z.com/CredentialsFetcherV2/internal/grpc/server.go:78.196,82.2 3 0
golang.a2z.com/CredentialsFetcherV2/internal/grpc/server.go:85.196,90.2 2 0
golang.a2z.com/CredentialsFetcherV2/internal/grpc/server.go:93.154,99.2 2 0
golang.a2z.com/CredentialsFetcherV2/internal/grpc/server.go:102.130,104.2 1 0
golang.a2z.com/CredentialsFetcherV2/internal/grpc/server.go:107.154,113.2 2 0
golang.a2z.com/CredentialsFetcherV2/internal/grpc/server.go:116.160,121.2 2 0
golang.a2z.com/CredentialsFetcherV2/internal/grpc/server.go:124.74,129.47 2 0
golang.a2z.com/CredentialsFetcherV2/internal/grpc/server.go:129.47,130.47 1 0
golang.a2z.com/CredentialsFetcherV2/internal/grpc/server.go:130.47,132.4 1 0
golang.a2z.com/CredentialsFetcherV2/internal/grpc/server.go:135.2,136.16 2 0
golang.a2z.com/CredentialsFetcherV2/internal/grpc/server.go:136.16,138.3 1 0
golang.a2z.com/CredentialsFetcherV2/internal/grpc/server.go:140.2,144.12 3 0
golang.a2z.com/CredentialsFetcherV2/internal/grpc/server.go:144.12,146.47 2 0
golang.a2z.com/CredentialsFetcherV2/internal/grpc/server.go:146.47,148.4 1 0
golang.a2z.com/CredentialsFetcherV2/internal/grpc/server.go:152.2,157.12 3 0
golang.a2z.com/CredentialsFetcherV2/internal/grpc/server.go:161.47,163.2 1 0
golang.a2z.com/CredentialsFetcherV2/internal/grpc/api/AddNonDomainJoinedKerberosLease.go:33.196,41.2 1 0
golang.a2z.com/CredentialsFetcherV2/internal/grpc/api/AddNonDomainJoinedKerberosLease.go:44.202,48.47 2 0
golang.a2z.com/CredentialsFetcherV2/internal/grpc/api/AddNonDomainJoinedKerberosLease.go:48.47,50.3 1 0
golang.a2z.com/CredentialsFetcherV2/internal/grpc/api/AddNonDomainJoinedKerberosLease.go:53.2,54.16 2 0
golang.a2z.com/CredentialsFetcherV2/internal/grpc/api/AddNonDomainJoinedKerberosLease.go:54.16,57.3 2 0
golang.a2z.com/CredentialsFetcherV2/internal/grpc/api/AddNonDomainJoinedKerberosLease.go:60.2,61.16 2 0
golang.a2z.com/CredentialsFetcherV2/internal/grpc/api/AddNonDomainJoinedKerberosLease.go:61.16,63.3 1 0
golang.a2z.com/CredentialsFetcherV2/internal/grpc/api/AddNonDomainJoinedKerberosLease.go:66.2,67.16 2 0
golang.a2z.com/CredentialsFetcherV2/internal/grpc/api/AddNonDomainJoinedKerberosLease.go:67.16,69.3 1 0
golang.a2z.com/CredentialsFetcherV2/internal/grpc/api/AddNonDomainJoinedKerberosLease.go:72.2,72.97 1 0
golang.a2z.com/CredentialsFetcherV2/internal/grpc/api/AddNonDomainJoinedKerberosLease.go:72.97,75.51 2 0
golang.a2z.com/CredentialsFetcherV2/internal/grpc/api/AddNonDomainJoinedKerberosLease.go:75.51,76.74 1 0
golang.a2z.com/CredentialsFetcherV2/internal/grpc/api/AddNonDomainJoinedKerberosLease.go:76.74,78.5 1 0
golang.a2z.com/CredentialsFetcherV2/internal/grpc/api/AddNonDomainJoinedKerberosLease.go:80.3,80.67 1 0
golang.a2z.com/CredentialsFetcherV2/internal/grpc/api/AddNonDomainJoinedKerberosLease.go:84.2,87.8 1 0
golang.a2z.com/CredentialsFetcherV2/internal/grpc/api/AddNonDomainJoinedKerberosLease.go:91.115,93.66 1 0
golang.a2z.com/CredentialsFetcherV2/internal/grpc/api/AddNonDomainJoinedKerberosLease.go:93.66,96.3 2 0
golang.a2z.com/CredentialsFetcherV2/internal/grpc/api/AddNonDomainJoinedKerberosLease.go:99.2,99.100 1 0
golang.a2z.com/CredentialsFetcherV2/internal/grpc/api/AddNonDomainJoinedKerberosLease.go:99.100,102.3 2 0
golang.a2z.com/CredentialsFetcherV2/internal/grpc/api/AddNonDomainJoinedKerberosLease.go:105.2,105.69 1 0
golang.a2z.com/CredentialsFetcherV2/internal/grpc/api/AddNonDomainJoinedKerberosLease.go:105.69,108.3 2 0
golang.a2z.com/CredentialsFetcherV2/internal/grpc/api/AddNonDomainJoinedKerberosLease.go:111.2,111.62 1 0
golang.a2z.com/CredentialsFetcherV2/internal/grpc/api/AddNonDomainJoinedKerberosLease.go:111.62,114.3 2 0
golang.a2z.com/CredentialsFetcherV2/internal/grpc/api/AddNonDomainJoinedKerberosLease.go:116.2,116.36 1 0
golang.a2z.com/CredentialsFetcherV2/internal/grpc/api/AddNonDomainJoinedKerberosLease.go:116.36,119.3 2 0
golang.a2z.com/CredentialsFetcherV2/internal/grpc/api/AddNonDomainJoinedKerberosLease.go:121.2,121.12 1 0
golang.a2z.com/CredentialsFetcherV2/internal/grpc/api/AddNonDomainJoinedKerberosLease.go:125.161,129.55 3 0
golang.a2z.com/CredentialsFetcherV2/internal/grpc/api/AddNonDomainJoinedKerberosLease.go:129.55,132.17 2 0
golang.a2z.com/CredentialsFetcherV2/internal/grpc/api/AddNonDomainJoinedKerberosLease.go:132.17,135.4 2 0
golang.a2z.com/CredentialsFetcherV2/internal/grpc/api/AddNonDomainJoinedKerberosLease.go:138.3,150.56 3 0
golang.a2z.com/CredentialsFetcherV2/internal/grpc/api/AddNonDomainJoinedKerberosLease.go:150.56,153.4 2 0
golang.a2z.com/CredentialsFetcherV2/internal/grpc/api/AddNonDomainJoinedKerberosLease.go:153.9,155.4 1 0
golang.a2z.com/CredentialsFetcherV2/internal/grpc/api/AddNonDomainJoinedKerberosLease.go:158.2,158.28 1 0
golang.a2z.com/CredentialsFetcherV2/internal/grpc/api/AddNonDomainJoinedKerberosLease.go:162.190,167.16 3 0
golang.a2z.com/CredentialsFetcherV2/internal/grpc/api/AddNonDomainJoinedKerberosLease.go:167.16,170.3 2 0
golang.a2z.com/CredentialsFetcherV2/internal/grpc/api/AddNonDomainJoinedKerberosLease.go:172.2,172.44 1 0
golang.a2z.com/CredentialsFetcherV2/internal/grpc/api/AddNonDomainJoinedKerberosLease.go:172.44,174.17 2 0
golang.a2z.com/CredentialsFetcherV2/internal/grpc/api/AddNonDomainJoinedKerberosLease.go:174.17,176.45 1 0
golang.a2z.com/CredentialsFetcherV2/internal/grpc/api/AddNonDomainJoinedKerberosLease.go:176.45,178.5 1 0
golang.a2z.com/CredentialsFetcherV2/internal/grpc/api/AddNonDomainJoinedKerberosLease.go:179.4,179.19 1 0
golang.a2z.com/CredentialsFetcherV2/internal/grpc/api/AddNonDomainJoinedKerberosLease.go:183.3,184.17 2 0
golang.a2z.com/CredentialsFetcherV2/internal/grpc/api/AddNonDomainJoinedKerberosLease.go:184.17,187.45 2 0
golang.a2z.com/CredentialsFetcherV2/internal/grpc/api/AddNonDomainJoinedKerberosLease.go:187.45,189.5 1 0
golang.a2z.com/CredentialsFetcherV2/internal/grpc/api/AddNonDomainJoinedKerberosLease.go:190.4,190.19 1 0
golang.a2z.com/CredentialsFetcherV2/internal/grpc/api/AddNonDomainJoinedKerberosLease.go:194.3,199.17 4 0
golang.a2z.com/CredentialsFetcherV2/internal/grpc/api/AddNonDomainJoinedKerberosLease.go:199.17,203.45 3 0
golang.a2z.com/CredentialsFetcherV2/internal/grpc/api/AddNonDomainJoinedKerberosLease.go:203.45,205.5 1 0
golang.a2z.com/CredentialsFetcherV2/internal/grpc/api/AddNonDomainJoinedKerberosLease.go:206.4,206.88 1 0
golang.a2z.com/CredentialsFetcherV2/internal/grpc/api/AddNonDomainJoinedKerberosLease.go:210.3,210.65 1 0
golang.a2z.com/CredentialsFetcherV2/internal/grpc/api/AddNonDomainJoinedKerberosLease.go:213.2,213.33 1 0
golang.a2z.com/CredentialsFetcherV2/internal/grpc/api/AddNonDomainJoinedKerberosLease.go:217.115,221.56 2 0
golang.a2z.com/CredentialsFetcherV2/internal/grpc/api/AddNonDomainJoinedKerberosLease.go:221.56,223.56 2 0
golang.a2z.com/CredentialsFetcherV2/internal/grpc/api/AddNonDomainJoinedKerberosLease.go:223.56,226.4 2 0
golang.a2z.com/CredentialsFetcherV2/internal/grpc/api/AddNonDomainJoinedKerberosLease.go:227.8,229.3 1 0
golang.a2z.com/CredentialsFetcherV2/internal/grpc/api/AddNonDomainJoinedKerberosLease.go:232.2,235.57 2 0
golang.a2z.com/CredentialsFetcherV2/internal/grpc/api/AddNonDomainJoinedKerberosLease.go:235.57,237.17 2 0
golang.a2z.com/CredentialsFetcherV2/internal/grpc/api/AddNonDomainJoinedKerberosLease.go:237.17,240.4 2 0
golang.a2z.com/CredentialsFetcherV2/internal/grpc/api/AddNonDomainJoinedKerberosLease.go:241.3,244.40 2 0
golang.a2z.com/CredentialsFetcherV2/internal/grpc/api/AddNonDomainJoinedKerberosLease.go:247.2,247.26 1 0
golang.a2z.com/CredentialsFetcherV2/internal/grpc/api/AddNonDomainJoinedKerberosLease.go:251.109,254.16 2 0
golang.a2z.com/CredentialsFetcherV2/internal/grpc/api/AddNonDomainJoinedKerberosLease.go:254.16,257.3 2 0
golang.a2z.com/CredentialsFetcherV2/internal/grpc/api/AddNonDomainJoinedKerberosLease.go:259.2,259.29 1 0
golang.a2z.com/CredentialsFetcherV2/internal/grpc/api/AddNonDomainJoinedKerberosLease.go:259.29,262.17 2 0
golang.a2z.com/CredentialsFetcherV2/internal/grpc/api/AddNonDomainJoinedKerberosLease.go:262.17,265.4 2 0
golang.a2z.com/CredentialsFetcherV2/internal/grpc/api/AddNonDomainJoinedKerberosLease.go:267.3,267.21 1 0
golang.a2z.com/CredentialsFetcherV2/internal/grpc/api/AddNonDomainJoinedKerberosLease.go:267.21,270.4 2 0
golang.a2z.com/CredentialsFetcherV2/internal/grpc/api/AddNonDomainJoinedKerberosLease.go:270.9,272.4 1 0
golang.a2z.com/CredentialsFetcherV2/internal/grpc/api/AddNonDomainJoinedKerberosLease.go:275.2,275.31 1 0
golang.a2z.com/CredentialsFetcherV2/internal/grpc/api/AddNonDomainJoinedKerberosLease.go:279.53,281.70 2 0
golang.a2z.com/CredentialsFetcherV2/internal/grpc/api/AddNonDomainJoinedKerberosLease.go:281.70,284.3 2 0
golang.a2z.com/CredentialsFetcherV2/internal/grpc/api/AddNonDomainJoinedKerberosLease.go:285.2,285.12 1 0
golang.a2z.com/CredentialsFetcherV2/internal/grpc/api/HealthCheck.go:13.50,15.2 1 0
golang.a2z.com/CredentialsFetcherV2/internal/grpc/api/HealthCheck.go:18.124,26.2 2 0
golang.a2z.com/CredentialsFetcherV2/internal/logger/logger.go:28.27,29.17 1 1
golang.a2z.com/CredentialsFetcherV2/internal/logger/logger.go:29.17,31.3 1 1
golang.a2z.com/CredentialsFetcherV2/internal/logger/logger.go:32.2,32.17 1 1
golang.a2z.com/CredentialsFetcherV2/internal/logger/logger.go:36.25,41.56 2 1
golang.a2z.com/CredentialsFetcherV2/internal/logger/logger.go:41.56,42.19 1 0
golang.a2z.com/CredentialsFetcherV2/internal/logger/logger.go:43.16,44.30 1 0
golang.a2z.com/CredentialsFetcherV2/internal/logger/logger.go:45.15,46.29 1 0
golang.a2z.com/CredentialsFetcherV2/internal/logger/logger.go:47.15,48.29 1 0
golang.a2z.com/CredentialsFetcherV2/internal/logger/logger.go:49.16,50.30 1 0
golang.a2z.com/CredentialsFetcherV2/internal/logger/logger.go:54.2,59.3 2 1
golang.a2z.com/CredentialsFetcherV2/internal/logger/logger.go:62.49,64.2 1 1
golang.a2z.com/CredentialsFetcherV2/internal/logger/logger.go:66.48,68.2 1 1
golang.a2z.com/CredentialsFetcherV2/internal/logger/logger.go:70.48,72.2 1 0
golang.a2z.com/CredentialsFetcherV2/internal/logger/logger.go:74.49,76.2 1 1
golang.a2z.com/CredentialsFetcherV2/internal/utils/aws_utils/aws_utils.go:15.84,18.16 2 0
golang.a2z.com/CredentialsFetcherV2/internal/utils/aws_utils/aws_utils.go:18.16,20.3 1 0
golang.a2z.com/CredentialsFetcherV2/internal/utils/aws_utils/aws_utils.go:23.2,25.44 2 0
golang.a2z.com/CredentialsFetcherV2/internal/utils/aws_utils/aws_utils.go:30.119,38.16 3 0
golang.a2z.com/CredentialsFetcherV2/internal/utils/aws_utils/aws_utils.go:38.16,40.3 1 0
golang.a2z.com/CredentialsFetcherV2/internal/utils/aws_utils/aws_utils.go:43.2,44.81 2 0
golang.a2z.com/CredentialsFetcherV2/internal/utils/aws_utils/aws_utils.go:44.81,46.3 1 0
golang.a2z.com/CredentialsFetcherV2/internal/utils/aws_utils/aws_utils.go:48.2,48.23 1 0
golang.a2z.com/CredentialsFetcherV2/internal/utils/cmdexec/cmdexec.go:24.29,26.2 1 1
golang.a2z.com/CredentialsFetcherV2/internal/utils/cmdexec/cmdexec.go:29.104,30.19 1 0
golang.a2z.com/CredentialsFetcherV2/internal/utils/cmdexec/cmdexec.go:30.19,32.3 1 0
golang.a2z.com/CredentialsFetcherV2/internal/utils/cmdexec/cmdexec.go:34.2,41.16 5 0
golang.a2z.com/CredentialsFetcherV2/internal/utils/cmdexec/cmdexec.go:41.16,47.3 2 0
golang.a2z.com/CredentialsFetcherV2/internal/utils/cmdexec/cmdexec.go:49.2,53.20 2 0
golang.a2z.com/CredentialsFetcherV2/internal/utils/cmdexec/cmdexec.go:58.125,59.19 1 0
golang.a2z.com/CredentialsFetcherV2/internal/utils/cmdexec/cmdexec.go:59.19,61.3 1 0
golang.a2z.com/CredentialsFetcherV2/internal/utils/cmdexec/cmdexec.go:63.2,72.16 6 0
golang.a2z.com/CredentialsFetcherV2/internal/utils/cmdexec/cmdexec.go:72.16,79.3 2 0
golang.a2z.com/CredentialsFetcherV2/internal/utils/cmdexec/cmdexec.go:81.2,85.20 2 0
golang.a2z.com/CredentialsFetcherV2/internal/utils/cmdexec/cmdexec.go:89.79,92.27 2 0
golang.a2z.com/CredentialsFetcherV2/internal/utils/cmdexec/cmdexec.go:92.27,93.57 1 0
golang.a2z.com/CredentialsFetcherV2/internal/utils/cmdexec/cmdexec.go:93.57,95.4 1 0
golang.a2z.com/CredentialsFetcherV2/internal/utils/cmdexec/cmdexec.go:95.9,97.4 1 0
golang.a2z.com/CredentialsFetcherV2/internal/utils/cmdexec/cmdexec.go:100.2,102.39 3 0
golang.a2z.com/CredentialsFetcherV2/internal/utils/cmdexec/cmdexec.go:107.147,108.19 1 0
golang.a2z.com/CredentialsFetcherV2/internal/utils/cmdexec/cmdexec.go:108.19,110.3 1 0
golang.a2z.com/CredentialsFetcherV2/internal/utils/cmdexec/cmdexec.go:112.2,117.16 4 0
golang.a2z.com/CredentialsFetcherV2/internal/utils/cmdexec/cmdexec.go:117.16,119.3 1 0
golang.a2z.com/CredentialsFetcherV2/internal/utils/cmdexec/cmdexec.go:122.2,132.36 6 0
golang.a2z.com/CredentialsFetcherV2/internal/utils/cmdexec/cmdexec.go:132.36,134.3 1 0
golang.a2z.com/CredentialsFetcherV2/internal/utils/cmdexec/cmdexec.go:137.2,138.16 2 0
golang.a2z.com/CredentialsFetcherV2/internal/utils/cmdexec/cmdexec.go:138.16,140.3 1 0
golang.a2z.com/CredentialsFetcherV2/internal/utils/cmdexec/cmdexec.go:141.2,144.35 2 0
golang.a2z.com/CredentialsFetcherV2/internal/utils/cmdexec/cmdexec.go:144.35,152.3 3 0
golang.a2z.com/CredentialsFetcherV2/internal/utils/cmdexec/cmdexec.go:154.2,159.28 3 0
golang.a2z.com/CredentialsFetcherV2/internal/utils/cmdexec/cmdexec.go:164.127,165.19 1 0
golang.a2z.com/CredentialsFetcherV2/internal/utils/cmdexec/cmdexec.go:165.19,167.3 1 0
golang.a2z.com/CredentialsFetcherV2/internal/utils/cmdexec/cmdexec.go:169.2,173.16 3 0
golang.a2z.com/CredentialsFetcherV2/internal/utils/cmdexec/cmdexec.go:173.16,175.3 1 0
golang.a2z.com/CredentialsFetcherV2/internal/utils/cmdexec/cmdexec.go:178.2,187.36 6 0
golang.a2z.com/CredentialsFetcherV2/internal/utils/cmdexec/cmdexec.go:187.36,189.3 1 0
golang.a2z.com/CredentialsFetcherV2/internal/utils/cmdexec/cmdexec.go:192.2,193.16 2 0
golang.a2z.com/CredentialsFetcherV2/internal/utils/cmdexec/cmdexec.go:193.16,195.3 1 0
golang.a2z.com/CredentialsFetcherV2/internal/utils/cmdexec/cmdexec.go:196.2,199.35 2 0
golang.a2z.com/CredentialsFetcherV2/internal/utils/cmdexec/cmdexec.go:199.35,206.3 3 0
golang.a2z.com/CredentialsFetcherV2/internal/utils/cmdexec/cmdexec.go:208.2,213.28 3 0
golang.a2z.com/CredentialsFetcherV2/internal/utils/config/ecs_config.go:23.76,26.16 2 0
golang.a2z.com/CredentialsFetcherV2/internal/utils/config/ecs_config.go:26.16,29.3 2 0
golang.a2z.com/CredentialsFetcherV2/internal/utils/config/ecs_config.go:30.2,34.21 3 0
golang.a2z.com/CredentialsFetcherV2/internal/utils/config/ecs_config.go:34.21,39.22 3 0
golang.a2z.com/CredentialsFetcherV2/internal/utils/config/ecs_config.go:39.22,41.12 2 0
golang.a2z.com/CredentialsFetcherV2/internal/utils/config/ecs_config.go:45.3,49.29 3 0
golang.a2z.com/CredentialsFetcherV2/internal/utils/config/ecs_config.go:49.29,52.4 2 0
golang.a2z.com/CredentialsFetcherV2/internal/utils/config/ecs_config.go:55.2,55.38 1 0
golang.a2z.com/CredentialsFetcherV2/internal/utils/config/ecs_config.go:55.38,58.3 2 0
golang.a2z.com/CredentialsFetcherV2/internal/utils/config/ecs_config.go:60.2,61.16 2 0
golang.a2z.com/CredentialsFetcherV2/internal/utils/config/ecs_config.go:65.49,68.16 2 0
golang.a2z.com/CredentialsFetcherV2/internal/utils/config/ecs_config.go:68.16,70.3 1 0
golang.a2z.com/CredentialsFetcherV2/internal/utils/config/ecs_config.go:72.2,72.17 1 0
golang.a2z.com/CredentialsFetcherV2/internal/utils/config/ecs_config.go:72.17,74.3 1 0
golang.a2z.com/CredentialsFetcherV2/internal/utils/config/ecs_config.go:74.8,76.3 1 0
golang.a2z.com/CredentialsFetcherV2/internal/utils/config/ecs_config.go:78.2,78.19 1 0
golang.a2z.com/CredentialsFetcherV2/internal/utils/grpc_utils/grpc_utils.go:20.40,27.16 4 0
golang.a2z.com/CredentialsFetcherV2/internal/utils/grpc_utils/grpc_utils.go:27.16,29.3 1 0
golang.a2z.com/CredentialsFetcherV2/internal/utils/grpc_utils/grpc_utils.go:32.2,32.22 1 0
golang.a2z.com/CredentialsFetcherV2/internal/utils/grpc_utils/grpc_utils.go:32.22,35.3 2 0
golang.a2z.com/CredentialsFetcherV2/internal/utils/grpc_utils/grpc_utils.go:37.2,37.30 1 0
golang.a2z.com/CredentialsFetcherV2/internal/utils/grpc_utils/grpc_utils.go:41.72,44.24 2 0
golang.a2z.com/CredentialsFetcherV2/internal/utils/grpc_utils/grpc_utils.go:44.24,47.3 2 0
golang.a2z.com/CredentialsFetcherV2/internal/utils/grpc_utils/grpc_utils.go:50.2,51.16 2 0
golang.a2z.com/CredentialsFetcherV2/internal/utils/grpc_utils/grpc_utils.go:51.16,53.3 1 0
golang.a2z.com/CredentialsFetcherV2/internal/utils/grpc_utils/grpc_utils.go:56.2,57.16 2 0
golang.a2z.com/CredentialsFetcherV2/internal/utils/grpc_utils/grpc_utils.go:57.16,59.3 1 0
golang.a2z.com/CredentialsFetcherV2/internal/utils/grpc_utils/grpc_utils.go:62.2,63.16 2 0
golang.a2z.com/CredentialsFetcherV2/internal/utils/grpc_utils/grpc_utils.go:63.16,65.3 1 0
golang.a2z.com/CredentialsFetcherV2/internal/utils/grpc_utils/grpc_utils.go:68.2,68.79 1 0
golang.a2z.com/CredentialsFetcherV2/internal/utils/grpc_utils/grpc_utils.go:68.79,70.3 1 0
golang.a2z.com/CredentialsFetcherV2/internal/utils/grpc_utils/grpc_utils.go:73.2,74.16 2 0
golang.a2z.com/CredentialsFetcherV2/internal/utils/grpc_utils/grpc_utils.go:74.16,76.3 1 0
golang.a2z.com/CredentialsFetcherV2/internal/utils/grpc_utils/grpc_utils.go:78.2,82.8 1 0
golang.a2z.com/CredentialsFetcherV2/internal/utils/grpc_utils/grpc_utils.go:86.69,88.68 2 0
golang.a2z.com/CredentialsFetcherV2/internal/utils/grpc_utils/grpc_utils.go:88.68,91.3 2 0
golang.a2z.com/CredentialsFetcherV2/internal/utils/grpc_utils/grpc_utils.go:92.2,92.18 1 0
golang.a2z.com/CredentialsFetcherV2/internal/utils/grpc_utils/grpc_utils.go:96.104,100.9 3 0
golang.a2z.com/CredentialsFetcherV2/internal/utils/grpc_utils/grpc_utils.go:100.9,103.3 2 0
golang.a2z.com/CredentialsFetcherV2/internal/utils/grpc_utils/grpc_utils.go:105.2,106.29 2 0
golang.a2z.com/CredentialsFetcherV2/internal/utils/grpc_utils/grpc_utils.go:106.29,109.3 2 0
golang.a2z.com/CredentialsFetcherV2/internal/utils/grpc_utils/grpc_utils.go:111.2,111.65 1 0
golang.a2z.com/CredentialsFetcherV2/internal/utils/grpc_utils/grpc_utils.go:111.65,113.3 1 0
golang.a2z.com/CredentialsFetcherV2/internal/utils/grpc_utils/grpc_utils.go:115.2,115.37 1 0
golang.a2z.com/CredentialsFetcherV2/internal/utils/grpc_utils/grpc_utils.go:119.77,123.9 3 0
golang.a2z.com/CredentialsFetcherV2/internal/utils/grpc_utils/grpc_utils.go:123.9,126.3 2 0
golang.a2z.com/CredentialsFetcherV2/internal/utils/grpc_utils/grpc_utils.go:128.2,129.9 2 0
golang.a2z.com/CredentialsFetcherV2/internal/utils/grpc_utils/grpc_utils.go:129.9,132.3 2 0
golang.a2z.com/CredentialsFetcherV2/internal/utils/grpc_utils/grpc_utils.go:134.2,134.43 1 0
golang.a2z.com/CredentialsFetcherV2/internal/utils/grpc_utils/grpc_utils.go:134.43,137.3 2 0
golang.a2z.com/CredentialsFetcherV2/internal/utils/grpc_utils/grpc_utils.go:140.2,140.54 1 0
[...]
golang.a2z.com/CredentialsFetcherV2/internal/utils/grpc_utils/grpc_utils.go:105.2,106.29 2 0
golang.a2z.com/CredentialsFetcherV2/internal/utils/grpc_utils/grpc_utils.go:106.29,109.3 2 0
golang.a2z.com/CredentialsFetcherV2/internal/utils/grpc_utils/grpc_utils.go:111.2,111.65 1 0
golang.a2z.com/CredentialsFetcherV2/internal/utils/grpc_utils/grpc_utils.go:111.65,113.3 1 0
golang.a2z.com/CredentialsFetcherV2/internal/utils/grpc_utils/grpc_utils.go:115.2,115.37 1 0
golang.a2z.com/CredentialsFetcherV2/internal/utils/grpc_utils/grpc_utils.go:119.77,123.9 3 0
golang.a2z.com/CredentialsFetcherV2/internal/utils/grpc_utils/grpc_utils.go:123.9,126.3 2 0
golang.a2z.com/CredentialsFetcherV2/internal/utils/grpc_utils/grpc_utils.go:128.2,129.9 2 0
golang.a2z.com/CredentialsFetcherV2/internal/utils/grpc_utils/grpc_utils.go:129.9,132.3 2 0
golang.a2z.com/CredentialsFetcherV2/internal/utils/grpc_utils/grpc_utils.go:134.2,134.43 1 0
golang.a2z.com/CredentialsFetcherV2/internal/utils/grpc_utils/grpc_utils.go:134.43,137.3 2 0
golang.a2z.com/CredentialsFetcherV2/internal/utils/grpc_utils/grpc_utils.go:140.2,140.54 1 0
golang.a2z.com/CredentialsFetcherV2/internal/utils/grpc_utils/grpc_utils.go:140.54,142.10 2 0
golang.a2z.com/CredentialsFetcherV2/internal/utils/grpc_utils/grpc_utils.go:142.10,143.12 1 0
golang.a2z.com/CredentialsFetcherV2/internal/utils/grpc_utils/grpc_utils.go:146.3,146.64 1 0
golang.a2z.com/CredentialsFetcherV2/internal/utils/grpc_utils/grpc_utils.go:146.64,148.4 1 0
golang.a2z.com/CredentialsFetcherV2/internal/utils/grpc_utils/grpc_utils.go:151.2,152.81 2 0
golang.a2z.com/CredentialsFetcherV2/internal/utils/grpc_utils/grpc_utils.go:156.74,159.51 2 0
golang.a2z.com/CredentialsFetcherV2/internal/utils/grpc_utils/grpc_utils.go:159.51,162.3 2 0
golang.a2z.com/CredentialsFetcherV2/internal/utils/grpc_utils/grpc_utils.go:164.2,164.64 1 0
golang.a2z.com/CredentialsFetcherV2/internal/utils/grpc_utils/grpc_utils.go:164.64,167.3 2 0
golang.a2z.com/CredentialsFetcherV2/internal/utils/grpc_utils/grpc_utils.go:169.2,169.12 1 0
golang.a2z.com/CredentialsFetcherV2/internal/utils/grpc_utils/grpc_utils.go:173.72,177.9 3 0
golang.a2z.com/CredentialsFetcherV2/internal/utils/grpc_utils/grpc_utils.go:177.9,180.3 2 0
golang.a2z.com/CredentialsFetcherV2/internal/utils/grpc_utils/grpc_utils.go:182.2,183.9 2 0
golang.a2z.com/CredentialsFetcherV2/internal/utils/grpc_utils/grpc_utils.go:183.9,186.3 2 0
golang.a2z.com/CredentialsFetcherV2/internal/utils/grpc_utils/grpc_utils.go:188.2,189.9 2 0
golang.a2z.com/CredentialsFetcherV2/internal/utils/grpc_utils/grpc_utils.go:189.9,192.3 2 0
golang.a2z.com/CredentialsFetcherV2/internal/utils/grpc_utils/grpc_utils.go:194.2,195.9 2 0
golang.a2z.com/CredentialsFetcherV2/internal/utils/grpc_utils/grpc_utils.go:195.9,198.3 2 0
golang.a2z.com/CredentialsFetcherV2/internal/utils/grpc_utils/grpc_utils.go:200.2,200.27 1 0
golang.a2z.com/CredentialsFetcherV2/internal/utils/grpc_utils/grpc_utils.go:204.49,208.20 2 0
golang.a2z.com/CredentialsFetcherV2/internal/utils/grpc_utils/grpc_utils.go:208.20,211.3 2 0
golang.a2z.com/CredentialsFetcherV2/internal/utils/grpc_utils/grpc_utils.go:214.2,214.32 1 0
golang.a2z.com/CredentialsFetcherV2/internal/utils/grpc_utils/grpc_utils.go:214.32,215.80 1 0
golang.a2z.com/CredentialsFetcherV2/internal/utils/grpc_utils/grpc_utils.go:215.80,220.4 2 0
golang.a2z.com/CredentialsFetcherV2/internal/utils/grpc_utils/grpc_utils.go:223.2,223.12 1 0
golang.a2z.com/CredentialsFetcherV2/internal/utils/grpc_utils/grpc_utils.go:227.42,231.18 2 0
golang.a2z.com/CredentialsFetcherV2/internal/utils/grpc_utils/grpc_utils.go:231.18,234.3 2 0
golang.a2z.com/CredentialsFetcherV2/internal/utils/grpc_utils/grpc_utils.go:237.2,238.16 2 0
golang.a2z.com/CredentialsFetcherV2/internal/utils/grpc_utils/grpc_utils.go:238.16,241.3 2 0
golang.a2z.com/CredentialsFetcherV2/internal/utils/grpc_utils/grpc_utils.go:243.2,243.48 1 0
golang.a2z.com/CredentialsFetcherV2/internal/utils/grpc_utils/grpc_utils.go:243.48,246.3 2 0
golang.a2z.com/CredentialsFetcherV2/internal/utils/grpc_utils/grpc_utils.go:248.2,248.12 1 0
golang.a2z.com/CredentialsFetcherV2/internal/utils/grpc_utils/grpc_utils.go:252.72,255.49 2 0
golang.a2z.com/CredentialsFetcherV2/internal/utils/grpc_utils/grpc_utils.go:255.49,260.3 2 0
golang.a2z.com/CredentialsFetcherV2/internal/utils/grpc_utils/grpc_utils.go:262.2,262.49 1 0
golang.a2z.com/CredentialsFetcherV2/internal/utils/grpc_utils/grpc_utils.go:262.49,267.3 2 0
golang.a2z.com/CredentialsFetcherV2/internal/utils/grpc_utils/grpc_utils.go:269.2,269.45 1 0
golang.a2z.com/CredentialsFetcherV2/internal/utils/grpc_utils/grpc_utils.go:269.45,274.3 2 0
golang.a2z.com/CredentialsFetcherV2/internal/utils/grpc_utils/grpc_utils.go:276.2,276.12 1 0
golang.a2z.com/CredentialsFetcherV2/internal/utils/grpc_utils/grpc_utils.go:282.60,287.16 3 0
golang.a2z.com/CredentialsFetcherV2/internal/utils/grpc_utils/grpc_utils.go:287.16,290.3 2 0
golang.a2z.com/CredentialsFetcherV2/internal/utils/grpc_utils/grpc_utils.go:293.2,294.51 2 0
golang.a2z.com/CredentialsFetcherV2/internal/utils/grpc_utils/grpc_utils.go:294.51,295.35 1 0
golang.a2z.com/CredentialsFetcherV2/internal/utils/grpc_utils/grpc_utils.go:295.35,297.4 1 0
golang.a2z.com/CredentialsFetcherV2/internal/utils/grpc_utils/grpc_utils.go:301.2,301.29 1 0
golang.a2z.com/CredentialsFetcherV2/internal/utils/grpc_utils/grpc_utils.go:301.29,302.58 1 0
golang.a2z.com/CredentialsFetcherV2/internal/utils/grpc_utils/grpc_utils.go:302.58,303.36 1 0
golang.a2z.com/CredentialsFetcherV2/internal/utils/grpc_utils/grpc_utils.go:303.36,305.5 1 0
golang.a2z.com/CredentialsFetcherV2/internal/utils/grpc_utils/grpc_utils.go:309.2,309.31 1 0
golang.a2z.com/CredentialsFetcherV2/internal/utils/grpc_utils/grpc_utils.go:314.61,315.22 1 0
golang.a2z.com/CredentialsFetcherV2/internal/utils/grpc_utils/grpc_utils.go:315.22,317.3 1 0
golang.a2z.com/CredentialsFetcherV2/internal/utils/grpc_utils/grpc_utils.go:320.2,324.29 3 0
golang.a2z.com/CredentialsFetcherV2/internal/utils/grpc_utils/grpc_utils.go:324.29,326.23 2 0
golang.a2z.com/CredentialsFetcherV2/internal/utils/grpc_utils/grpc_utils.go:326.23,328.4 1 0
golang.a2z.com/CredentialsFetcherV2/internal/utils/grpc_utils/grpc_utils.go:331.2,331.29 1 0
golang.a2z.com/CredentialsFetcherV2/internal/utils/grpc_utils/grpc_utils.go:337.55,343.16 4 0
golang.a2z.com/CredentialsFetcherV2/internal/utils/grpc_utils/grpc_utils.go:343.16,346.3 1 0
golang.a2z.com/CredentialsFetcherV2/internal/utils/grpc_utils/grpc_utils.go:348.2,349.26 2 0
golang.a2z.com/CredentialsFetcherV2/internal/utils/grpc_utils/grpc_utils.go:349.26,353.17 3 0
golang.a2z.com/CredentialsFetcherV2/internal/utils/grpc_utils/grpc_utils.go:353.17,356.4 2 0
golang.a2z.com/CredentialsFetcherV2/internal/utils/grpc_utils/grpc_utils.go:359.3,359.33 1 0
golang.a2z.com/CredentialsFetcherV2/internal/utils/grpc_utils/grpc_utils.go:359.33,361.4 1 0
golang.a2z.com/CredentialsFetcherV2/internal/utils/grpc_utils/grpc_utils.go:362.8,365.3 1 0
golang.a2z.com/CredentialsFetcherV2/internal/utils/grpc_utils/grpc_utils.go:367.2,367.22 1 0
golang.a2z.com/CredentialsFetcherV2/internal/utils/grpc_utils/grpc_utils.go:372.52,381.35 6 0
golang.a2z.com/CredentialsFetcherV2/internal/utils/grpc_utils/grpc_utils.go:381.35,386.30 3 0
golang.a2z.com/CredentialsFetcherV2/internal/utils/grpc_utils/grpc_utils.go:386.30,387.42 1 0
golang.a2z.com/CredentialsFetcherV2/internal/utils/grpc_utils/grpc_utils.go:387.42,390.5 2 0
golang.a2z.com/CredentialsFetcherV2/internal/utils/grpc_utils/grpc_utils.go:394.3,395.21 2 0
golang.a2z.com/CredentialsFetcherV2/internal/utils/grpc_utils/grpc_utils.go:395.21,397.4 1 0
golang.a2z.com/CredentialsFetcherV2/internal/utils/grpc_utils/grpc_utils.go:401.2,404.35 3 0
golang.a2z.com/CredentialsFetcherV2/internal/utils/grpc_utils/grpc_utils.go:404.35,407.21 2 0
golang.a2z.com/CredentialsFetcherV2/internal/utils/grpc_utils/grpc_utils.go:407.21,409.4 1 0
golang.a2z.com/CredentialsFetcherV2/internal/utils/grpc_utils/grpc_utils.go:410.8,410.23 1 0
golang.a2z.com/CredentialsFetcherV2/internal/utils/grpc_utils/grpc_utils.go:410.23,413.3 2 0
golang.a2z.com/CredentialsFetcherV2/internal/utils/grpc_utils/grpc_utils.go:416.2,417.24 2 0
golang.a2z.com/CredentialsFetcherV2/internal/utils/grpc_utils/grpc_utils.go:421.51,427.29 3 0
golang.a2z.com/CredentialsFetcherV2/internal/utils/grpc_utils/grpc_utils.go:427.29,429.17 2 0
golang.a2z.com/CredentialsFetcherV2/internal/utils/grpc_utils/grpc_utils.go:429.17,430.12 1 0
golang.a2z.com/CredentialsFetcherV2/internal/utils/grpc_utils/grpc_utils.go:434.3,435.22 2 0
golang.a2z.com/CredentialsFetcherV2/internal/utils/grpc_utils/grpc_utils.go:435.22,439.36 2 0
golang.a2z.com/CredentialsFetcherV2/internal/utils/grpc_utils/grpc_utils.go:439.36,441.5 1 0
golang.a2z.com/CredentialsFetcherV2/internal/utils/grpc_utils/grpc_utils.go:443.4,443.31 1 0
golang.a2z.com/CredentialsFetcherV2/internal/utils/grpc_utils/grpc_utils.go:447.2,447.14 1 0
golang.a2z.com/CredentialsFetcherV2/internal/utils/krb_utils/krb_utils.go:17.93,28.70 4 0
golang.a2z.com/CredentialsFetcherV2/internal/utils/krb_utils/krb_utils.go:28.70,30.3 1 0
golang.a2z.com/CredentialsFetcherV2/internal/utils/krb_utils/krb_utils.go:32.2,34.53 2 0
golang.a2z.com/CredentialsFetcherV2/internal/utils/krb_utils/krb_utils.go:34.53,36.3 1 0
golang.a2z.com/CredentialsFetcherV2/internal/utils/krb_utils/krb_utils.go:38.2,38.32 1 0
golang.a2z.com/CredentialsFetcherV2/internal/utils/krb_utils/krb_utils.go:42.99,43.29 1 0
golang.a2z.com/CredentialsFetcherV2/internal/utils/krb_utils/krb_utils.go:43.29,44.51 1 0
golang.a2z.com/CredentialsFetcherV2/internal/utils/krb_utils/krb_utils.go:44.51,47.23 2 0
golang.a2z.com/CredentialsFetcherV2/internal/utils/krb_utils/krb_utils.go:47.23,50.33 3 0
golang.a2z.com/CredentialsFetcherV2/internal/utils/krb_utils/krb_utils.go:50.33,59.48 5 0
golang.a2z.com/CredentialsFetcherV2/internal/utils/krb_utils/krb_utils.go:59.48,61.7 1 0
golang.a2z.com/CredentialsFetcherV2/internal/utils/krb_utils/krb_utils.go:61.12,63.7 1 0
golang.a2z.com/CredentialsFetcherV2/internal/utils/krb_utils/krb_utils.go:65.6,67.39 3 0
golang.a2z.com/CredentialsFetcherV2/internal/utils/krb_utils/krb_utils.go:67.39,69.7 1 0
golang.a2z.com/CredentialsFetcherV2/internal/utils/krb_utils/krb_utils.go:70.6,75.16 4 0
golang.a2z.com/CredentialsFetcherV2/internal/utils/krb_utils/krb_utils.go:81.2,81.75 1 0
golang.a2z.com/CredentialsFetcherV2/internal/utils/krb_utils/krb_utils.go:85.61,91.29 4 0
golang.a2z.com/CredentialsFetcherV2/internal/utils/krb_utils/krb_utils.go:91.29,92.47 1 0
golang.a2z.com/CredentialsFetcherV2/internal/utils/krb_utils/krb_utils.go:92.47,96.50 2 0
golang.a2z.com/CredentialsFetcherV2/internal/utils/krb_utils/krb_utils.go:96.50,99.5 2 0
golang.a2z.com/CredentialsFetcherV2/internal/utils/krb_utils/krb_utils.go:100.4,100.12 1 0
golang.a2z.com/CredentialsFetcherV2/internal/utils/krb_utils/krb_utils.go:104.3,104.22 1 0
golang.a2z.com/CredentialsFetcherV2/internal/utils/krb_utils/krb_utils.go:104.22,106.40 1 0
golang.a2z.com/CredentialsFetcherV2/internal/utils/krb_utils/krb_utils.go:106.40,108.5 1 0
golang.a2z.com/CredentialsFetcherV2/internal/utils/krb_utils/krb_utils.go:108.10,108.52 1 0
golang.a2z.com/CredentialsFetcherV2/internal/utils/krb_utils/krb_utils.go:108.52,110.5 1 0
golang.a2z.com/CredentialsFetcherV2/internal/utils/krb_utils/krb_utils.go:110.10,110.78 1 0
golang.a2z.com/CredentialsFetcherV2/internal/utils/krb_utils/krb_utils.go:110.78,114.5 1 0
golang.a2z.com/CredentialsFetcherV2/internal/utils/krb_utils/krb_utils.go:114.10,116.38 1 0
golang.a2z.com/CredentialsFetcherV2/internal/utils/krb_utils/krb_utils.go:116.38,118.5 1 0
golang.a2z.com/CredentialsFetcherV2/internal/utils/krb_utils/krb_utils.go:123.2,123.69 1 0
golang.a2z.com/CredentialsFetcherV2/internal/utils/krb_utils/krb_utils.go:123.69,128.3 2 0
golang.a2z.com/CredentialsFetcherV2/internal/utils/krb_utils/krb_utils.go:132.57,134.22 2 0
golang.a2z.com/CredentialsFetcherV2/internal/utils/krb_utils/krb_utils.go:134.22,137.17 2 0
golang.a2z.com/CredentialsFetcherV2/internal/utils/krb_utils/krb_utils.go:137.17,140.4 1 0
golang.a2z.com/CredentialsFetcherV2/internal/utils/krb_utils/krb_utils.go:140.9,142.4 1 0
golang.a2z.com/CredentialsFetcherV2/internal/utils/krb_utils/krb_utils.go:145.3,146.17 2 0
golang.a2z.com/CredentialsFetcherV2/internal/utils/krb_utils/krb_utils.go:146.17,149.4 1 0
golang.a2z.com/CredentialsFetcherV2/internal/utils/krb_utils/krb_utils.go:149.9,151.4 1 0
golang.a2z.com/CredentialsFetcherV2/internal/utils/krb_utils/krb_utils.go:156.80,158.31 1 0
golang.a2z.com/CredentialsFetcherV2/internal/utils/krb_utils/krb_utils.go:158.31,159.47 1 0
golang.a2z.com/CredentialsFetcherV2/internal/utils/krb_utils/krb_utils.go:159.47,162.18 3 0
golang.a2z.com/CredentialsFetcherV2/internal/utils/krb_utils/krb_utils.go:162.18,165.13 2 0
golang.a2z.com/CredentialsFetcherV2/internal/utils/krb_utils/krb_utils.go:167.4,167.26 1 0
golang.a2z.com/CredentialsFetcherV2/internal/utils/krb_utils/krb_utils.go:172.2,172.49 1 0
golang.a2z.com/CredentialsFetcherV2/internal/utils/krb_utils/krb_utils.go:172.49,175.17 3 0
golang.a2z.com/CredentialsFetcherV2/internal/utils/krb_utils/krb_utils.go:175.17,179.4 2 0
golang.a2z.com/CredentialsFetcherV2/internal/utils/krb_utils/krb_utils.go:180.3,180.25 1 0
golang.a2z.com/CredentialsFetcherV2/internal/utils/krb_utils/krb_utils.go:183.2,183.56 1 0
golang.a2z.com/CredentialsFetcherV2/internal/utils/krb_utils/krb_utils.go:187.56,189.73 2 0
golang.a2z.com/CredentialsFetcherV2/internal/utils/krb_utils/krb_utils.go:189.73,191.3 1 0
golang.a2z.com/CredentialsFetcherV2/internal/utils/krb_utils/krb_utils.go:195.57,197.74 2 0
golang.a2z.com/CredentialsFetcherV2/internal/utils/krb_utils/krb_utils.go:197.74,199.3 1 0
golang.a2z.com/CredentialsFetcherV2/internal/utils/krb_utils/krb_utils.go:203.56,205.73 2 0
golang.a2z.com/CredentialsFetcherV2/internal/utils/krb_utils/krb_utils.go:205.73,207.3 1 0
golang.a2z.com/CredentialsFetcherV2/internal/utils/krb_utils/krb_utils.go:211.36,217.2 1 0
golang.a2z.com/CredentialsFetcherV2/internal/utils/krb_utils/krb_utils.go:220.62,221.51 1 0
golang.a2z.com/CredentialsFetcherV2/internal/utils/krb_utils/krb_utils.go:221.51,223.3 1 0
golang.a2z.com/CredentialsFetcherV2/internal/utils/krb_utils/krb_utils.go:225.2,225.36 1 0
golang.a2z.com/CredentialsFetcherV2/internal/utils/krb_utils/krb_utils.go:225.36,227.3 1 0
golang.a2z.com/CredentialsFetcherV2/internal/utils/krb_utils/krb_utils.go:229.2,229.12 1 0
golang.a2z.com/CredentialsFetcherV2/internal/utils/metadata_utils/metadata.go:17.60,20.84 2 0
golang.a2z.com/CredentialsFetcherV2/internal/utils/metadata_utils/metadata.go:20.84,21.17 1 0
golang.a2z.com/CredentialsFetcherV2/internal/utils/metadata_utils/metadata.go:21.17,23.4 1 0
golang.a2z.com/CredentialsFetcherV2/internal/utils/metadata_utils/metadata.go:24.3,24.66 1 0
golang.a2z.com/CredentialsFetcherV2/internal/utils/metadata_utils/metadata.go:24.66,26.4 1 0
golang.a2z.com/CredentialsFetcherV2/internal/utils/metadata_utils/metadata.go:27.3,27.13 1 0
golang.a2z.com/CredentialsFetcherV2/internal/utils/metadata_utils/metadata.go:30.2,30.16 1 0
golang.a2z.com/CredentialsFetcherV2/internal/utils/metadata_utils/metadata.go:30.16,32.3 1 0
golang.a2z.com/CredentialsFetcherV2/internal/utils/metadata_utils/metadata.go:34.2,34.27 1 0
golang.a2z.com/CredentialsFetcherV2/internal/utils/metadata_utils/metadata.go:38.69,40.16 2 0
golang.a2z.com/CredentialsFetcherV2/internal/utils/metadata_utils/metadata.go:40.16,42.3 1 0
golang.a2z.com/CredentialsFetcherV2/internal/utils/metadata_utils/metadata.go:45.2,49.99 2 0
golang.a2z.com/CredentialsFetcherV2/internal/utils/metadata_utils/metadata.go:49.99,51.53 2 0
golang.a2z.com/CredentialsFetcherV2/internal/utils/metadata_utils/metadata.go:51.53,54.55 2 0
golang.a2z.com/CredentialsFetcherV2/internal/utils/metadata_utils/metadata.go:54.55,56.5 1 0
golang.a2z.com/CredentialsFetcherV2/internal/utils/metadata_utils/metadata.go:57.4,57.62 1 0
golang.a2z.com/CredentialsFetcherV2/internal/utils/metadata_utils/metadata.go:57.62,59.5 1 0
golang.a2z.com/CredentialsFetcherV2/internal/utils/metadata_utils/metadata.go:60.4,60.53 1 0
golang.a2z.com/CredentialsFetcherV2/internal/utils/metadata_utils/metadata.go:60.53,62.5 1 0
golang.a2z.com/CredentialsFetcherV2/internal/utils/metadata_utils/metadata.go:63.4,63.57 1 0
golang.a2z.com/CredentialsFetcherV2/internal/utils/metadata_utils/metadata.go:63.57,65.5 1 0
golang.a2z.com/CredentialsFetcherV2/internal/utils/metadata_utils/metadata.go:66.4,66.60 1 0
golang.a2z.com/CredentialsFetcherV2/internal/utils/metadata_utils/metadata.go:66.60,68.5 1 0
golang.a2z.com/CredentialsFetcherV2/internal/utils/metadata_utils/metadata.go:69.4,69.55 1 0
golang.a2z.com/CredentialsFetcherV2/internal/utils/metadata_utils/metadata.go:69.55,71.5 1 0
golang.a2z.com/CredentialsFetcherV2/internal/utils/metadata_utils/metadata.go:72.4,72.56 1 0
golang.a2z.com/CredentialsFetcherV2/internal/utils/metadata_utils/metadata.go:72.56,74.5 1 0
golang.a2z.com/CredentialsFetcherV2/internal/utils/metadata_utils/metadata.go:76.3,76.22 1 0
golang.a2z.com/CredentialsFetcherV2/internal/utils/metadata_utils/metadata.go:80.2,81.55 2 0
golang.a2z.com/CredentialsFetcherV2/internal/utils/metadata_utils/metadata.go:81.55,83.3 1 0
golang.a2z.com/CredentialsFetcherV2/internal/utils/metadata_utils/metadata.go:85.2,85.21 1 0
golang.a2z.com/CredentialsFetcherV2/internal/utils/metadata_utils/metadata.go:89.102,96.51 4 0
golang.a2z.com/CredentialsFetcherV2/internal/utils/metadata_utils/metadata.go:96.51,98.3 1 0
golang.a2z.com/CredentialsFetcherV2/internal/utils/metadata_utils/metadata.go:101.2,104.44 3 0
golang.a2z.com/CredentialsFetcherV2/internal/utils/metadata_utils/metadata.go:104.44,115.37 2 0
golang.a2z.com/CredentialsFetcherV2/internal/utils/metadata_utils/metadata.go:115.37,117.4 1 0
golang.a2z.com/CredentialsFetcherV2/internal/utils/metadata_utils/metadata.go:119.3,119.60 1 0
golang.a2z.com/CredentialsFetcherV2/internal/utils/metadata_utils/metadata.go:122.2,126.16 3 0
golang.a2z.com/CredentialsFetcherV2/internal/utils/metadata_utils/metadata.go:126.16,128.3 1 0
golang.a2z.com/CredentialsFetcherV2/internal/utils/metadata_utils/metadata.go:131.2,131.63 1 0
golang.a2z.com/CredentialsFetcherV2/internal/utils/metadata_utils/metadata.go:131.63,133.3 1 0
golang.a2z.com/CredentialsFetcherV2/internal/utils/metadata_utils/metadata.go:135.2,135.12 1 0
golang.a2z.com/CredentialsFetcherV2/internal/watchdog/watchdog.go:35.39,36.25 1 1
golang.a2z.com/CredentialsFetcherV2/internal/watchdog/watchdog.go:36.25,38.3 1 1
golang.a2z.com/CredentialsFetcherV2/internal/watchdog/watchdog.go:39.2,39.30 1 1
golang.a2z.com/CredentialsFetcherV2/internal/watchdog/watchdog.go:43.39,45.16 2 1
golang.a2z.com/CredentialsFetcherV2/internal/watchdog/watchdog.go:45.16,47.3 1 0
golang.a2z.com/CredentialsFetcherV2/internal/watchdog/watchdog.go:49.2,49.19 1 1
golang.a2z.com/CredentialsFetcherV2/internal/watchdog/watchdog.go:49.19,51.3 1 1
golang.a2z.com/CredentialsFetcherV2/internal/watchdog/watchdog.go:53.2,56.8 1 1
golang.a2z.com/CredentialsFetcherV2/internal/watchdog/watchdog.go:60.30,62.16 2 1
golang.a2z.com/CredentialsFetcherV2/internal/watchdog/watchdog.go:62.16,64.3 1 0
golang.a2z.com/CredentialsFetcherV2/internal/watchdog/watchdog.go:65.2,65.11 1 1
golang.a2z.com/CredentialsFetcherV2/internal/watchdog/watchdog.go:69.53,79.6 5 1
golang.a2z.com/CredentialsFetcherV2/internal/watchdog/watchdog.go:79.6,80.10 1 1
golang.a2z.com/CredentialsFetcherV2/internal/watchdog/watchdog.go:81.21,83.14 2 1
golang.a2z.com/CredentialsFetcherV2/internal/watchdog/watchdog.go:84.19,85.37 1 1
golang.a2z.com/CredentialsFetcherV2/internal/watchdog/watchdog.go:85.37,87.5 1 1
golang.a2z.com/CredentialsFetcherV2/internal/watchdog/watchdog.go:93.35,94.83 1 1
golang.a2z.com/CredentialsFetcherV2/internal/watchdog/watchdog.go:94.83,96.3 1 1
golang.a2z.com/CredentialsFetcherV2/internal/watchdog/watchdog.go:97.2,99.12 3 0
